<?xml version="1.0" encoding="utf-8"?><testsuites><testsuite name="pytest" errors="0" failures="0" skipped="0" tests="5" time="0.191" timestamp="2026-08-19T00:47:42.147540-04:00" hostname="2752b08dd0fd"><testcase classname="tests.test_file_management_runner_contract" name="test_runner_is_scoped_and_emits_safe_reports" time="0.158" /><testcase classname="tests.test_file_management_runner_contract" name="test_layer_manifest_is_complete_and_references_exact_test_modules" time="0.002" /><testcase classname="tests.test_file_management_runner_contract" name="test_documentation_defines_layers_fixture_policy_reports_and_boundary" time="0.001" /><testcase classname="tests.test_file_management_runner_contract" name="test_operation_matrix_covers_required_operations_and_paths" time="0.001" /><testcase classname="tests.test_file_management_runner_contract" name="test_makefile_exposes_canonical_runner_targets" time="0.001" /></testsuite></testsuites>