<?xml version="1.0" encoding="utf-8"?><testsuites><testsuite name="pytest" errors="0" failures="0" skipped="0" tests="637" time="120.619" timestamp="2026-08-19T00:41:13.283976-04:00" hostname="2752b08dd0fd"><testcase classname="apps.documents.tests.test_admin.DocumentAdminStorageKeyTests" name="test_storage_key_not_in_any_fieldset" time="102.317" /><testcase classname="apps.documents.tests.test_admin.DocumentAdminStorageKeyTests" name="test_storage_key_not_in_list_display" time="0.004" /><testcase classname="apps.documents.tests.test_admin.DocumentAdminStorageKeyTests" name="test_storage_key_not_in_list_filter" time="0.003" /><testcase classname="apps.documents.tests.test_admin.DocumentAdminStorageKeyTests" name="test_storage_key_not_in_readonly_fields" time="0.003" /><testcase classname="apps.documents.tests.test_admin.DocumentAdminStorageKeyTests" name="test_storage_key_not_in_search_fields" time="0.003" /><testcase classname="apps.documents.tests.test_admin.DocumentAdminOriginalFilenameTests" name="test_original_filename_in_readonly_fields_for_detail" time="0.004" /><testcase classname="apps.documents.tests.test_admin.DocumentAdminOriginalFilenameTests" name="test_original_filename_not_in_list_display" time="0.003" /><testcase classname="apps.documents.tests.test_admin.DocumentAdminOriginalFilenameTests" name="test_original_filename_not_in_search_fields" time="0.003" /><testcase classname="apps.documents.tests.test_admin.DocumentAdminPermissionTests" name="test_has_add_permission_false" time="0.027" /><testcase classname="apps.documents.tests.test_admin.DocumentAdminPermissionTests" name="test_has_change_permission_false_with_obj" time="0.013" /><testcase classname="apps.documents.tests.test_admin.DocumentAdminPermissionTests" name="test_has_change_permission_false_without_obj" time="0.007" /><testcase classname="apps.documents.tests.test_admin.DocumentAdminPermissionTests" name="test_has_delete_permission_false_with_obj" time="0.011" /><testcase classname="apps.documents.tests.test_admin.DocumentAdminPermissionTests" name="test_has_delete_permission_false_without_obj" time="0.007" /><testcase classname="apps.documents.tests.test_admin.DocumentAdminPermissionTests" name="test_read_only_even_for_superuser" time="0.007" /><testcase classname="apps.documents.tests.test_admin.DocumentAdminListDisplayTests" name="test_list_display_has_scan_status_badge" time="0.004" /><testcase classname="apps.documents.tests.test_admin.DocumentAdminListDisplayTests" name="test_list_display_uses_uploaded_by_id_not_email" time="0.003" /><testcase classname="apps.documents.tests.test_admin.DocumentAdminListDisplayTests" name="test_scan_engine_result_not_in_list_display" time="0.004" /><testcase classname="apps.documents.tests.test_admin.DocumentAdminFieldsetTests" name="test_legal_hold_related_fields_in_fieldset" time="0.004" /><testcase classname="apps.documents.tests.test_admin.DocumentAdminFieldsetTests" name="test_no_storage_key_in_any_fieldset" time="0.003" /><testcase classname="apps.documents.tests.test_admin.DocumentAdminFieldsetTests" name="test_scan_engine_result_in_fieldset_for_detail" time="0.004" /><testcase classname="apps.documents.tests.test_admin.DocumentCategoryAdminPermissionTests" name="test_has_delete_permission_false" time="0.007" /><testcase classname="apps.documents.tests.test_admin.DocumentCategoryAdminPermissionTests" name="test_has_delete_permission_false_with_obj" time="0.008" /><testcase classname="apps.documents.tests.test_admin.DocumentAccessTokenAdminPermissionTests" name="test_has_add_permission_false" time="0.010" /><testcase classname="apps.documents.tests.test_admin.DocumentAccessTokenAdminPermissionTests" name="test_has_change_permission_false" time="0.008" /><testcase classname="apps.documents.tests.test_admin.DocumentAccessTokenAdminPermissionTests" name="test_has_delete_permission_false" time="0.008" /><testcase classname="apps.documents.tests.test_admin.DocumentAttachmentAdminPermissionTests" name="test_has_add_permission_false" time="0.008" /><testcase classname="apps.documents.tests.test_admin.DocumentAttachmentAdminPermissionTests" name="test_has_change_permission_false" time="0.007" /><testcase classname="apps.documents.tests.test_admin.DocumentAttachmentAdminPermissionTests" name="test_has_delete_permission_false" time="0.007" /><testcase classname="apps.documents.tests.test_admin.AdminRegistrationTests" name="test_document_admin_class" time="0.004" /><testcase classname="apps.documents.tests.test_admin.AdminRegistrationTests" name="test_document_category_admin_class" time="0.003" /><testcase classname="apps.documents.tests.test_admin.AdminRegistrationTests" name="test_document_category_registered" time="0.003" /><testcase classname="apps.documents.tests.test_admin.AdminRegistrationTests" name="test_document_registered" time="0.003" /><testcase classname="apps.documents.tests.test_api.DocumentRequestUploadAPITests" name="test_201_response_contains_required_fields" time="2.306" /><testcase classname="apps.documents.tests.test_api.DocumentRequestUploadAPITests" name="test_201_success" time="0.019" /><testcase classname="apps.documents.tests.test_api.DocumentRequestUploadAPITests" name="test_400_missing_required_fields" time="0.015" /><testcase classname="apps.documents.tests.test_api.DocumentRequestUploadAPITests" name="test_400_size_bytes_too_large" time="0.017" /><testcase classname="apps.documents.tests.test_api.DocumentRequestUploadAPITests" name="test_400_unknown_category_slug" time="0.016" /><testcase classname="apps.documents.tests.test_api.DocumentRequestUploadAPITests" name="test_401_unauthenticated" time="0.009" /><testcase classname="apps.documents.tests.test_api.DocumentRequestUploadAPITests" name="test_403_service_permission_denied" time="0.016" /><testcase classname="apps.documents.tests.test_api.DocumentRequestUploadAPITests" name="test_s1_storage_key_absent_from_201_response" time="0.017" /><testcase classname="apps.documents.tests.test_api.DocumentConfirmUploadAPITests" name="test_200_success_scan_status_scanning" time="0.017" /><testcase classname="apps.documents.tests.test_api.DocumentConfirmUploadAPITests" name="test_400_service_validation_error" time="0.011" /><testcase classname="apps.documents.tests.test_api.DocumentConfirmUploadAPITests" name="test_401_unauthenticated" time="0.008" /><testcase classname="apps.documents.tests.test_api.DocumentConfirmUploadAPITests" name="test_404_idor_wrong_owner" time="0.022" /><testcase classname="apps.documents.tests.test_api.DocumentConfirmUploadAPITests" name="test_404_nonexistent_doc" time="0.018" /><testcase classname="apps.documents.tests.test_api.DocumentDetailAPITests" name="test_200_returns_all_spec_fields" time="0.028" /><testcase classname="apps.documents.tests.test_api.DocumentDetailAPITests" name="test_404_not_found" time="0.025" /><testcase classname="apps.documents.tests.test_api.DocumentDetailAPITests" name="test_404_not_found_does_not_write_access_denied_audit_event" time="0.025" /><testcase classname="apps.documents.tests.test_api.DocumentDetailAPITests" name="test_a5_401_unauthenticated" time="0.010" /><testcase classname="apps.documents.tests.test_api.DocumentDetailAPITests" name="test_s1_storage_key_absent_from_response" time="0.023" /><testcase classname="apps.documents.tests.test_api.DocumentDetailAPITests" name="test_s2_scan_engine_result_hidden_from_citizen" time="0.024" /><testcase classname="apps.documents.tests.test_api.DocumentDetailAPITests" name="test_s2_scan_engine_result_shown_to_quarantine_staff" time="0.032" /><testcase classname="apps.documents.tests.test_api.DocumentDetailAPITests" name="test_s3_uploaded_by_id_is_pk_not_email" time="0.023" /><testcase classname="apps.documents.tests.test_api.DocumentDetailAPITests" name="test_s4_404_wrong_owner_idor" time="0.030" /><testcase classname="apps.documents.tests.test_api.DocumentDetailAPITests" name="test_s4_404_wrong_owner_writes_access_denied_audit_event" time="0.031" /><testcase classname="apps.documents.tests.test_api.DocumentDownloadInitAPITests" name="test_200_returns_download_url_and_expires_at" time="0.036" /><testcase classname="apps.documents.tests.test_api.DocumentDownloadInitAPITests" name="test_404_deleted_document" time="0.032" /><testcase classname="apps.documents.tests.test_api.DocumentDownloadInitAPITests" name="test_404_scanning_document" time="0.023" /><testcase classname="apps.documents.tests.test_api.DocumentDownloadInitAPITests" name="test_404_wrong_owner" time="0.026" /><testcase classname="apps.documents.tests.test_api.DocumentDownloadInitAPITests" name="test_405_get_not_allowed" time="0.013" /><testcase classname="apps.documents.tests.test_api.DocumentDownloadInitAPITests" name="test_a5_401_unauthenticated" time="0.010" /><testcase classname="apps.documents.tests.test_api.DocumentDownloadInitAPITests" name="test_download_url_contains_dl_path" time="0.021" /><testcase classname="apps.documents.tests.test_api.DocumentDownloadInitAPITests" name="test_ip_address_ignores_spoofed_x_forwarded_for" time="0.022" /><testcase classname="apps.documents.tests.test_api.DocumentDownloadInitAPITests" name="test_no_token_url_field_in_response" time="0.021" /><testcase classname="apps.documents.tests.test_api.DocumentDownloadInitAPITests" name="test_s1_download_url_does_not_contain_storage_key" time="0.021" /><testcase classname="apps.documents.tests.test_api.DocumentTokenRedeemAPITests" name="test_a5_401_unauthenticated" time="0.012" /><testcase classname="apps.documents.tests.test_api.DocumentTokenRedeemAPITests" name="test_expired_token_returns_410" time="0.016" /><testcase classname="apps.documents.tests.test_api.DocumentTokenRedeemAPITests" name="test_invalid_token_returns_404" time="0.022" /><testcase classname="apps.documents.tests.test_api.DocumentTokenRedeemAPITests" name="test_large_file_302_location_no_storage_key" time="0.019" /><testcase classname="apps.documents.tests.test_api.DocumentTokenRedeemAPITests" name="test_large_file_returns_302_redirect" time="0.018" /><testcase classname="apps.documents.tests.test_api.DocumentTokenRedeemAPITests" name="test_s1_storage_key_absent_from_small_file_body" time="0.019" /><testcase classname="apps.documents.tests.test_api.DocumentTokenRedeemAPITests" name="test_small_file_returns_200" time="0.018" /><testcase classname="apps.documents.tests.test_api.DocumentTokenRedeemAPITests" name="test_used_token_returns_404" time="0.023" /><testcase classname="apps.documents.tests.test_api.DocumentTokenRedeemAPITests" name="test_wrong_user_returns_404" time="0.026" /><testcase classname="apps.documents.tests.test_api.DocumentTokenRedeemAPITests" name="test_wrong_user_writes_access_denied_audit_event" time="0.029" /><testcase classname="apps.documents.tests.test_api.DocumentAttachedListAPITests" name="test_200_results_contain_attachment_fields" time="0.036" /><testcase classname="apps.documents.tests.test_api.DocumentAttachedListAPITests" name="test_200_staff_gets_paginated_list" time="0.031" /><testcase classname="apps.documents.tests.test_api.DocumentAttachedListAPITests" name="test_400_malformed_attached_to" time="0.020" /><testcase classname="apps.documents.tests.test_api.DocumentAttachedListAPITests" name="test_400_unknown_content_type" time="0.021" /><testcase classname="apps.documents.tests.test_api.DocumentAttachedListAPITests" name="test_403_citizen_cannot_access" time="0.020" /><testcase classname="apps.documents.tests.test_api.DocumentAttachedListAPITests" name="test_a5_401_unauthenticated" time="0.016" /><testcase classname="apps.documents.tests.test_api.DocumentAttachAPITests" name="test_400_missing_content_type" time="0.026" /><testcase classname="apps.documents.tests.test_api.DocumentAttachAPITests" name="test_403_citizen_is_blocked" time="0.019" /><testcase classname="apps.documents.tests.test_api.DocumentAttachAPITests" name="test_403_missing_upload_staff_document_perm" time="0.022" /><testcase classname="apps.documents.tests.test_api.DocumentAttachAPITests" name="test_404_nonexistent_doc" time="0.027" /><testcase classname="apps.documents.tests.test_api.DocumentAttachAPITests" name="test_a3_201_creates_attachment" time="0.022" /><testcase classname="apps.documents.tests.test_api.DocumentAttachAPITests" name="test_a5_401_unauthenticated" time="0.015" /><testcase classname="apps.documents.tests.test_api.DocumentDeleteAPITests" name="test_400_missing_reason" time="0.020" /><testcase classname="apps.documents.tests.test_api.DocumentDeleteAPITests" name="test_400_short_reason" time="0.019" /><testcase classname="apps.documents.tests.test_api.DocumentDeleteAPITests" name="test_403_missing_delete_permission" time="0.020" /><testcase classname="apps.documents.tests.test_api.DocumentDeleteAPITests" name="test_a4_204_soft_delete_success" time="0.025" /><testcase classname="apps.documents.tests.test_api.DocumentDeleteAPITests" name="test_a5_401_unauthenticated" time="0.011" /><testcase classname="apps.documents.tests.test_api.DocumentDeleteAPITests" name="test_s4_404_wrong_owner_idor" time="0.031" /><testcase classname="apps.documents.tests.test_api.DocumentDeleteAPITests" name="test_s6_403_legal_hold_blocks_delete" time="0.022" /><testcase classname="apps.documents.tests.test_api.DocumentVersionsAPITests" name="test_200_single_version_document" time="0.032" /><testcase classname="apps.documents.tests.test_api.DocumentVersionsAPITests" name="test_200_three_version_chain" time="0.028" /><testcase classname="apps.documents.tests.test_api.DocumentVersionsAPITests" name="test_200_versions_from_any_chain_member" time="0.032" /><testcase classname="apps.documents.tests.test_api.DocumentVersionsAPITests" name="test_a5_401_unauthenticated" time="0.012" /><testcase classname="apps.documents.tests.test_api.DocumentVersionsAPITests" name="test_s4_404_wrong_owner_idor" time="0.034" /><testcase classname="apps.documents.tests.test_api.DocumentVersionsAPITests" name="test_versions_ordered_ascending" time="0.030" /><testcase classname="apps.documents.tests.test_api.DocumentListAPITests" name="test_200_category_filter" time="0.033" /><testcase classname="apps.documents.tests.test_api.DocumentListAPITests" name="test_200_citizen_count" time="0.030" /><testcase classname="apps.documents.tests.test_api.DocumentListAPITests" name="test_200_citizen_sees_own_documents" time="0.029" /><testcase classname="apps.documents.tests.test_api.DocumentListAPITests" name="test_200_coordinator_sees_all_documents" time="0.034" /><testcase classname="apps.documents.tests.test_api.DocumentListAPITests" name="test_200_excludes_deleted_documents" time="0.028" /><testcase classname="apps.documents.tests.test_api.DocumentListAPITests" name="test_200_paginated_response_structure" time="0.028" /><testcase classname="apps.documents.tests.test_api.DocumentListAPITests" name="test_200_scan_status_filter" time="0.030" /><testcase classname="apps.documents.tests.test_api.DocumentListAPITests" name="test_200_staff_without_view_all_sees_only_own_docs" time="0.031" /><testcase classname="apps.documents.tests.test_api.DocumentListAPITests" name="test_403_quarantined_filter_not_accessible_via_general_list" time="0.027" /><testcase classname="apps.documents.tests.test_api.DocumentListAPITests" name="test_a5_401_unauthenticated" time="0.013" /><testcase classname="apps.documents.tests.test_api.DocumentListAPITests" name="test_s1_storage_key_absent_from_list" time="0.029" /><testcase classname="apps.documents.tests.test_api.DocumentQuarantinedListAPITests" name="test_200_excludes_active_documents" time="0.031" /><testcase classname="apps.documents.tests.test_api.DocumentQuarantinedListAPITests" name="test_200_excludes_deleted_quarantined_documents" time="0.024" /><testcase classname="apps.documents.tests.test_api.DocumentQuarantinedListAPITests" name="test_200_paginated_response_structure" time="0.028" /><testcase classname="apps.documents.tests.test_api.DocumentQuarantinedListAPITests" name="test_200_returns_quarantined_documents" time="0.028" /><testcase classname="apps.documents.tests.test_api.DocumentQuarantinedListAPITests" name="test_200_scan_engine_result_visible" time="0.028" /><testcase classname="apps.documents.tests.test_api.DocumentQuarantinedListAPITests" name="test_403_citizen_is_blocked" time="0.018" /><testcase classname="apps.documents.tests.test_api.DocumentQuarantinedListAPITests" name="test_403_citizen_with_view_quarantined_perm_still_blocked" time="0.022" /><testcase classname="apps.documents.tests.test_api.DocumentQuarantinedListAPITests" name="test_403_staff_without_view_quarantined_perm" time="0.024" /><testcase classname="apps.documents.tests.test_api.DocumentQuarantinedListAPITests" name="test_a5_401_unauthenticated" time="0.016" /><testcase classname="apps.documents.tests.test_api.DocumentQuarantinedListAPITests" name="test_s1_storage_key_absent_from_quarantined_list" time="0.031" /><testcase classname="apps.documents.tests.test_api.DocumentTokenRedeemExpiredAPITests" name="test_already_used_token_is_404_not_410" time="0.024" /><testcase classname="apps.documents.tests.test_api.DocumentTokenRedeemExpiredAPITests" name="test_expired_and_used_token_is_404" time="0.022" /><testcase classname="apps.documents.tests.test_api.DocumentTokenRedeemExpiredAPITests" name="test_expired_token_is_410_not_404" time="0.015" /><testcase classname="apps.documents.tests.test_api.DocumentTokenRedeemExpiredAPITests" name="test_expired_token_response_has_error_code" time="0.015" /><testcase classname="apps.documents.tests.test_api.EncryptedPdfRejectionTests" name="test_clean_pdf_accepted" time="0.020" /><testcase classname="apps.documents.tests.test_api.EncryptedPdfRejectionTests" name="test_encrypted_pdf_fallback_raw_byte_check" time="0.016" /><testcase classname="apps.documents.tests.test_api.EncryptedPdfRejectionTests" name="test_encrypted_pdf_rejected_with_400" time="0.016" /><testcase classname="apps.documents.tests.test_api.EncryptedPdfRejectionTests" name="test_non_pdf_skips_encryption_check" time="0.018" /><testcase classname="apps.documents.tests.test_api.DocumentVersionsVisibilityAPITests" name="test_all_active_chain_is_unaffected" time="0.031" /><testcase classname="apps.documents.tests.test_api.DocumentVersionsVisibilityAPITests" name="test_citizen_does_not_see_quarantined_or_deleted_siblings" time="0.028" /><testcase classname="apps.documents.tests.test_api.DocumentVersionsVisibilityAPITests" name="test_coordinator_also_does_not_see_quarantined_sibling" time="0.034" /><testcase classname="apps.documents.tests.test_api.DocumentVersionsVisibilityAPITests" name="test_quarantined_sibling_metadata_not_leaked" time="0.028" /><testcase classname="apps.documents.tests.test_api.DocumentVersionsVisibilityAPITests" name="test_soft_deleted_sibling_not_listed" time="0.029" /><testcase classname="apps.documents.tests.test_api.UploadedByIdFieldTypeAPITests" name="test_doc_id_remains_a_uuid_string" time="0.024" /><testcase classname="apps.documents.tests.test_api.UploadedByIdFieldTypeAPITests" name="test_field_is_declared_as_integer" time="0.011" /><testcase classname="apps.documents.tests.test_api.UploadedByIdFieldTypeAPITests" name="test_serializes_as_json_integer" time="0.026" /><testcase classname="apps.documents.tests.test_api.DocumentNewVersionAPITests" name="test_201_response_shape" time="0.027" /><testcase classname="apps.documents.tests.test_api.DocumentNewVersionAPITests" name="test_201_without_category_slug_in_request_body" time="0.022" /><testcase classname="apps.documents.tests.test_api.DocumentNewVersionAPITests" name="test_400_citizen_between_citizen_and_staff_cap_still_rejected" time="0.019" /><testcase classname="apps.documents.tests.test_api.DocumentNewVersionAPITests" name="test_401_unauthenticated" time="0.012" /><testcase classname="apps.documents.tests.test_api.DocumentNewVersionAPITests" name="test_403_service_permission_denied" time="0.020" /><testcase classname="apps.documents.tests.test_api.DocumentNewVersionAPITests" name="test_404_non_owned_document" time="0.034" /><testcase classname="apps.documents.tests.test_api.DocumentNewVersionAPITests" name="test_description_reaches_the_service_layer" time="0.021" /><testcase classname="apps.documents.tests.test_api.DocumentNewVersionAPITests" name="test_staff_upload_between_citizen_and_staff_cap_succeeds" time="0.027" /><testcase classname="apps.documents.tests.test_audit.SoftDeleteAuditTests" name="test_soft_delete_audit_actor_id_is_user_pk" time="0.013" /><testcase classname="apps.documents.tests.test_audit.SoftDeleteAuditTests" name="test_soft_delete_audit_entry_has_timestamp" time="0.011" /><testcase classname="apps.documents.tests.test_audit.SoftDeleteAuditTests" name="test_soft_delete_audit_has_deletion_reason" time="0.011" /><testcase classname="apps.documents.tests.test_audit.SoftDeleteAuditTests" name="test_soft_delete_audit_has_no_original_filename" time="0.011" /><testcase classname="apps.documents.tests.test_audit.SoftDeleteAuditTests" name="test_soft_delete_audit_has_no_storage_key" time="0.011" /><testcase classname="apps.documents.tests.test_audit.SoftDeleteAuditTests" name="test_soft_delete_resource_id_is_doc_pk" time="0.011" /><testcase classname="apps.documents.tests.test_audit.SoftDeleteAuditTests" name="test_soft_delete_resource_type" time="0.011" /><testcase classname="apps.documents.tests.test_audit.SoftDeleteAuditTests" name="test_soft_delete_system_deletion_actor_id_none" time="0.011" /><testcase classname="apps.documents.tests.test_audit.SoftDeleteAuditTests" name="test_soft_delete_writes_record_deleted_audit" time="0.012" /><testcase classname="apps.documents.tests.test_audit.HardDeleteAuditTests" name="test_hard_delete_audit_has_cleared_at" time="0.014" /><testcase classname="apps.documents.tests.test_audit.HardDeleteAuditTests" name="test_hard_delete_audit_no_original_filename" time="0.013" /><testcase classname="apps.documents.tests.test_audit.HardDeleteAuditTests" name="test_hard_delete_audit_no_storage_key_value" time="0.013" /><testcase classname="apps.documents.tests.test_audit.HardDeleteAuditTests" name="test_hard_delete_db_row_retained" time="0.013" /><testcase classname="apps.documents.tests.test_audit.HardDeleteAuditTests" name="test_hard_delete_doc_status_set_to_purged" time="0.013" /><testcase classname="apps.documents.tests.test_audit.HardDeleteAuditTests" name="test_hard_delete_resource_type" time="0.013" /><testcase classname="apps.documents.tests.test_audit.HardDeleteAuditTests" name="test_hard_delete_storage_key_cleared" time="0.013" /><testcase classname="apps.documents.tests.test_audit.HardDeleteAuditTests" name="test_hard_delete_writes_record_purged_audit" time="0.014" /><testcase classname="apps.documents.tests.test_audit.ApplyLegalHoldAuditTests" name="test_apply_legal_hold_audit_actor_is_set_by_pk" time="0.016" /><testcase classname="apps.documents.tests.test_audit.ApplyLegalHoldAuditTests" name="test_apply_legal_hold_audit_detail_has_legal_hold_true" time="0.015" /><testcase classname="apps.documents.tests.test_audit.ApplyLegalHoldAuditTests" name="test_apply_legal_hold_audit_detail_has_reason" time="0.015" /><testcase classname="apps.documents.tests.test_audit.ApplyLegalHoldAuditTests" name="test_apply_legal_hold_audit_no_email_in_detail" time="0.015" /><testcase classname="apps.documents.tests.test_audit.ApplyLegalHoldAuditTests" name="test_apply_legal_hold_writes_audit" time="0.016" /><testcase classname="apps.documents.tests.test_audit.ReleaseLegalHoldAuditTests" name="test_release_legal_hold_audit_actor_is_released_by_pk" time="0.016" /><testcase classname="apps.documents.tests.test_audit.ReleaseLegalHoldAuditTests" name="test_release_legal_hold_audit_detail_has_legal_hold_false" time="0.015" /><testcase classname="apps.documents.tests.test_audit.ReleaseLegalHoldAuditTests" name="test_release_legal_hold_audit_no_storage_key" time="0.015" /><testcase classname="apps.documents.tests.test_audit.ReleaseLegalHoldAuditTests" name="test_release_legal_hold_writes_audit" time="0.016" /><testcase classname="apps.documents.tests.test_audit.AuditLogEntryImmutabilityTests" name="test_audit_entry_cannot_be_deleted" time="0.012" /><testcase classname="apps.documents.tests.test_audit.AuditLogEntryImmutabilityTests" name="test_audit_entry_cannot_be_updated" time="0.011" /><testcase classname="apps.documents.tests.test_audit.AuditLogEntryImmutabilityTests" name="test_audit_entry_has_entry_hash" time="0.011" /><testcase classname="apps.documents.tests.test_audit.AuditAtomicityTests" name="test_apply_legal_hold_audit_and_state_commit_together" time="0.017" /><testcase classname="apps.documents.tests.test_audit.AuditAtomicityTests" name="test_document_state_failure_rolls_back_audit_entry" time="0.009" /><testcase classname="apps.documents.tests.test_audit.AuditAtomicityTests" name="test_record_event_failure_rolls_back_document_state" time="0.011" /><testcase classname="apps.documents.tests.test_audit.AuditAtomicityTests" name="test_soft_delete_audit_and_state_commit_together" time="0.012" /><testcase classname="apps.documents.tests.test_integration.LegalHoldDisposalIntegrationTests" name="test_apply_legal_hold_requires_permission" time="0.014" /><testcase classname="apps.documents.tests.test_integration.LegalHoldDisposalIntegrationTests" name="test_apply_legal_hold_sets_hold_fields" time="0.013" /><testcase classname="apps.documents.tests.test_integration.LegalHoldDisposalIntegrationTests" name="test_apply_legal_hold_twice_raises_value_error" time="0.012" /><testcase classname="apps.documents.tests.test_integration.LegalHoldDisposalIntegrationTests" name="test_legal_hold_blocks_hard_delete" time="0.008" /><testcase classname="apps.documents.tests.test_integration.LegalHoldDisposalIntegrationTests" name="test_legal_hold_blocks_soft_delete" time="0.012" /><testcase classname="apps.documents.tests.test_integration.LegalHoldDisposalIntegrationTests" name="test_release_legal_hold_clears_legal_hold_flag" time="0.016" /><testcase classname="apps.documents.tests.test_integration.LegalHoldDisposalIntegrationTests" name="test_release_legal_hold_requires_permission" time="0.013" /><testcase classname="apps.documents.tests.test_integration.LegalHoldDisposalIntegrationTests" name="test_release_legal_hold_when_not_held_raises_value_error" time="0.009" /><testcase classname="apps.documents.tests.test_integration.LegalHoldDisposalIntegrationTests" name="test_releasing_legal_hold_allows_soft_delete" time="0.021" /><testcase classname="apps.documents.tests.test_integration.LegalHoldDisposalIntegrationTests" name="test_soft_delete_sets_scan_status_deleted" time="0.013" /><testcase classname="apps.documents.tests.test_integration.VersionChainIntegrationTests" name="test_create_version_allowed_for_owner_with_upload_perm" time="0.011" /><testcase classname="apps.documents.tests.test_integration.VersionChainIntegrationTests" name="test_create_version_allowed_for_superuser" time="0.008" /><testcase classname="apps.documents.tests.test_integration.VersionChainIntegrationTests" name="test_create_version_denied_for_non_owner_without_staff_perm" time="0.011" /><testcase classname="apps.documents.tests.test_integration.VersionChainIntegrationTests" name="test_create_version_denied_for_owner_on_staff_only_category" time="0.011" /><testcase classname="apps.documents.tests.test_integration.VersionChainIntegrationTests" name="test_exactly_one_latest_version_per_chain" time="0.008" /><testcase classname="apps.documents.tests.test_integration.VersionChainIntegrationTests" name="test_new_version_demotes_previous_latest" time="0.009" /><testcase classname="apps.documents.tests.test_integration.VersionChainIntegrationTests" name="test_new_version_is_marked_latest" time="0.007" /><testcase classname="apps.documents.tests.test_integration.VersionChainIntegrationTests" name="test_new_version_points_to_chain_root" time="0.007" /><testcase classname="apps.documents.tests.test_integration.VersionChainIntegrationTests" name="test_root_document_is_none_for_v1" time="0.006" /><testcase classname="apps.documents.tests.test_integration.VersionChainIntegrationTests" name="test_version_number_increments" time="0.008" /><testcase classname="apps.documents.tests.test_integration.TransitoryDocumentIntegrationTests" name="test_mark_purpose_fulfilled_blocked_by_legal_hold" time="0.007" /><testcase classname="apps.documents.tests.test_integration.TransitoryDocumentIntegrationTests" name="test_mark_purpose_fulfilled_on_already_deleted_raises_value_error" time="0.007" /><testcase classname="apps.documents.tests.test_integration.TransitoryDocumentIntegrationTests" name="test_mark_purpose_fulfilled_on_non_transitory_raises_value_error" time="0.007" /><testcase classname="apps.documents.tests.test_integration.TransitoryDocumentIntegrationTests" name="test_mark_purpose_fulfilled_sets_expires_at" time="0.013" /><testcase classname="apps.documents.tests.test_integration.TransitoryDocumentIntegrationTests" name="test_mark_purpose_fulfilled_soft_deletes_document" time="0.013" /><testcase classname="apps.documents.tests.test_integration.TransitoryDocumentIntegrationTests" name="test_non_transitory_document_has_expires_at_after_schedule_expiry" time="0.008" /><testcase classname="apps.documents.tests.test_integration.TransitoryDocumentIntegrationTests" name="test_non_transitory_has_retain_until_after_schedule_expiry" time="0.008" /><testcase classname="apps.documents.tests.test_integration.TransitoryDocumentIntegrationTests" name="test_transitory_document_no_expires_at_after_schedule_expiry" time="0.008" /><testcase classname="apps.documents.tests.test_integration.TransitoryDocumentIntegrationTests" name="test_transitory_document_retains_retain_until_if_min_retention_nonzero" time="0.009" /><testcase classname="apps.documents.tests.test_integration.ScanStatusGateIntegrationTests" name="test_active_document_can_issue_token" time="0.013" /><testcase classname="apps.documents.tests.test_integration.ScanStatusGateIntegrationTests" name="test_deleted_document_cannot_issue_token" time="0.012" /><testcase classname="apps.documents.tests.test_integration.ScanStatusGateIntegrationTests" name="test_multiple_tokens_can_be_issued_for_same_active_document" time="0.018" /><testcase classname="apps.documents.tests.test_integration.ScanStatusGateIntegrationTests" name="test_non_owner_cannot_issue_token_for_others_document" time="0.013" /><testcase classname="apps.documents.tests.test_integration.ScanStatusGateIntegrationTests" name="test_pending_upload_cannot_issue_token" time="0.010" /><testcase classname="apps.documents.tests.test_integration.ScanStatusGateIntegrationTests" name="test_purged_document_cannot_issue_token" time="0.010" /><testcase classname="apps.documents.tests.test_integration.ScanStatusGateIntegrationTests" name="test_quarantined_document_cannot_issue_token" time="0.011" /><testcase classname="apps.documents.tests.test_integration.ScanStatusGateIntegrationTests" name="test_scanning_document_cannot_issue_token" time="0.011" /><testcase classname="apps.documents.tests.test_integration.ScanStatusGateIntegrationTests" name="test_token_ip_address_is_masked" time="0.022" /><testcase classname="apps.documents.tests.test_pipeda.IDORPreventionTests" name="test_anon_user_gets_404" time="0.023" /><testcase classname="apps.documents.tests.test_pipeda.IDORPreventionTests" name="test_citizen_gets_404_for_non_owned_document" time="0.024" /><testcase classname="apps.documents.tests.test_pipeda.IDORPreventionTests" name="test_idor_returns_404_not_403_via_api" time="0.033" /><testcase classname="apps.documents.tests.test_pipeda.IDORPreventionTests" name="test_not_403_for_non_owned_document" time="0.014" /><testcase classname="apps.documents.tests.test_pipeda.IDORPreventionTests" name="test_owner_can_get_token" time="0.021" /><testcase classname="apps.documents.tests.test_pipeda.IDORPreventionTests" name="test_wrong_token_issuer_gets_404" time="0.022" /><testcase classname="apps.documents.tests.test_pipeda.ScanGateTests" name="test_active_is_downloadable" time="0.014" /><testcase classname="apps.documents.tests.test_pipeda.ScanGateTests" name="test_deleted_not_downloadable" time="0.012" /><testcase classname="apps.documents.tests.test_pipeda.ScanGateTests" name="test_pending_upload_not_downloadable" time="0.017" /><testcase classname="apps.documents.tests.test_pipeda.ScanGateTests" name="test_purged_not_downloadable" time="0.011" /><testcase classname="apps.documents.tests.test_pipeda.ScanGateTests" name="test_quarantined_not_downloadable" time="0.011" /><testcase classname="apps.documents.tests.test_pipeda.ScanGateTests" name="test_scan_pending_blocks_download_via_api" time="0.022" /><testcase classname="apps.documents.tests.test_pipeda.ScanGateTests" name="test_scanning_not_downloadable" time="0.011" /><testcase classname="apps.documents.tests.test_pipeda.ScanGateTests" name="test_soft_deleted_not_downloadable" time="0.021" /><testcase classname="apps.documents.tests.test_pipeda.StorageKeyLeakageTests" name="test_access_token_object_no_storage_key_field" time="0.014" /><testcase classname="apps.documents.tests.test_pipeda.StorageKeyLeakageTests" name="test_hard_delete_audit_no_storage_key_value" time="0.015" /><testcase classname="apps.documents.tests.test_pipeda.StorageKeyLeakageTests" name="test_issue_access_token_audit_no_storage_key" time="0.014" /><testcase classname="apps.documents.tests.test_pipeda.StorageKeyLeakageTests" name="test_soft_delete_audit_no_storage_key" time="0.018" /><testcase classname="apps.documents.tests.test_pipeda.StorageKeyLeakageTests" name="test_storage_key_never_in_api_response" time="0.026" /><testcase classname="apps.documents.tests.test_pipeda.LegalHoldAbsoluteBlockTests" name="test_legal_hold_blocks_hard_delete" time="0.011" /><testcase classname="apps.documents.tests.test_pipeda.LegalHoldAbsoluteBlockTests" name="test_legal_hold_blocks_hard_delete_even_after_grace_period" time="0.011" /><testcase classname="apps.documents.tests.test_pipeda.LegalHoldAbsoluteBlockTests" name="test_legal_hold_prevents_soft_delete_automated" time="0.015" /><testcase classname="apps.documents.tests.test_pipeda.LegalHoldAbsoluteBlockTests" name="test_release_hold_then_hard_delete_succeeds" time="0.030" /><testcase classname="apps.documents.tests.test_pipeda.QuarantineSignalPIITests" name="test_quarantine_signal_excludes_original_filename" time="0.014" /><testcase classname="apps.documents.tests.test_pipeda.QuarantineSignalPIITests" name="test_quarantine_signal_kwargs_contain_no_uploader_pii" time="0.013" /><testcase classname="apps.documents.tests.test_pipeda.OriginalFilenameAuditTests" name="test_issue_token_no_filename_in_audit" time="0.017" /><testcase classname="apps.documents.tests.test_pipeda.OriginalFilenameAuditTests" name="test_soft_delete_no_filename_in_audit" time="0.013" /><testcase classname="apps.documents.tests.test_pipeda.IPMaskingTests" name="test_empty_string_returns_none" time="0.004" /><testcase classname="apps.documents.tests.test_pipeda.IPMaskingTests" name="test_ipv4_all_octets" time="0.003" /><testcase classname="apps.documents.tests.test_pipeda.IPMaskingTests" name="test_ipv4_last_octet_255" time="0.003" /><testcase classname="apps.documents.tests.test_pipeda.IPMaskingTests" name="test_ipv4_last_octet_zeroed" time="0.004" /><testcase classname="apps.documents.tests.test_pipeda.IPMaskingTests" name="test_ipv6_full_mask" time="0.003" /><testcase classname="apps.documents.tests.test_pipeda.IPMaskingTests" name="test_ipv6_prefix_retained" time="0.003" /><testcase classname="apps.documents.tests.test_pipeda.IPMaskingTests" name="test_masked_ip_stored_in_token" time="0.014" /><testcase classname="apps.documents.tests.test_pipeda.IPMaskingTests" name="test_none_ip_returns_none" time="0.006" /><testcase classname="apps.documents.tests.test_pipeda.IPMaskingTests" name="test_raw_ip_not_stored_in_token" time="0.015" /><testcase classname="apps.documents.tests.test_pipeda.IPMaskingTests" name="test_unparseable_ip_returns_none" time="0.004" /><testcase classname="apps.documents.tests.test_pipeda.StaffIDORBypassTests" name="test_coordinator_can_download_non_owned_document" time="0.018" /><testcase classname="apps.documents.tests.test_pipeda.StaffIDORBypassTests" name="test_staff_without_permission_gets_404" time="0.018" /><testcase classname="apps.documents.tests.test_pipeda.StaffIDORBypassTests" name="test_superuser_can_download_any_document" time="0.024" /><testcase classname="apps.documents.tests.test_pipeda.AccessTokenSecurityTests" name="test_expired_token_raises_token_expired_error" time="0.011" /><testcase classname="apps.documents.tests.test_pipeda.AccessTokenSecurityTests" name="test_nonexistent_token_raises_404" time="0.010" /><testcase classname="apps.documents.tests.test_pipeda.AccessTokenSecurityTests" name="test_token_64_chars" time="0.013" /><testcase classname="apps.documents.tests.test_pipeda.AccessTokenSecurityTests" name="test_token_bound_to_issuer" time="0.024" /><testcase classname="apps.documents.tests.test_pipeda.AccessTokenSecurityTests" name="test_token_is_single_use" time="0.022" /><testcase classname="apps.documents.tests.test_pipeda.RecordEventAtomicityTests" name="test_audit_entry_actor_id_is_user_pk_string" time="0.015" /><testcase classname="apps.documents.tests.test_pipeda.RecordEventAtomicityTests" name="test_audit_entry_event_detail_no_user_email" time="0.014" /><testcase classname="apps.documents.tests.test_pipeda.RecordEventAtomicityTests" name="test_audit_entry_written_for_every_token_issuance" time="0.015" /><testcase classname="apps.documents.tests.test_pipeda.RecordEventAtomicityTests" name="test_audit_entry_written_on_token_consumption" time="0.018" /><testcase classname="apps.documents.tests.test_presign_kms_and_clamav_settings.PresignedPostKmsResolutionTests" name="test_kms_fields_and_conditions_stay_in_sync" time="0.007" /><testcase classname="apps.documents.tests.test_presign_kms_and_clamav_settings.PresignedPostKmsResolutionTests" name="test_kms_key_is_read_from_top_level_aws_s3_object_parameters" time="0.005" /><testcase classname="apps.documents.tests.test_presign_kms_and_clamav_settings.PresignedPostKmsResolutionTests" name="test_kms_key_is_still_read_from_storages_options" time="0.005" /><testcase classname="apps.documents.tests.test_presign_kms_and_clamav_settings.PresignedPostKmsResolutionTests" name="test_no_kms_fields_when_no_key_is_configured" time="0.005" /><testcase classname="apps.documents.tests.test_presign_kms_and_clamav_settings.ClamavTimeoutSettingTests" name="test_clamav_timeout_is_defined_in_base_settings" time="0.003" /><testcase classname="apps.documents.tests.test_presign_kms_and_clamav_settings.ClamavTimeoutSettingTests" name="test_configured_timeout_is_passed_to_the_clamd_socket" time="0.006" /><testcase classname="apps.documents.tests.test_presign_kms_and_clamav_settings.ClamavUploadCapCoherenceTests" name="test_compose_files_configure_stream_max_length" time="0.004" /><testcase classname="apps.documents.tests.test_presign_kms_and_clamav_settings.ClamavUploadCapCoherenceTests" name="test_staff_upload_cap_is_below_clamav_stream_max_length" time="0.003" /><testcase classname="apps.documents.tests.test_scan_audit_and_promotion.ScanOutcomeAuditTests" name="test_audit_chain_remains_verifiable_after_scan_outcomes" time="0.023" /><testcase classname="apps.documents.tests.test_scan_audit_and_promotion.ScanOutcomeAuditTests" name="test_clean_scan_audit_entry_shape_and_privacy" time="0.013" /><testcase classname="apps.documents.tests.test_scan_audit_and_promotion.ScanOutcomeAuditTests" name="test_clean_scan_does_not_write_a_threat_detected_entry" time="0.013" /><testcase classname="apps.documents.tests.test_scan_audit_and_promotion.ScanOutcomeAuditTests" name="test_clean_scan_writes_status_changed_audit_entry" time="0.014" /><testcase classname="apps.documents.tests.test_scan_audit_and_promotion.ScanOutcomeAuditTests" name="test_idempotent_rerun_does_not_duplicate_the_audit_entry" time="0.015" /><testcase classname="apps.documents.tests.test_scan_audit_and_promotion.ScanOutcomeAuditTests" name="test_retry_exhaustion_quarantine_writes_threat_detected_entry" time="0.014" /><testcase classname="apps.documents.tests.test_scan_audit_and_promotion.ScanOutcomeAuditTests" name="test_storage_read_failure_also_writes_threat_detected_entry" time="0.022" /><testcase classname="apps.documents.tests.test_scan_audit_and_promotion.ScanOutcomeAuditTests" name="test_threat_detected_entry_carries_no_pii" time="0.020" /><testcase classname="apps.documents.tests.test_scan_audit_and_promotion.ScanOutcomeAuditTests" name="test_threat_detected_entry_has_minimal_event_detail_shape" time="0.021" /><testcase classname="apps.documents.tests.test_scan_audit_and_promotion.ScanOutcomeAuditTests" name="test_threat_detected_entry_records_failure_outcome" time="0.015" /><testcase classname="apps.documents.tests.test_scan_audit_and_promotion.ScanOutcomeAuditTests" name="test_threat_detection_writes_threat_detected_audit_entry" time="0.015" /><testcase classname="apps.documents.tests.test_scan_audit_and_promotion.QuarantinePromotionTests" name="test_clean_scan_promotes_storage_key_to_active_prefix" time="0.018" /><testcase classname="apps.documents.tests.test_scan_audit_and_promotion.QuarantinePromotionTests" name="test_dev_bypass_does_not_promote" time="0.014" /><testcase classname="apps.documents.tests.test_scan_audit_and_promotion.QuarantinePromotionTests" name="test_object_is_gone_from_the_old_quarantine_location" time="0.016" /><testcase classname="apps.documents.tests.test_scan_audit_and_promotion.QuarantinePromotionTests" name="test_object_is_reachable_at_the_new_location" time="0.015" /><testcase classname="apps.documents.tests.test_scan_audit_and_promotion.QuarantinePromotionTests" name="test_promoted_key_preserves_the_document_and_file_uuids" time="0.014" /><testcase classname="apps.documents.tests.test_scan_audit_and_promotion.QuarantinePromotionTests" name="test_promotion_is_skipped_when_no_object_exists" time="0.015" /><testcase classname="apps.documents.tests.test_scan_audit_and_promotion.QuarantinePromotionTests" name="test_quarantine_copy_survives_until_the_transaction_commits" time="0.021" /><testcase classname="apps.documents.tests.test_scan_audit_and_promotion.QuarantinePromotionTests" name="test_quarantined_document_is_not_promoted" time="0.015" /><testcase classname="apps.documents.tests.test_scan_audit_and_promotion.PromotionFailureTests" name="test_failed_promotion_leaves_document_in_scanning" time="0.015" /><testcase classname="apps.documents.tests.test_scan_audit_and_promotion.PromotionFailureTests" name="test_failed_promotion_leaves_storage_key_untouched" time="0.015" /><testcase classname="apps.documents.tests.test_scan_audit_and_promotion.PromotionFailureTests" name="test_failed_promotion_retries_the_task" time="0.016" /><testcase classname="apps.documents.tests.test_scan_audit_and_promotion.PromotionFailureTests" name="test_failed_promotion_writes_no_clean_scan_audit_entry" time="0.014" /><testcase classname="apps.documents.tests.test_scan_audit_and_promotion.PromotionHelperUnitTests" name="test_copies_the_object_and_returns_the_new_key" time="0.004" /><testcase classname="apps.documents.tests.test_scan_audit_and_promotion.PromotionHelperUnitTests" name="test_returns_none_for_a_key_already_under_the_active_prefix" time="0.003" /><testcase classname="apps.documents.tests.test_scan_audit_and_promotion.PromotionHelperUnitTests" name="test_returns_none_for_an_empty_key" time="0.003" /><testcase classname="apps.documents.tests.test_scan_audit_and_promotion.PromotionHelperUnitTests" name="test_returns_none_when_the_source_object_is_missing" time="0.003" /><testcase classname="apps.documents.tests.test_scan_audit_and_promotion.PromotionHelperUnitTests" name="test_wraps_unexpected_storage_errors_in_storage_promotion_error" time="0.004" /><testcase classname="apps.documents.tests.test_upload_content_gating.CheckPdfEncryptionRealBytesTests" name="test_clean_unencrypted_pdf_is_accepted" time="0.004" /><testcase classname="apps.documents.tests.test_upload_content_gating.CheckPdfEncryptionRealBytesTests" name="test_corrupted_pdf_is_rejected_as_unreadable" time="0.003" /><testcase classname="apps.documents.tests.test_upload_content_gating.CheckPdfEncryptionRealBytesTests" name="test_encrypted_pdf_without_user_password_is_rejected" time="0.034" /><testcase classname="apps.documents.tests.test_upload_content_gating.CheckPdfEncryptionRealBytesTests" name="test_fallback_heuristic_used_when_pikepdf_absent" time="0.017" /><testcase classname="apps.documents.tests.test_upload_content_gating.CheckPdfEncryptionRealBytesTests" name="test_password_protected_pdf_is_rejected_not_500" time="0.026" /><testcase classname="apps.documents.tests.test_upload_content_gating.CheckPdfEncryptionRealBytesTests" name="test_pikepdf_encryption_attribute_is_truthy_even_when_clean" time="0.005" /><testcase classname="apps.documents.tests.test_upload_content_gating.ConfirmUploadDetectedMimeGatingTests" name="test_clean_pdf_uploaded_as_pdf_is_accepted" time="0.018" /><testcase classname="apps.documents.tests.test_upload_content_gating.ConfirmUploadDetectedMimeGatingTests" name="test_encrypted_pdf_disguised_as_csv_is_rejected" time="0.042" /><testcase classname="apps.documents.tests.test_upload_content_gating.ConfirmUploadDetectedMimeGatingTests" name="test_extension_fallback_when_magic_bytes_bypassed" time="0.041" /><testcase classname="apps.documents.tests.test_upload_content_gating.ConfirmUploadDetectedMimeGatingTests" name="test_gating_uses_detected_mime_not_extension" time="0.016" /><testcase classname="apps.documents.tests.test_upload_content_gating.ConfirmUploadDetectedMimeGatingTests" name="test_legitimate_docx_uploaded_as_docx_is_accepted" time="0.027" /><testcase classname="apps.documents.tests.test_upload_content_gating.ConfirmUploadDetectedMimeGatingTests" name="test_password_protected_pdf_disguised_as_csv_is_rejected" time="0.031" /><testcase classname="apps.documents.tests.test_upload_content_gating.ConfirmUploadDetectedMimeGatingTests" name="test_plain_csv_is_accepted_and_runs_no_container_checks" time="0.015" /><testcase classname="apps.documents.tests.test_upload_content_gating.ConfirmUploadDetectedMimeGatingTests" name="test_zip_bomb_declared_as_docx_is_still_rejected" time="0.030" /><testcase classname="apps.documents.tests.test_upload_content_gating.ConfirmUploadDetectedMimeGatingTests" name="test_zip_bomb_disguised_as_jpeg_is_rejected" time="0.026" /><testcase classname="apps.documents.tests.test_wave3_clamav.ClamAVCleanPathTests" name="test_clean_scan_does_not_fire_quarantined_signal" time="0.014" /><testcase classname="apps.documents.tests.test_wave3_clamav.ClamAVCleanPathTests" name="test_clean_scan_fires_document_scan_clean_signal" time="0.019" /><testcase classname="apps.documents.tests.test_wave3_clamav.ClamAVCleanPathTests" name="test_clean_scan_idempotent_already_active" time="0.011" /><testcase classname="apps.documents.tests.test_wave3_clamav.ClamAVCleanPathTests" name="test_clean_scan_idempotent_already_quarantined" time="0.010" /><testcase classname="apps.documents.tests.test_wave3_clamav.ClamAVCleanPathTests" name="test_clean_scan_marks_document_active" time="0.014" /><testcase classname="apps.documents.tests.test_wave3_clamav.ClamAVCleanPathTests" name="test_clean_scan_sets_scan_completed_at" time="0.015" /><testcase classname="apps.documents.tests.test_wave3_clamav.ClamAVCleanPathTests" name="test_clean_scan_sets_scan_engine_result_ok" time="0.015" /><testcase classname="apps.documents.tests.test_wave3_clamav.ClamAVCleanPathTests" name="test_clean_scan_signal_no_pii_in_kwargs" time="0.014" /><testcase classname="apps.documents.tests.test_wave3_clamav.ClamAVInfectedPathTests" name="test_infected_scan_always_calls_delete" time="0.014" /><testcase classname="apps.documents.tests.test_wave3_clamav.ClamAVInfectedPathTests" name="test_infected_scan_deletes_storage_object" time="0.012" /><testcase classname="apps.documents.tests.test_wave3_clamav.ClamAVInfectedPathTests" name="test_infected_scan_does_not_fire_scan_clean_signal" time="0.013" /><testcase classname="apps.documents.tests.test_wave3_clamav.ClamAVInfectedPathTests" name="test_infected_scan_fires_quarantined_signal" time="0.012" /><testcase classname="apps.documents.tests.test_wave3_clamav.ClamAVInfectedPathTests" name="test_infected_scan_idempotent_already_quarantined" time="0.010" /><testcase classname="apps.documents.tests.test_wave3_clamav.ClamAVInfectedPathTests" name="test_infected_scan_marks_document_quarantined" time="0.014" /><testcase classname="apps.documents.tests.test_wave3_clamav.ClamAVInfectedPathTests" name="test_infected_scan_sets_scan_completed_at" time="0.014" /><testcase classname="apps.documents.tests.test_wave3_clamav.ClamAVInfectedPathTests" name="test_infected_scan_sets_scan_engine_result" time="0.014" /><testcase classname="apps.documents.tests.test_wave3_clamav.ClamAVInfectedPathTests" name="test_infected_scan_signal_pipeda_no_uploader_identity" time="0.013" /><testcase classname="apps.documents.tests.test_wave3_clamav.ClamAVRetryTests" name="test_connection_error_triggers_retry" time="0.010" /><testcase classname="apps.documents.tests.test_wave3_clamav.ClamAVRetryTests" name="test_max_retries_exhausted_calls_quarantine_on_failure" time="0.008" /><testcase classname="apps.documents.tests.test_wave3_clamav.ClamAVRetryTests" name="test_retry_countdown_exponential_backoff_first_retry" time="0.011" /><testcase classname="apps.documents.tests.test_wave3_clamav.ClamAVRetryTests" name="test_retry_countdown_exponential_backoff_second_retry" time="0.017" /><testcase classname="apps.documents.tests.test_wave3_clamav.ClamAVRetryTests" name="test_retry_countdown_exponential_backoff_third_retry" time="0.014" /><testcase classname="apps.documents.tests.test_wave3_clamav.ClamAVRetryTests" name="test_runtime_error_from_clamav_error_status_triggers_retry" time="0.015" /><testcase classname="apps.documents.tests.test_wave3_clamav.ClamAVRetryTests" name="test_storage_read_error_quarantines_immediately" time="0.013" /><testcase classname="apps.documents.tests.test_wave3_clamav.ClamAVDocumentNotFoundTests" name="test_doc_not_found_does_not_fire_any_signal" time="0.011" /><testcase classname="apps.documents.tests.test_wave3_clamav.ClamAVDocumentNotFoundTests" name="test_doc_not_found_in_clamav_path_triggers_retry" time="0.010" /><testcase classname="apps.documents.tests.test_wave3_clamav.QuarantineOnScanFailureWave3Tests" name="test_quarantine_on_scan_failure_doc_not_found_does_not_raise" time="0.009" /><testcase classname="apps.documents.tests.test_wave3_clamav.QuarantineOnScanFailureWave3Tests" name="test_quarantine_on_scan_failure_fires_signal" time="0.013" /><testcase classname="apps.documents.tests.test_wave3_clamav.QuarantineOnScanFailureWave3Tests" name="test_quarantine_on_scan_failure_idempotent_already_quarantined" time="0.013" /><testcase classname="apps.documents.tests.test_wave3_clamav.QuarantineOnScanFailureWave3Tests" name="test_quarantine_on_scan_failure_marks_quarantined" time="0.012" /><testcase classname="apps.documents.tests.test_wave3_clamav.QuarantineOnScanFailureWave3Tests" name="test_quarantine_on_scan_failure_no_pii_in_result" time="0.012" /><testcase classname="apps.documents.tests.test_wave3_clamav.QuarantineOnScanFailureWave3Tests" name="test_quarantine_on_scan_failure_sets_scan_engine_result" time="0.011" /><testcase classname="apps.documents.tests.test_wave3_clamav.QuarantineOnScanFailureWave3Tests" name="test_quarantine_on_scan_failure_signal_no_pii" time="0.011" /><testcase classname="apps.documents.tests.test_wave3_clamav.ScanWithClamavTests" name="test_real_pyclamd_exposes_scan_stream_not_instream" time="0.005" /><testcase classname="apps.documents.tests.test_wave3_clamav.ScanWithClamavTests" name="test_scan_with_clamav_clamd_error_status_raises_runtime" time="0.068" /><testcase classname="apps.documents.tests.test_wave3_clamav.ScanWithClamavTests" name="test_scan_with_clamav_clean_returns_ok" time="0.068" /><testcase classname="apps.documents.tests.test_wave3_clamav.ScanWithClamavTests" name="test_scan_with_clamav_connection_error_propagates" time="0.065" /><testcase classname="apps.documents.tests.test_wave3_clamav.ScanWithClamavTests" name="test_scan_with_clamav_file_read_error_raises_ioerror" time="0.067" /><testcase classname="apps.documents.tests.test_wave3_clamav.ScanWithClamavTests" name="test_scan_with_clamav_infected_returns_virus_name" time="0.068" /><testcase classname="apps.documents.tests.test_wave3_clamav.ScanWithClamavTests" name="test_scan_with_clamav_passes_correct_host_port_timeout" time="0.293" /><testcase classname="apps.documents.tests.test_wave3_clamav.ScanWithClamavTests" name="test_scan_with_clamav_streams_file_bytes_to_scan_stream" time="0.064" /><testcase classname="apps.documents.tests.test_wave3_clamav.MarkDocumentActiveClamavTests" name="test_mark_document_active_clamav_doc_not_found_does_not_raise" time="0.009" /><testcase classname="apps.documents.tests.test_wave3_clamav.MarkDocumentActiveClamavTests" name="test_mark_document_active_clamav_fires_document_scan_clean" time="0.010" /><testcase classname="apps.documents.tests.test_wave3_clamav.MarkDocumentActiveClamavTests" name="test_mark_document_active_clamav_idempotent_already_active" time="0.009" /><testcase classname="apps.documents.tests.test_wave3_clamav.MarkDocumentActiveClamavTests" name="test_mark_document_active_clamav_idempotent_already_quarantined" time="0.009" /><testcase classname="apps.documents.tests.test_wave3_clamav.MarkDocumentActiveClamavTests" name="test_mark_document_active_clamav_sets_scan_engine_result_ok" time="0.012" /><testcase classname="apps.documents.tests.test_wave3_clamav.MarkDocumentActiveClamavTests" name="test_mark_document_active_clamav_stamps_scan_completed_at" time="0.013" /><testcase classname="apps.documents.tests.test_wave3_clamav.MarkDocumentActiveClamavTests" name="test_mark_document_active_clamav_transitions_status" time="0.014" /><testcase classname="apps.documents.tests.test_wave3_clamav.MarkDocumentQuarantinedClamavTests" name="test_mark_document_quarantined_clamav_deletes_storage_object" time="0.014" /><testcase classname="apps.documents.tests.test_wave3_clamav.MarkDocumentQuarantinedClamavTests" name="test_mark_document_quarantined_clamav_doc_not_found_does_not_raise" time="0.009" /><testcase classname="apps.documents.tests.test_wave3_clamav.MarkDocumentQuarantinedClamavTests" name="test_mark_document_quarantined_clamav_fires_document_quarantined_signal" time="0.015" /><testcase classname="apps.documents.tests.test_wave3_clamav.MarkDocumentQuarantinedClamavTests" name="test_mark_document_quarantined_clamav_idempotent_already_quarantined" time="0.018" /><testcase classname="apps.documents.tests.test_wave3_clamav.MarkDocumentQuarantinedClamavTests" name="test_mark_document_quarantined_clamav_sets_scan_engine_result" time="0.017" /><testcase classname="apps.documents.tests.test_wave3_clamav.MarkDocumentQuarantinedClamavTests" name="test_mark_document_quarantined_clamav_stamps_scan_completed_at" time="0.019" /><testcase classname="apps.documents.tests.test_wave3_clamav.MarkDocumentQuarantinedClamavTests" name="test_mark_document_quarantined_clamav_storage_delete_failure_does_not_raise" time="0.015" /><testcase classname="apps.documents.tests.test_wave3_clamav.MarkDocumentQuarantinedClamavTests" name="test_mark_document_quarantined_clamav_transitions_status" time="0.015" /><testcase classname="apps.documents.tests.test_wave3_download.MaskIpTests" name="test_empty_string_returns_none" time="0.004" /><testcase classname="apps.documents.tests.test_wave3_download.MaskIpTests" name="test_garbage_returns_none" time="0.005" /><testcase classname="apps.documents.tests.test_wave3_download.MaskIpTests" name="test_invalid_ip_returns_none" time="0.005" /><testcase classname="apps.documents.tests.test_wave3_download.MaskIpTests" name="test_ipv4_last_octet_zeroed" time="0.004" /><testcase classname="apps.documents.tests.test_wave3_download.MaskIpTests" name="test_ipv4_last_octet_zeroed_already_zero" time="0.003" /><testcase classname="apps.documents.tests.test_wave3_download.MaskIpTests" name="test_ipv4_loopback_masked" time="0.003" /><testcase classname="apps.documents.tests.test_wave3_download.MaskIpTests" name="test_ipv4_max_last_octet" time="0.003" /><testcase classname="apps.documents.tests.test_wave3_download.MaskIpTests" name="test_ipv4_public_address" time="0.003" /><testcase classname="apps.documents.tests.test_wave3_download.MaskIpTests" name="test_ipv6_full_address_retains_prefix" time="0.003" /><testcase classname="apps.documents.tests.test_wave3_download.MaskIpTests" name="test_ipv6_link_local_masked" time="0.003" /><testcase classname="apps.documents.tests.test_wave3_download.MaskIpTests" name="test_ipv6_loopback_masked" time="0.003" /><testcase classname="apps.documents.tests.test_wave3_download.MaskIpTests" name="test_ipv6_retains_48_prefix" time="0.003" /><testcase classname="apps.documents.tests.test_wave3_download.MaskIpTests" name="test_none_returns_none" time="0.003" /><testcase classname="apps.documents.tests.test_wave3_download.UserMayDownloadTests" name="test_anonymous_user_may_not_download" time="0.011" /><testcase classname="apps.documents.tests.test_wave3_download.UserMayDownloadTests" name="test_citizen_owner_may_download_own_document" time="0.013" /><testcase classname="apps.documents.tests.test_wave3_download.UserMayDownloadTests" name="test_citizen_stranger_may_not_download_other_document" time="0.014" /><testcase classname="apps.documents.tests.test_wave3_download.UserMayDownloadTests" name="test_staff_with_view_document_perm_may_download" time="0.017" /><testcase classname="apps.documents.tests.test_wave3_download.UserMayDownloadTests" name="test_superuser_may_download_any_document" time="0.012" /><testcase classname="apps.documents.tests.test_wave3_download.UserMayDownloadTests" name="test_superuser_may_download_other_users_document" time="0.013" /><testcase classname="apps.documents.tests.test_wave3_download.IssueAccessTokenTests" name="test_audit_event_detail_action_is_token_issued" time="0.019" /><testcase classname="apps.documents.tests.test_wave3_download.IssueAccessTokenTests" name="test_audit_event_detail_contains_token_pk" time="0.015" /><testcase classname="apps.documents.tests.test_wave3_download.IssueAccessTokenTests" name="test_audit_event_detail_pipeda_no_original_filename" time="0.014" /><testcase classname="apps.documents.tests.test_wave3_download.IssueAccessTokenTests" name="test_audit_event_detail_pipeda_no_storage_key" time="0.015" /><testcase classname="apps.documents.tests.test_wave3_download.IssueAccessTokenTests" name="test_audit_event_written_on_token_issuance" time="0.014" /><testcase classname="apps.documents.tests.test_wave3_download.IssueAccessTokenTests" name="test_audit_failure_does_not_prevent_token_issuance" time="0.018" /><testcase classname="apps.documents.tests.test_wave3_download.IssueAccessTokenTests" name="test_deleted_scan_status_raises_404" time="0.012" /><testcase classname="apps.documents.tests.test_wave3_download.IssueAccessTokenTests" name="test_different_citizen_raises_404_not_403" time="0.014" /><testcase classname="apps.documents.tests.test_wave3_download.IssueAccessTokenTests" name="test_ip_address_is_masked" time="0.013" /><testcase classname="apps.documents.tests.test_wave3_download.IssueAccessTokenTests" name="test_ip_address_none_stored_as_none" time="0.013" /><testcase classname="apps.documents.tests.test_wave3_download.IssueAccessTokenTests" name="test_legal_hold_document_is_downloadable" time="0.019" /><testcase classname="apps.documents.tests.test_wave3_download.IssueAccessTokenTests" name="test_pending_upload_raises_404" time="0.012" /><testcase classname="apps.documents.tests.test_wave3_download.IssueAccessTokenTests" name="test_quarantined_raises_404" time="0.011" /><testcase classname="apps.documents.tests.test_wave3_download.IssueAccessTokenTests" name="test_returns_document_access_token" time="0.013" /><testcase classname="apps.documents.tests.test_wave3_download.IssueAccessTokenTests" name="test_scanning_raises_404" time="0.012" /><testcase classname="apps.documents.tests.test_wave3_download.IssueAccessTokenTests" name="test_soft_deleted_active_doc_raises_404" time="0.020" /><testcase classname="apps.documents.tests.test_wave3_download.IssueAccessTokenTests" name="test_staff_with_view_perm_may_issue_token" time="0.018" /><testcase classname="apps.documents.tests.test_wave3_download.IssueAccessTokenTests" name="test_superuser_may_issue_token" time="0.013" /><testcase classname="apps.documents.tests.test_wave3_download.IssueAccessTokenTests" name="test_token_is_64_hex_chars" time="0.014" /><testcase classname="apps.documents.tests.test_wave3_download.IssueAccessTokenTests" name="test_token_is_initially_valid" time="0.019" /><testcase classname="apps.documents.tests.test_wave3_download.IssueAccessTokenTests" name="test_token_linked_to_correct_document" time="0.013" /><testcase classname="apps.documents.tests.test_wave3_download.IssueAccessTokenTests" name="test_token_linked_to_correct_user" time="0.013" /><testcase classname="apps.documents.tests.test_wave3_download.IssueAccessTokenTests" name="test_token_ttl_custom_setting" time="0.014" /><testcase classname="apps.documents.tests.test_wave3_download.IssueAccessTokenTests" name="test_token_ttl_from_civicos_setting" time="0.014" /><testcase classname="apps.documents.tests.test_wave3_download.ConsumeAccessTokenTests" name="test_already_used_token_raises_404" time="0.020" /><testcase classname="apps.documents.tests.test_wave3_download.ConsumeAccessTokenTests" name="test_audit_event_detail_action_is_token_redeemed" time="0.014" /><testcase classname="apps.documents.tests.test_wave3_download.ConsumeAccessTokenTests" name="test_audit_event_detail_pipeda_no_original_filename" time="0.014" /><testcase classname="apps.documents.tests.test_wave3_download.ConsumeAccessTokenTests" name="test_audit_event_detail_pipeda_no_storage_key" time="0.014" /><testcase classname="apps.documents.tests.test_wave3_download.ConsumeAccessTokenTests" name="test_audit_event_written_on_token_redemption" time="0.018" /><testcase classname="apps.documents.tests.test_wave3_download.ConsumeAccessTokenTests" name="test_audit_failure_does_not_prevent_download" time="0.013" /><testcase classname="apps.documents.tests.test_wave3_download.ConsumeAccessTokenTests" name="test_different_user_does_not_consume_token" time="0.015" /><testcase classname="apps.documents.tests.test_wave3_download.ConsumeAccessTokenTests" name="test_different_user_raises_404_not_403" time="0.014" /><testcase classname="apps.documents.tests.test_wave3_download.ConsumeAccessTokenTests" name="test_expired_token_raises_token_expired_error" time="0.009" /><testcase classname="apps.documents.tests.test_wave3_download.ConsumeAccessTokenTests" name="test_nonexistent_token_raises_404" time="0.011" /><testcase classname="apps.documents.tests.test_wave3_download.ConsumeAccessTokenTests" name="test_returned_document_has_correct_scan_status" time="0.011" /><testcase classname="apps.documents.tests.test_wave3_download.ConsumeAccessTokenTests" name="test_second_call_with_same_token_raises_404" time="0.013" /><testcase classname="apps.documents.tests.test_wave3_download.ConsumeAccessTokenTests" name="test_valid_token_is_no_longer_valid_after_consumption" time="0.012" /><testcase classname="apps.documents.tests.test_wave3_download.ConsumeAccessTokenTests" name="test_valid_token_marks_used_at" time="0.012" /><testcase classname="apps.documents.tests.test_wave3_download.ConsumeAccessTokenTests" name="test_valid_token_returns_document" time="0.011" /><testcase classname="apps.documents.tests.test_wave3_download.ConsumeAccessTokenTests" name="test_valid_token_used_at_is_recent" time="0.012" /><testcase classname="apps.documents.tests.test_wave3_download.TokenIsValidPropertyTests" name="test_expired_token_is_not_valid" time="0.007" /><testcase classname="apps.documents.tests.test_wave3_download.TokenIsValidPropertyTests" name="test_unused_unexpired_token_is_valid" time="0.007" /><testcase classname="apps.documents.tests.test_wave3_download.TokenIsValidPropertyTests" name="test_used_and_expired_token_is_not_valid" time="0.008" /><testcase classname="apps.documents.tests.test_wave3_download.TokenIsValidPropertyTests" name="test_used_token_is_not_valid" time="0.008" /><testcase classname="apps.documents.tests.test_wave3_download.PurgeExpiredTokensTests" name="test_does_not_purge_valid_tokens" time="0.009" /><testcase classname="apps.documents.tests.test_wave3_download.PurgeExpiredTokensTests" name="test_dry_run_false_actually_deletes" time="0.012" /><testcase classname="apps.documents.tests.test_wave3_download.PurgeExpiredTokensTests" name="test_dry_run_returns_count_without_deleting" time="0.012" /><testcase classname="apps.documents.tests.test_wave3_download.PurgeExpiredTokensTests" name="test_mixed_tokens_only_purges_purgeable" time="0.019" /><testcase classname="apps.documents.tests.test_wave3_download.PurgeExpiredTokensTests" name="test_purges_both_expired_and_used_tokens" time="0.018" /><testcase classname="apps.documents.tests.test_wave3_download.PurgeExpiredTokensTests" name="test_purges_expired_tokens" time="0.013" /><testcase classname="apps.documents.tests.test_wave3_download.PurgeExpiredTokensTests" name="test_purges_used_and_expired_token_once" time="0.016" /><testcase classname="apps.documents.tests.test_wave3_download.PurgeExpiredTokensTests" name="test_purges_used_tokens" time="0.013" /><testcase classname="apps.documents.tests.test_wave3_download.PurgeExpiredTokensTests" name="test_returns_correct_count" time="0.012" /><testcase classname="apps.documents.tests.test_wave3_download.PurgeExpiredTokensTests" name="test_returns_zero_when_nothing_to_purge" time="0.008" /><testcase classname="apps.documents.tests.test_wave3_download.RunPurgeExpiredTokensTaskTests" name="test_task_decorator_acks_late" time="0.013" /><testcase classname="apps.documents.tests.test_wave3_download.RunPurgeExpiredTokensTaskTests" name="test_task_decorator_max_retries_zero" time="0.009" /><testcase classname="apps.documents.tests.test_wave3_download.RunPurgeExpiredTokensTaskTests" name="test_task_decorator_reject_on_worker_lost" time="0.007" /><testcase classname="apps.documents.tests.test_wave3_download.RunPurgeExpiredTokensTaskTests" name="test_task_deletes_expired_tokens" time="0.011" /><testcase classname="apps.documents.tests.test_wave3_download.RunPurgeExpiredTokensTaskTests" name="test_task_deletes_used_tokens" time="0.012" /><testcase classname="apps.documents.tests.test_wave3_download.RunPurgeExpiredTokensTaskTests" name="test_task_preserves_valid_tokens" time="0.009" /><testcase classname="apps.documents.tests.test_wave3_download.RunPurgeExpiredTokensTaskTests" name="test_task_returns_count" time="0.014" /><testcase classname="apps.documents.tests.test_wave3_download.RunPurgeExpiredTokensTaskTests" name="test_task_returns_zero_when_nothing_to_purge" time="0.012" /><testcase classname="apps.documents.tests.test_wave3_download.GeneratePresignedDownloadUrlTests" name="test_client_error_propagates" time="0.021" /><testcase classname="apps.documents.tests.test_wave3_download.GeneratePresignedDownloadUrlTests" name="test_returns_presigned_url_string" time="0.018" /><testcase classname="apps.documents.tests.test_wave3_download.FullDownloadFlowTests" name="test_full_flow_citizen_downloads_own_document" time="0.022" /><testcase classname="apps.documents.tests.test_wave3_download.FullDownloadFlowTests" name="test_full_flow_purge_after_consumption" time="0.022" /><testcase classname="apps.documents.tests.test_wave3_download.FullDownloadFlowTests" name="test_full_flow_superuser_can_issue_and_consume" time="0.018" /><testcase classname="apps.documents.tests.test_wave3_download.FullDownloadFlowTests" name="test_full_flow_token_cross_user_blocked" time="0.022" /><testcase classname="apps.documents.tests.test_wave3_download.FullDownloadFlowTests" name="test_full_flow_token_single_use_enforced" time="0.025" /><testcase classname="apps.documents.tests.test_wave3_download.FullDownloadFlowTests" name="test_full_flow_two_tokens_for_same_document_are_independent" time="0.025" /><testcase classname="apps.documents.tests.test_wave4_retention.SoftDeleteHappyPathTests" name="test_in_memory_instance_updated" time="0.014" /><testcase classname="apps.documents.tests.test_wave4_retention.SoftDeleteHappyPathTests" name="test_returns_document_instance" time="0.019" /><testcase classname="apps.documents.tests.test_wave4_retention.SoftDeleteHappyPathTests" name="test_sets_deleted_at" time="0.014" /><testcase classname="apps.documents.tests.test_wave4_retention.SoftDeleteHappyPathTests" name="test_sets_deleted_by" time="0.016" /><testcase classname="apps.documents.tests.test_wave4_retention.SoftDeleteHappyPathTests" name="test_sets_deletion_reason" time="0.014" /><testcase classname="apps.documents.tests.test_wave4_retention.SoftDeleteHappyPathTests" name="test_sets_scan_status_deleted" time="0.019" /><testcase classname="apps.documents.tests.test_wave4_retention.SoftDeleteHappyPathTests" name="test_system_deletion_no_deleted_by" time="0.015" /><testcase classname="apps.documents.tests.test_wave4_retention.SoftDeleteLegalHoldTests" name="test_doc_not_modified_after_legal_hold_rejection" time="0.012" /><testcase classname="apps.documents.tests.test_wave4_retention.SoftDeleteLegalHoldTests" name="test_legal_hold_set_concurrently_raises_under_lock" time="0.014" /><testcase classname="apps.documents.tests.test_wave4_retention.SoftDeleteLegalHoldTests" name="test_raises_value_error_pre_lock" time="0.010" /><testcase classname="apps.documents.tests.test_wave4_retention.SoftDeleteAlreadyDeletedTests" name="test_raises_value_error_if_already_deleted" time="0.013" /><testcase classname="apps.documents.tests.test_wave4_retention.SoftDeleteSignalTests" name="test_signal_fired_with_correct_kwargs" time="0.016" /><testcase classname="apps.documents.tests.test_wave4_retention.SoftDeleteSignalTests" name="test_signal_fired_with_none_deleted_by" time="0.013" /><testcase classname="apps.documents.tests.test_wave4_retention.SoftDeleteSignalTests" name="test_signal_kwargs_no_pii" time="0.013" /><testcase classname="apps.documents.tests.test_wave4_retention.SoftDeleteAuditTests" name="test_audit_actor_id_is_pk_not_email" time="0.018" /><testcase classname="apps.documents.tests.test_wave4_retention.SoftDeleteAuditTests" name="test_audit_entry_written" time="0.014" /><testcase classname="apps.documents.tests.test_wave4_retention.SoftDeleteAuditTests" name="test_audit_event_detail_no_pii" time="0.013" /><testcase classname="apps.documents.tests.test_wave4_retention.HardDeleteHappyPathTests" name="test_db_row_retained" time="0.014" /><testcase classname="apps.documents.tests.test_wave4_retention.HardDeleteHappyPathTests" name="test_in_memory_storage_key_cleared" time="0.013" /><testcase classname="apps.documents.tests.test_wave4_retention.HardDeleteHappyPathTests" name="test_storage_delete_called_with_correct_key" time="0.014" /><testcase classname="apps.documents.tests.test_wave4_retention.HardDeleteHappyPathTests" name="test_storage_key_nulled" time="0.017" /><testcase classname="apps.documents.tests.test_wave4_retention.HardDeleteFailSafeTests" name="test_empty_storage_key_skips_storage_delete" time="0.014" /><testcase classname="apps.documents.tests.test_wave4_retention.HardDeleteFailSafeTests" name="test_scan_status_not_changed_on_storage_error" time="0.013" /><testcase classname="apps.documents.tests.test_wave4_retention.HardDeleteFailSafeTests" name="test_storage_key_not_nulled_on_storage_error" time="0.013" /><testcase classname="apps.documents.tests.test_wave4_retention.HardDeletePreconditionTests" name="test_raises_if_grace_period_not_elapsed" time="0.011" /><testcase classname="apps.documents.tests.test_wave4_retention.HardDeletePreconditionTests" name="test_raises_if_legal_hold" time="0.008" /><testcase classname="apps.documents.tests.test_wave4_retention.HardDeletePreconditionTests" name="test_raises_if_not_soft_deleted" time="0.006" /><testcase classname="apps.documents.tests.test_wave4_retention.HardDeletePreconditionTests" name="test_raises_if_scan_status_not_deleted" time="0.007" /><testcase classname="apps.documents.tests.test_wave4_retention.HardDeleteSignalTests" name="test_signal_fired_after_storage_delete" time="0.012" /><testcase classname="apps.documents.tests.test_wave4_retention.HardDeleteSignalTests" name="test_signal_kwargs" time="0.012" /><testcase classname="apps.documents.tests.test_wave4_retention.HardDeleteSignalTests" name="test_signal_kwargs_no_storage_key" time="0.012" /><testcase classname="apps.documents.tests.test_wave4_retention.HardDeleteAuditTests" name="test_audit_event_detail_no_pii" time="0.011" /><testcase classname="apps.documents.tests.test_wave4_retention.HardDeleteAuditTests" name="test_audit_event_type_is_record_purged" time="0.011" /><testcase classname="apps.documents.tests.test_wave4_retention.HardDeleteAuditTests" name="test_audit_written_after_storage_delete" time="0.011" /><testcase classname="apps.documents.tests.test_wave4_retention.ApplyLegalHoldTests" name="test_apply_sets_legal_hold_reason" time="0.018" /><testcase classname="apps.documents.tests.test_wave4_retention.ApplyLegalHoldTests" name="test_apply_sets_legal_hold_set_by" time="0.018" /><testcase classname="apps.documents.tests.test_wave4_retention.ApplyLegalHoldTests" name="test_apply_sets_legal_hold_true" time="0.019" /><testcase classname="apps.documents.tests.test_wave4_retention.ApplyLegalHoldTests" name="test_audit_written_with_legal_hold_applied_event" time="0.019" /><testcase classname="apps.documents.tests.test_wave4_retention.ApplyLegalHoldTests" name="test_in_memory_instance_updated" time="0.019" /><testcase classname="apps.documents.tests.test_wave4_retention.ApplyLegalHoldTests" name="test_raises_permission_denied_without_perm" time="0.014" /><testcase classname="apps.documents.tests.test_wave4_retention.ApplyLegalHoldTests" name="test_raises_value_error_if_already_on_hold" time="0.022" /><testcase classname="apps.documents.tests.test_wave4_retention.ApplyLegalHoldTests" name="test_signal_fired_with_legal_hold_true" time="0.028" /><testcase classname="apps.documents.tests.test_wave4_retention.ApplyLegalHoldTests" name="test_toctou_hold_applied_concurrently_raises_under_lock" time="0.029" /><testcase classname="apps.documents.tests.test_wave4_retention.ReleaseLegalHoldTests" name="test_audit_written" time="0.019" /><testcase classname="apps.documents.tests.test_wave4_retention.ReleaseLegalHoldTests" name="test_in_memory_instance_updated" time="0.019" /><testcase classname="apps.documents.tests.test_wave4_retention.ReleaseLegalHoldTests" name="test_legal_hold_reason_preserved_for_audit" time="0.024" /><testcase classname="apps.documents.tests.test_wave4_retention.ReleaseLegalHoldTests" name="test_raises_permission_denied_without_perm" time="0.013" /><testcase classname="apps.documents.tests.test_wave4_retention.ReleaseLegalHoldTests" name="test_raises_value_error_if_not_on_hold" time="0.015" /><testcase classname="apps.documents.tests.test_wave4_retention.ReleaseLegalHoldTests" name="test_release_sets_legal_hold_false" time="0.020" /><testcase classname="apps.documents.tests.test_wave4_retention.ReleaseLegalHoldTests" name="test_signal_fired_with_legal_hold_false" time="0.020" /><testcase classname="apps.documents.tests.test_wave4_retention.MarkPurposeFulfilledTests" name="test_actor_set_as_deleted_by" time="0.018" /><testcase classname="apps.documents.tests.test_wave4_retention.MarkPurposeFulfilledTests" name="test_raises_for_non_transitory_category" time="0.010" /><testcase classname="apps.documents.tests.test_wave4_retention.MarkPurposeFulfilledTests" name="test_raises_if_legal_hold" time="0.010" /><testcase classname="apps.documents.tests.test_wave4_retention.MarkPurposeFulfilledTests" name="test_reason_is_transitory_purpose_fulfilled" time="0.021" /><testcase classname="apps.documents.tests.test_wave4_retention.MarkPurposeFulfilledTests" name="test_sets_expires_at_to_now" time="0.017" /><testcase classname="apps.documents.tests.test_wave4_retention.MarkPurposeFulfilledTests" name="test_soft_deletes_transitory_document" time="0.016" /><testcase classname="apps.documents.tests.test_wave4_retention.RunDisposalScheduleTests" name="test_no_documents_returns_zero_counts" time="0.008" /><testcase classname="apps.documents.tests.test_wave4_retention.RunDisposalScheduleTests" name="test_returns_summary_dict" time="0.008" /><testcase classname="apps.documents.tests.test_wave4_retention.RunDisposalScheduleTests" name="test_skips_already_deleted_documents" time="0.013" /><testcase classname="apps.documents.tests.test_wave4_retention.RunDisposalScheduleTests" name="test_skips_legal_hold_documents" time="0.012" /><testcase classname="apps.documents.tests.test_wave4_retention.RunDisposalScheduleTests" name="test_soft_deletes_eligible_documents" time="0.016" /><testcase classname="apps.documents.tests.test_wave4_retention.RunDisposalScheduleTests" name="test_task_decorator_properties" time="0.007" /><testcase classname="apps.documents.tests.test_wave4_retention.RunDisposalScheduleTests" name="test_task_queue" time="0.006" /><testcase classname="apps.documents.tests.test_wave4_retention.RunDisposalScheduleTests" name="test_unexpected_exception_increments_errors_count" time="0.012" /><testcase classname="apps.documents.tests.test_wave4_retention.RunHardDeleteScheduleTests" name="test_db_row_retained_after_hard_delete" time="0.022" /><testcase classname="apps.documents.tests.test_wave4_retention.RunHardDeleteScheduleTests" name="test_nulls_storage_key_for_eligible_documents" time="0.018" /><testcase classname="apps.documents.tests.test_wave4_retention.RunHardDeleteScheduleTests" name="test_returns_summary_dict" time="0.007" /><testcase classname="apps.documents.tests.test_wave4_retention.RunHardDeleteScheduleTests" name="test_skips_docs_within_grace_period" time="0.009" /><testcase classname="apps.documents.tests.test_wave4_retention.RunHardDeleteScheduleTests" name="test_skips_legal_hold_even_after_grace" time="0.008" /><testcase classname="apps.documents.tests.test_wave4_retention.RunHardDeleteScheduleTests" name="test_task_decorator_properties" time="0.006" /><testcase classname="apps.documents.tests.test_wave4_retention.RunHardDeleteScheduleTests" name="test_unexpected_exception_increments_errors_count" time="0.016" /><testcase classname="apps.documents.tests.test_wave4_retention.NotifyExpiringDocumentsTests" name="test_days_remaining_computed_correctly" time="0.011" /><testcase classname="apps.documents.tests.test_wave4_retention.NotifyExpiringDocumentsTests" name="test_does_not_notify_already_expired_documents" time="0.009" /><testcase classname="apps.documents.tests.test_wave4_retention.NotifyExpiringDocumentsTests" name="test_does_not_notify_deleted_documents" time="0.009" /><testcase classname="apps.documents.tests.test_wave4_retention.NotifyExpiringDocumentsTests" name="test_does_not_notify_legal_hold_documents" time="0.009" /><testcase classname="apps.documents.tests.test_wave4_retention.NotifyExpiringDocumentsTests" name="test_does_not_notify_non_latest_versions" time="0.009" /><testcase classname="apps.documents.tests.test_wave4_retention.NotifyExpiringDocumentsTests" name="test_does_not_notify_quarantined_documents" time="0.010" /><testcase classname="apps.documents.tests.test_wave4_retention.NotifyExpiringDocumentsTests" name="test_notification_context_contains_no_pii" time="0.013" /><testcase classname="apps.documents.tests.test_wave4_retention.NotifyExpiringDocumentsTests" name="test_returns_summary_dict" time="0.008" /><testcase classname="apps.documents.tests.test_wave4_retention.NotifyExpiringDocumentsTests" name="test_sends_notification_for_expiring_document" time="0.010" /><testcase classname="apps.documents.tests.test_wave4_retention.NotifyExpiringDocumentsTests" name="test_smtp_exception_counted_as_skipped_not_reraised" time="0.011" /><testcase classname="apps.documents.tests.test_wave4_retention.NotifyExpiringDocumentsTests" name="test_task_decorator_properties" time="0.006" /><testcase classname="apps.documents.tests.test_wave4_retention.NotifyExpiringDocumentsTests" name="test_task_queue" time="0.006" /><testcase classname="apps.documents.tests.test_wave4_retention.NotifyExpiringDocumentsTests" name="test_template_failure_counted_as_skipped" time="0.011" /><testcase classname="apps.documents.tests.test_wave4_retention.CreateBeatScheduleTests" name="test_all_tasks_enabled" time="0.075" /><testcase classname="apps.documents.tests.test_wave4_retention.CreateBeatScheduleTests" name="test_cleanup_task_registered_at_04_00" time="0.067" /><testcase classname="apps.documents.tests.test_wave4_retention.CreateBeatScheduleTests" name="test_creates_five_periodic_tasks" time="0.062" /><testcase classname="apps.documents.tests.test_wave4_retention.CreateBeatScheduleTests" name="test_disposal_task_registered_at_02_00" time="0.062" /><testcase classname="apps.documents.tests.test_wave4_retention.CreateBeatScheduleTests" name="test_hard_delete_task_registered_at_03_00" time="0.073" /><testcase classname="apps.documents.tests.test_wave4_retention.CreateBeatScheduleTests" name="test_idempotent_second_call" time="0.082" /><testcase classname="apps.documents.tests.test_wave4_retention.CreateBeatScheduleTests" name="test_notify_task_registered_at_08_00" time="0.091" /><testcase classname="apps.documents.tests.test_wave4_retention.CreateBeatScheduleTests" name="test_purge_tokens_task_registered_at_01_00" time="0.071" /><testcase classname="apps.documents.tests.test_wave4_retention.DocumentPermissionsTests" name="test_manage_legal_hold_in_db" time="0.005" /><testcase classname="apps.documents.tests.test_wave4_retention.DocumentPermissionsTests" name="test_manage_legal_hold_in_meta_permissions" time="0.003" /><testcase classname="apps.documents.tests.test_wave4_retention.DocumentPermissionsTests" name="test_upload_document_still_present" time="0.003" /><testcase classname="apps.documents.tests.test_wave4_retention.DocumentPermissionsTests" name="test_upload_staff_document_still_present" time="0.003" /><testcase classname="apps.documents.tests.test_wave4_retention.PipedaInvariantsTests" name="test_hard_delete_audit_no_storage_key" time="0.020" /><testcase classname="apps.documents.tests.test_wave4_retention.PipedaInvariantsTests" name="test_legal_hold_audit_actor_id_is_int_not_email" time="0.021" /><testcase classname="apps.documents.tests.test_wave4_retention.PipedaInvariantsTests" name="test_soft_delete_audit_no_filename" time="0.012" /><testcase classname="apps.documents.tests.test_wave4_retention.PipedaInvariantsTests" name="test_soft_delete_signal_no_filename" time="0.013" /><testcase classname="apps.documents.tests.test_wave6_integration.TestDocumentCategorySeed" name="test_all_9_categories_exist_after_migration" time="0.015" /><testcase classname="apps.documents.tests.test_wave6_integration.TestDocumentCategorySeed" name="test_pipeda_data_export_is_transitory" time="0.014" /><testcase classname="apps.documents.tests.test_wave6_integration.TestDocumentCategorySeed" name="test_pipeda_data_export_max_retention_30" time="0.014" /><testcase classname="apps.documents.tests.test_wave6_integration.TestDocumentCategorySeed" name="test_seed_is_idempotent" time="0.028" /><testcase classname="apps.documents.tests.test_wave6_integration.TestDocumentCategorySeed" name="test_staff_decision_memo_is_staff_only" time="0.014" /><testcase classname="apps.documents.tests.test_wave6_integration.TestDocumentCategorySeed" name="test_system_generated_report_is_staff_only" time="0.019" /><testcase classname="apps.documents.tests.test_wave6_integration.TestCertificationDocumentIntegration" name="test_certification_document_v2_can_be_set" time="0.016" /><testcase classname="apps.documents.tests.test_wave6_integration.TestCertificationDocumentIntegration" name="test_certification_document_v2_field_exists" time="0.009" /><testcase classname="apps.documents.tests.test_wave6_integration.TestCertificationDocumentIntegration" name="test_certification_document_v2_nullable" time="0.008" /><testcase classname="apps.documents.tests.test_wave6_integration.TestCertificationDocumentIntegration" name="test_certification_document_v2_protect" time="0.028" /><testcase classname="apps.documents.tests.test_wave6_integration.TestHonorariumT4ADocumentIntegration" name="test_honorarium_t4a_document_can_link_document" time="0.024" /><testcase classname="apps.documents.tests.test_wave6_integration.TestHonorariumT4ADocumentIntegration" name="test_honorarium_t4a_document_field_exists" time="0.013" /><testcase classname="apps.documents.tests.test_wave6_integration.TestHonorariumT4ADocumentIntegration" name="test_honorarium_t4a_document_nullable" time="0.013" /><testcase classname="apps.documents.tests.test_wave6_integration.TestHonorariumT4ADocumentIntegration" name="test_honorarium_t4a_document_one_to_one" time="0.038" /><testcase classname="apps.documents.tests.test_wave6_integration.TestScreeningRecordDocumentIntegration" name="test_vsc_confirmation_doc_can_be_set" time="0.013" /><testcase classname="apps.documents.tests.test_wave6_integration.TestScreeningRecordDocumentIntegration" name="test_vsc_confirmation_doc_field_exists" time="0.007" /><testcase classname="apps.documents.tests.test_wave6_integration.TestScreeningRecordDocumentIntegration" name="test_vsc_confirmation_doc_nullable" time="0.008" /><testcase classname="apps.documents.tests.test_wave6_integration.TestScreeningRecordDocumentIntegration" name="test_vsc_confirmation_doc_pipeda_help_text" time="0.006" /><testcase classname="apps.documents.tests.test_wave6_integration.TestOfficialDonationReceiptDocumentIntegration" name="test_document_field_exists" time="0.016" /><testcase classname="apps.documents.tests.test_wave6_integration.TestOfficialDonationReceiptDocumentIntegration" name="test_document_nullable" time="0.009" /><testcase classname="apps.documents.tests.test_wave6_integration.TestOfficialDonationReceiptDocumentIntegration" name="test_has_pdf_false_when_no_document" time="0.010" /><testcase classname="apps.documents.tests.test_wave6_integration.TestOfficialDonationReceiptDocumentIntegration" name="test_has_pdf_true_when_document_set" time="0.014" /><testcase classname="apps.documents.tests.test_wave6_integration.TestOfficialDonationReceiptDocumentIntegration" name="test_pdf_path_field_absent_after_phase3" time="0.004" /><testcase classname="apps.documents.tests.test_wave6_integration.TestDataExportRequestDocumentIntegration" name="test_document_can_be_set" time="0.011" /><testcase classname="apps.documents.tests.test_wave6_integration.TestDataExportRequestDocumentIntegration" name="test_document_field_exists" time="0.009" /><testcase classname="apps.documents.tests.test_wave6_integration.TestDataExportRequestDocumentIntegration" name="test_document_nullable" time="0.007" /><testcase classname="apps.documents.tests.test_wave6_integration.TestDataExportRequestDocumentIntegration" name="test_document_protect" time="0.016" /><testcase classname="apps.documents.tests.test_wave6_integration.TestDataExportRequestDocumentIntegration" name="test_storage_path_field_removed" time="0.003" /><testcase classname="apps.documents.tests.test_wave6_integration.TestServiceRequestGenericRelation" name="test_can_attach_document_to_service_request" time="0.013" /><testcase classname="apps.documents.tests.test_wave6_integration.TestServiceRequestGenericRelation" name="test_document_attachment_references_correct_document" time="0.012" /><testcase classname="apps.documents.tests.test_wave6_integration.TestServiceRequestGenericRelation" name="test_service_request_has_document_attachments_attribute" time="0.010" /><testcase classname="apps.documents.tests.test_wave6_integration.TestWorkItemGenericRelation" name="test_can_attach_document_to_work_item" time="0.012" /><testcase classname="apps.documents.tests.test_wave6_integration.TestWorkItemGenericRelation" name="test_can_attach_document_to_work_item_comment" time="0.012" /><testcase classname="apps.documents.tests.test_wave6_integration.TestWorkItemGenericRelation" name="test_document_attachment_cascade_delete_on_workitem_delete" time="0.014" /><testcase classname="apps.documents.tests.test_wave6_integration.TestWorkItemGenericRelation" name="test_work_item_comment_has_document_attachments" time="0.007" /><testcase classname="apps.documents.tests.test_wave6_integration.TestWorkItemGenericRelation" name="test_work_item_has_document_attachments" time="0.007" /><testcase classname="apps.documents.tests.test_wave6_integration.TestMigrateExistingFilesCommand" name="test_certification_migration_detects_phase3" time="0.009" /><testcase classname="apps.documents.tests.test_wave6_integration.TestMigrateExistingFilesCommand" name="test_dry_run_does_not_write_to_db" time="0.006" /><testcase classname="apps.documents.tests.test_wave6_integration.TestMigrateExistingFilesCommand" name="test_idempotency" time="0.006" /><testcase classname="apps.documents.tests.test_wave6_integration.TestMigrateExistingFilesCommand" name="test_no_pii_in_logs" time="0.006" /><testcase classname="apps.documents.tests.test_wave6_integration.TestTransitoryDocumentDisposal" name="test_mark_purpose_fulfilled_already_deleted_raises" time="0.009" /><testcase classname="apps.documents.tests.test_wave6_integration.TestTransitoryDocumentDisposal" name="test_mark_purpose_fulfilled_legal_hold_raises" time="0.010" /><testcase classname="apps.documents.tests.test_wave6_integration.TestTransitoryDocumentDisposal" name="test_mark_purpose_fulfilled_non_transitory_raises" time="0.009" /><testcase classname="apps.documents.tests.test_wave6_integration.TestTransitoryDocumentDisposal" name="test_mark_purpose_fulfilled_on_transitory_category" time="0.016" /><testcase classname="apps.documents.tests.test_wave6_integration.TestTransitoryDocumentDisposal" name="test_mark_purpose_fulfilled_sets_expires_at" time="0.014" /><testcase classname="apps.documents.tests.test_wave6_integration.TestDataExportTaskDocumentBBIntegration" name="test_legacy_export_file_deleted_after_successful_document_bb_creation" time="0.027" /><testcase classname="apps.documents.tests.test_wave6_integration.TestDataExportTaskDocumentBBIntegration" name="test_pii_not_in_export_task_logs" time="0.021" /><testcase classname="apps.documents.tests.test_wave6_integration.TestDataExportTaskDocumentBBIntegration" name="test_process_data_export_creates_document_when_category_exists" time="0.023" /><testcase classname="apps.documents.tests.test_wave6_integration.TestDataExportTaskDocumentBBIntegration" name="test_process_data_export_falls_back_when_category_missing" time="0.032" /><testcase classname="apps.documents.tests.test_wave6_integration.TestDataExportTaskDocumentBBIntegration" name="test_storage_key_not_in_logs" time="0.026" /><testcase classname="apps.documents.tests.test_wave6_integration.TestCorrectiveMigration0008" name="test_corrective_migration_is_idempotent" time="0.009" /><testcase classname="apps.documents.tests.test_wave6_integration.TestCorrectiveMigration0008" name="test_cra_t4a_slip_final_state_is_correct" time="0.004" /><testcase classname="apps.documents.tests.test_wave6_integration.TestCorrectiveMigration0008" name="test_cra_t4a_slip_staff_only_after_corrective_migration" time="0.007" /><testcase classname="apps.documents.tests.test_wave6_integration.TestCorrectiveMigration0008" name="test_noop_reverse_does_not_raise" time="0.005" /><testcase classname="apps.documents.tests.test_wave6_integration.TestCorrectiveMigration0008" name="test_volunteer_certification_final_state_is_correct" time="0.006" /><testcase classname="apps.documents.tests.test_wave6_integration.TestCorrectiveMigration0008" name="test_volunteer_certification_min_retention_is_730_days" time="0.008" /><testcase classname="apps.documents.tests.test_wave6_integration.TestCorrectiveMigration0008" name="test_volunteer_certification_staff_only_after_corrective_migration" time="0.007" /><testcase classname="apps.documents.tests.test_wave6_integration.TestServiceFeePaymentGenericRelation" name="test_document_can_be_attached_to_service_fee_payment" time="0.018" /><testcase classname="apps.documents.tests.test_wave6_integration.TestServiceFeePaymentGenericRelation" name="test_service_fee_payment_attachment_cascade_on_delete" time="0.015" /><testcase classname="apps.documents.tests.test_wave6_integration.TestServiceFeePaymentGenericRelation" name="test_service_fee_payment_has_document_attachments_relation" time="0.003" /><testcase classname="apps.documents.tests.test_wave6_integration.TestVolunteerApplicationGenericRelation" name="test_document_can_be_attached_to_volunteer_application" time="0.021" /><testcase classname="apps.documents.tests.test_wave6_integration.TestVolunteerApplicationGenericRelation" name="test_volunteer_application_attachment_cascade_on_delete" time="0.014" /><testcase classname="apps.documents.tests.test_wave6_integration.TestVolunteerApplicationGenericRelation" name="test_volunteer_application_has_document_attachments_relation" time="0.003" /><testcase classname="apps.documents.tests.test_wave6_integration.TestCleanupExportFilesActorFix" name="test_cleanup_does_not_crash_with_transitory_document" time="0.024" /><testcase classname="apps.documents.tests.test_wave6_integration.TestCleanupExportFilesActorFix" name="test_cleanup_marks_transitory_document_soft_deleted" time="0.027" /><testcase classname="apps.documents.tests.test_integration.FullUploadScanDownloadPipelineTests" name="test_access_token_issued_for_active_document" time="0.441" /><testcase classname="apps.documents.tests.test_integration.FullUploadScanDownloadPipelineTests" name="test_confirm_upload_advances_to_scanning_status" time="0.305" /><testcase classname="apps.documents.tests.test_integration.FullUploadScanDownloadPipelineTests" name="test_confirm_upload_dispatches_scan_on_commit" time="0.299" /><testcase classname="apps.documents.tests.test_integration.FullUploadScanDownloadPipelineTests" name="test_confirm_upload_idor_returns_404_for_wrong_user" time="0.296" /><testcase classname="apps.documents.tests.test_integration.FullUploadScanDownloadPipelineTests" name="test_consume_access_token_returns_document_and_marks_used" time="0.312" /><testcase classname="apps.documents.tests.test_integration.FullUploadScanDownloadPipelineTests" name="test_consumed_token_cannot_be_reused" time="0.314" /><testcase classname="apps.documents.tests.test_integration.FullUploadScanDownloadPipelineTests" name="test_dev_bypass_scan_produces_active_document" time="0.302" /><testcase classname="apps.documents.tests.test_integration.FullUploadScanDownloadPipelineTests" name="test_expired_token_cannot_be_consumed" time="0.307" /><testcase classname="apps.documents.tests.test_integration.FullUploadScanDownloadPipelineTests" name="test_other_user_cannot_consume_foreign_token" time="0.313" /><testcase classname="apps.documents.tests.test_integration.FullUploadScanDownloadPipelineTests" name="test_validate_upload_request_creates_pending_upload_document" time="0.294" /><testcase classname="apps.documents.tests.test_integration.FullUploadScanDownloadPipelineTests" name="test_validate_upload_request_never_returns_storage_key" time="0.293" /></testsuite></testsuites>