<?xml version="1.0" encoding="utf-8"?><testsuites><testsuite name="pytest" errors="0" failures="0" skipped="0" tests="317" time="130.700" timestamp="2026-08-23T22:09:25.430431-04:00" hostname="2752b08dd0fd"><testcase classname="apps.documents.tests.test_access_tokens.IssueAccessTokenTests" name="test_issue_token_creates_record" time="112.438" /><testcase classname="apps.documents.tests.test_access_tokens.IssueAccessTokenTests" name="test_issue_token_for_active_document_is_valid" time="0.017" /><testcase classname="apps.documents.tests.test_access_tokens.IssueAccessTokenTests" name="test_issue_token_linked_to_correct_document" time="0.017" /><testcase classname="apps.documents.tests.test_access_tokens.IssueAccessTokenTests" name="test_issue_token_linked_to_correct_user" time="0.017" /><testcase classname="apps.documents.tests.test_access_tokens.IssueAccessTokenTests" name="test_issue_token_non_owner_writes_access_denied_audit_event" time="0.019" /><testcase classname="apps.documents.tests.test_access_tokens.IssueAccessTokenTests" name="test_issue_token_raises_404_for_deleted_document" time="0.016" /><testcase classname="apps.documents.tests.test_access_tokens.IssueAccessTokenTests" name="test_issue_token_raises_404_for_non_owner" time="0.017" /><testcase classname="apps.documents.tests.test_access_tokens.IssueAccessTokenTests" name="test_issue_token_raises_404_for_pending_upload" time="0.016" /><testcase classname="apps.documents.tests.test_access_tokens.IssueAccessTokenTests" name="test_issue_token_raises_404_for_quarantined_document" time="0.016" /><testcase classname="apps.documents.tests.test_access_tokens.IssueAccessTokenTests" name="test_issue_token_raises_404_for_scanning_document" time="0.016" /><testcase classname="apps.documents.tests.test_access_tokens.IssueAccessTokenTests" name="test_issue_token_staff_coordinator_can_download_any" time="0.024" /><testcase classname="apps.documents.tests.test_access_tokens.IssueAccessTokenTests" name="test_issue_token_superuser_can_download_any" time="0.017" /><testcase classname="apps.documents.tests.test_access_tokens.IssueAccessTokenIPMaskingTests" name="test_ipv4_127_0_0_1_masked" time="0.018" /><testcase classname="apps.documents.tests.test_access_tokens.IssueAccessTokenIPMaskingTests" name="test_ipv4_last_octet_zeroed" time="0.017" /><testcase classname="apps.documents.tests.test_access_tokens.IssueAccessTokenIPMaskingTests" name="test_ipv6_masked_to_48_prefix" time="0.018" /><testcase classname="apps.documents.tests.test_access_tokens.IssueAccessTokenIPMaskingTests" name="test_none_ip_stored_as_none" time="0.017" /><testcase classname="apps.documents.tests.test_access_tokens.IssueAccessTokenIPMaskingTests" name="test_unparseable_ip_stored_as_none" time="0.019" /><testcase classname="apps.documents.tests.test_access_tokens.IssueAccessTokenAuditTests" name="test_issue_token_audit_actor_is_user" time="0.020" /><testcase classname="apps.documents.tests.test_access_tokens.IssueAccessTokenAuditTests" name="test_issue_token_audit_no_original_filename" time="0.019" /><testcase classname="apps.documents.tests.test_access_tokens.IssueAccessTokenAuditTests" name="test_issue_token_audit_no_storage_key" time="0.020" /><testcase classname="apps.documents.tests.test_access_tokens.IssueAccessTokenAuditTests" name="test_issue_token_writes_audit_record" time="0.021" /><testcase classname="apps.documents.tests.test_access_tokens.IssueAccessTokenTTLTests" name="test_token_default_ttl_300_seconds" time="0.020" /><testcase classname="apps.documents.tests.test_access_tokens.IssueAccessTokenTTLTests" name="test_token_ttl_from_settings" time="0.020" /><testcase classname="apps.documents.tests.test_access_tokens.ConsumeAccessTokenTests" name="test_consume_token_is_invalid_after_use" time="0.025" /><testcase classname="apps.documents.tests.test_access_tokens.ConsumeAccessTokenTests" name="test_consume_token_marks_used_at" time="0.023" /><testcase classname="apps.documents.tests.test_access_tokens.ConsumeAccessTokenTests" name="test_consume_token_raises_404_on_expired_token" time="0.020" /><testcase classname="apps.documents.tests.test_access_tokens.ConsumeAccessTokenTests" name="test_consume_token_raises_404_on_nonexistent_token" time="0.019" /><testcase classname="apps.documents.tests.test_access_tokens.ConsumeAccessTokenTests" name="test_consume_token_raises_404_on_used_token" time="0.025" /><testcase classname="apps.documents.tests.test_access_tokens.ConsumeAccessTokenTests" name="test_consume_token_raises_404_wrong_user" time="0.024" /><testcase classname="apps.documents.tests.test_access_tokens.ConsumeAccessTokenTests" name="test_consume_token_returns_document" time="0.022" /><testcase classname="apps.documents.tests.test_access_tokens.ConsumeAccessTokenTests" name="test_consume_token_used_at_is_recent" time="0.023" /><testcase classname="apps.documents.tests.test_access_tokens.ConsumeAccessTokenTests" name="test_consume_token_writes_audit_record" time="0.024" /><testcase classname="apps.documents.tests.test_access_tokens.ConsumeAccessTokenTests" name="test_consume_token_wrong_user_writes_access_denied_audit_event" time="0.027" /><testcase classname="apps.documents.tests.test_access_tokens.PurgeExpiredTokensTests" name="test_purge_deletes_expired_tokens" time="0.016" /><testcase classname="apps.documents.tests.test_access_tokens.PurgeExpiredTokensTests" name="test_purge_deletes_used_tokens" time="0.015" /><testcase classname="apps.documents.tests.test_access_tokens.PurgeExpiredTokensTests" name="test_purge_dry_run_does_not_delete" time="0.013" /><testcase classname="apps.documents.tests.test_access_tokens.PurgeExpiredTokensTests" name="test_purge_mixed_batch" time="0.018" /><testcase classname="apps.documents.tests.test_access_tokens.PurgeExpiredTokensTests" name="test_purge_preserves_valid_tokens" time="0.012" /><testcase classname="apps.documents.tests.test_access_tokens.PurgeExpiredTokensTests" name="test_purge_returns_count_of_deleted" time="0.015" /><testcase classname="apps.documents.tests.test_models.DocumentCategoryStrTests" name="test_str_not_name_en" time="0.006" /><testcase classname="apps.documents.tests.test_models.DocumentCategoryStrTests" name="test_str_returns_slug" time="0.006" /><testcase classname="apps.documents.tests.test_models.DocumentCategoryCleanTests" name="test_clean_error_message_contains_values" time="0.006" /><testcase classname="apps.documents.tests.test_models.DocumentCategoryCleanTests" name="test_clean_ok_when_equal" time="0.006" /><testcase classname="apps.documents.tests.test_models.DocumentCategoryCleanTests" name="test_clean_ok_when_min_less_than_max" time="0.005" /><testcase classname="apps.documents.tests.test_models.DocumentCategoryCleanTests" name="test_clean_raises_when_min_exceeds_max" time="0.005" /><testcase classname="apps.documents.tests.test_models.DocumentCategoryDefaultsTests" name="test_default_security_classification_is_protected_b" time="0.006" /><testcase classname="apps.documents.tests.test_models.DocumentCategoryDefaultsTests" name="test_is_transitory_defaults_false" time="0.005" /><testcase classname="apps.documents.tests.test_models.DocumentCategoryDefaultsTests" name="test_max_size_bytes_default_zero" time="0.005" /><testcase classname="apps.documents.tests.test_models.DocumentCategoryDefaultsTests" name="test_min_retention_days_default" time="0.005" /><testcase classname="apps.documents.tests.test_models.DocumentCategoryDefaultsTests" name="test_staff_only_defaults_false" time="0.005" /><testcase classname="apps.documents.tests.test_models.DocumentStrTests" name="test_str_contains_pk" time="0.010" /><testcase classname="apps.documents.tests.test_models.DocumentStrTests" name="test_str_contains_scan_status" time="0.010" /><testcase classname="apps.documents.tests.test_models.DocumentStrTests" name="test_str_contains_version_number" time="0.010" /><testcase classname="apps.documents.tests.test_models.DocumentStrTests" name="test_str_does_not_contain_original_filename" time="0.010" /><testcase classname="apps.documents.tests.test_models.DocumentStrTests" name="test_str_format" time="0.010" /><testcase classname="apps.documents.tests.test_models.DocumentCleanTests" name="test_clean_no_root_version2_raises" time="0.011" /><testcase classname="apps.documents.tests.test_models.DocumentCleanTests" name="test_clean_self_root_raises" time="0.010" /><testcase classname="apps.documents.tests.test_models.DocumentCleanTests" name="test_clean_version1_no_root_ok" time="0.010" /><testcase classname="apps.documents.tests.test_models.DocumentCleanTests" name="test_clean_version1_with_root_raises" time="0.011" /><testcase classname="apps.documents.tests.test_models.DocumentCleanTests" name="test_clean_version2_with_root_ok" time="0.011" /><testcase classname="apps.documents.tests.test_models.DocumentCleanTests" name="test_clean_version_number_negative_raises" time="0.010" /><testcase classname="apps.documents.tests.test_models.DocumentCleanTests" name="test_clean_version_number_zero_raises" time="0.011" /><testcase classname="apps.documents.tests.test_models.DocumentQuerySetActiveTests" name="test_active_excludes_deleted_status" time="0.018" /><testcase classname="apps.documents.tests.test_models.DocumentQuerySetActiveTests" name="test_active_excludes_pending_upload" time="0.012" /><testcase classname="apps.documents.tests.test_models.DocumentQuerySetActiveTests" name="test_active_excludes_purged" time="0.012" /><testcase classname="apps.documents.tests.test_models.DocumentQuerySetActiveTests" name="test_active_excludes_quarantined" time="0.012" /><testcase classname="apps.documents.tests.test_models.DocumentQuerySetActiveTests" name="test_active_excludes_scanning" time="0.012" /><testcase classname="apps.documents.tests.test_models.DocumentQuerySetActiveTests" name="test_active_excludes_soft_deleted" time="0.013" /><testcase classname="apps.documents.tests.test_models.DocumentQuerySetActiveTests" name="test_active_returns_active_non_deleted" time="0.012" /><testcase classname="apps.documents.tests.test_models.DocumentQuerySetLatestVersionsTests" name="test_latest_versions_combined_with_active" time="0.013" /><testcase classname="apps.documents.tests.test_models.DocumentQuerySetLatestVersionsTests" name="test_latest_versions_excludes_non_latest" time="0.012" /><testcase classname="apps.documents.tests.test_models.DocumentQuerySetLatestVersionsTests" name="test_latest_versions_returns_is_latest_true" time="0.013" /><testcase classname="apps.documents.tests.test_models.DocumentQuerySetPendingDisposalTests" name="test_pending_disposal_eligible" time="0.014" /><testcase classname="apps.documents.tests.test_models.DocumentQuerySetPendingDisposalTests" name="test_pending_disposal_excludes_already_deleted" time="0.013" /><testcase classname="apps.documents.tests.test_models.DocumentQuerySetPendingDisposalTests" name="test_pending_disposal_excludes_future_expires_at" time="0.013" /><testcase classname="apps.documents.tests.test_models.DocumentQuerySetPendingDisposalTests" name="test_pending_disposal_excludes_future_retain_until" time="0.013" /><testcase classname="apps.documents.tests.test_models.DocumentQuerySetPendingDisposalTests" name="test_pending_disposal_excludes_legal_hold" time="0.013" /><testcase classname="apps.documents.tests.test_models.DocumentQuerySetPendingDisposalTests" name="test_pending_disposal_excludes_null_expires_at" time="0.013" /><testcase classname="apps.documents.tests.test_models.DocumentQuerySetPendingDisposalTests" name="test_pending_disposal_excludes_null_retain_until" time="0.014" /><testcase classname="apps.documents.tests.test_models.DocumentQuerySetPendingHardDeleteTests" name="test_pending_hard_delete_custom_grace_days" time="0.016" /><testcase classname="apps.documents.tests.test_models.DocumentQuerySetPendingHardDeleteTests" name="test_pending_hard_delete_eligible" time="0.013" /><testcase classname="apps.documents.tests.test_models.DocumentQuerySetPendingHardDeleteTests" name="test_pending_hard_delete_excludes_active_status" time="0.013" /><testcase classname="apps.documents.tests.test_models.DocumentQuerySetPendingHardDeleteTests" name="test_pending_hard_delete_excludes_legal_hold" time="0.013" /><testcase classname="apps.documents.tests.test_models.DocumentQuerySetPendingHardDeleteTests" name="test_pending_hard_delete_excludes_null_deleted_at" time="0.013" /><testcase classname="apps.documents.tests.test_models.DocumentQuerySetPendingHardDeleteTests" name="test_pending_hard_delete_excludes_purged" time="0.013" /><testcase classname="apps.documents.tests.test_models.DocumentQuerySetPendingHardDeleteTests" name="test_pending_hard_delete_excludes_within_grace" time="0.013" /><testcase classname="apps.documents.tests.test_models.DocumentPropertyTests" name="test_is_deleted_false_when_no_deleted_at" time="0.011" /><testcase classname="apps.documents.tests.test_models.DocumentPropertyTests" name="test_is_deleted_true_when_deleted_at_set" time="0.010" /><testcase classname="apps.documents.tests.test_models.DocumentPropertyTests" name="test_storage_key_format" time="0.010" /><testcase classname="apps.documents.tests.test_models.DocumentPropertyTests" name="test_storage_key_is_not_empty" time="0.010" /><testcase classname="apps.documents.tests.test_models.DocumentPropertyTests" name="test_storage_key_property_returns_storage_key_field" time="0.010" /><testcase classname="apps.documents.tests.test_models.DocumentAccessTokenTests" name="test_generate_token_is_hex_string" time="0.011" /><testcase classname="apps.documents.tests.test_models.DocumentAccessTokenTests" name="test_generate_token_returns_64_chars" time="0.010" /><testcase classname="apps.documents.tests.test_models.DocumentAccessTokenTests" name="test_generate_token_unique" time="0.010" /><testcase classname="apps.documents.tests.test_models.DocumentAccessTokenTests" name="test_is_valid_false_when_expired" time="0.010" /><testcase classname="apps.documents.tests.test_models.DocumentAccessTokenTests" name="test_is_valid_false_when_used" time="0.011" /><testcase classname="apps.documents.tests.test_models.DocumentAccessTokenTests" name="test_is_valid_false_when_used_and_expired" time="0.010" /><testcase classname="apps.documents.tests.test_models.DocumentAccessTokenTests" name="test_is_valid_true_when_unused_not_expired" time="0.010" /><testcase classname="apps.documents.tests.test_models.DocumentAccessTokenTests" name="test_str_contains_doc_id" time="0.010" /><testcase classname="apps.documents.tests.test_models.DocumentAccessTokenTests" name="test_str_contains_pk" time="0.010" /><testcase classname="apps.documents.tests.test_models.DocumentAccessTokenTests" name="test_token_uniqueness_db_constraint" time="0.010" /><testcase classname="apps.documents.tests.test_models.DocumentAttachmentStrTests" name="test_str_contains_document_pk" time="0.013" /><testcase classname="apps.documents.tests.test_models.DocumentAttachmentStrTests" name="test_str_contains_object_id" time="0.011" /><testcase classname="apps.documents.tests.test_models.DocumentAttachmentStrTests" name="test_str_format" time="0.011" /><testcase classname="apps.documents.tests.test_models.ScanStatusChoicesTests" name="test_all_statuses_exist" time="0.005" /><testcase classname="apps.documents.tests.test_models.ScanStatusChoicesTests" name="test_purged_is_terminal" time="0.014" /><testcase classname="apps.documents.tests.test_models.SecurityClassificationTests" name="test_document_inherits_category_classification" time="0.012" /><testcase classname="apps.documents.tests.test_models.SecurityClassificationTests" name="test_three_levels_exist" time="0.005" /><testcase classname="apps.documents.tests.test_services_retention.ScheduleExpiryNonTransitoryTests" name="test_equal_min_max_retention" time="0.014" /><testcase classname="apps.documents.tests.test_services_retention.ScheduleExpiryNonTransitoryTests" name="test_expires_at_is_after_retain_until" time="0.012" /><testcase classname="apps.documents.tests.test_services_retention.ScheduleExpiryNonTransitoryTests" name="test_expires_at_set_to_created_at_plus_max_retention" time="0.012" /><testcase classname="apps.documents.tests.test_services_retention.ScheduleExpiryNonTransitoryTests" name="test_privacy_act_minimum_730_days" time="0.013" /><testcase classname="apps.documents.tests.test_services_retention.ScheduleExpiryNonTransitoryTests" name="test_retain_until_set_to_created_at_plus_min_retention_as_date" time="0.012" /><testcase classname="apps.documents.tests.test_services_retention.ScheduleExpiryNonTransitoryTests" name="test_seven_year_category" time="0.012" /><testcase classname="apps.documents.tests.test_services_retention.ScheduleExpiryNonTransitoryTests" name="test_short_max_retention" time="0.013" /><testcase classname="apps.documents.tests.test_services_retention.ScheduleExpiryTransitoryTests" name="test_transitory_doc_not_in_pending_disposal_immediately" time="0.014" /><testcase classname="apps.documents.tests.test_services_retention.ScheduleExpiryTransitoryTests" name="test_transitory_expires_at_is_none" time="0.012" /><testcase classname="apps.documents.tests.test_services_retention.ScheduleExpiryTransitoryTests" name="test_transitory_retain_until_set_if_min_positive" time="0.012" /><testcase classname="apps.documents.tests.test_services_retention.ScheduleExpiryTransitoryTests" name="test_transitory_zero_min_retention_both_none" time="0.013" /><testcase classname="apps.documents.tests.test_services_retention.ScheduleExpiryZeroRetentionTests" name="test_zero_max_retention_non_transitory_expires_at_none" time="0.013" /><testcase classname="apps.documents.tests.test_services_retention.ScheduleExpiryZeroRetentionTests" name="test_zero_min_retention_retain_until_is_none" time="0.013" /><testcase classname="apps.documents.tests.test_services_retention.ScheduleExpiryPersistenceTests" name="test_expires_at_saved_to_db" time="0.013" /><testcase classname="apps.documents.tests.test_services_retention.ScheduleExpiryPersistenceTests" name="test_idempotent_second_call" time="0.016" /><testcase classname="apps.documents.tests.test_services_retention.ScheduleExpiryPersistenceTests" name="test_retain_until_saved_to_db" time="0.012" /><testcase classname="apps.documents.tests.test_services_retention.ScheduleExpiryPersistenceTests" name="test_save_uses_update_fields" time="0.013" /><testcase classname="apps.documents.tests.test_services_retention.ScheduleExpiryPersistenceTests" name="test_schedule_expiry_only_touches_retention_fields" time="0.014" /><testcase classname="apps.documents.tests.test_services_retention.ScheduleExpiryPendingDisposalIntegrationTests" name="test_backdate_expires_at_and_retain_until_appears_in_pending" time="0.014" /><testcase classname="apps.documents.tests.test_services_retention.ScheduleExpiryPendingDisposalIntegrationTests" name="test_fresh_document_not_in_pending_disposal" time="0.013" /><testcase classname="apps.documents.tests.test_services_retention.ScheduleExpiryPendingDisposalIntegrationTests" name="test_legal_hold_blocks_pending_disposal" time="0.013" /><testcase classname="apps.documents.tests.test_services_retention.ScheduleExpiryPendingDisposalIntegrationTests" name="test_only_expires_at_past_not_in_pending_disposal" time="0.014" /><testcase classname="apps.documents.tests.test_services_upload.MakeStorageKeyTests" name="test_default_prefix_is_quarantine" time="0.005" /><testcase classname="apps.documents.tests.test_services_upload.MakeStorageKeyTests" name="test_invalid_prefix_raises" time="0.004" /><testcase classname="apps.documents.tests.test_services_upload.MakeStorageKeyTests" name="test_invalid_prefix_tmp_raises" time="0.004" /><testcase classname="apps.documents.tests.test_services_upload.MakeStorageKeyTests" name="test_keys_are_unique" time="0.004" /><testcase classname="apps.documents.tests.test_services_upload.MakeStorageKeyTests" name="test_no_original_filename_in_key" time="0.004" /><testcase classname="apps.documents.tests.test_services_upload.MakeStorageKeyTests" name="test_valid_prefix_active" time="0.004" /><testcase classname="apps.documents.tests.test_services_upload.MakeStorageKeyTests" name="test_valid_prefix_deleted" time="0.004" /><testcase classname="apps.documents.tests.test_services_upload.MakeStorageKeyTests" name="test_valid_prefix_quarantine" time="0.004" /><testcase classname="apps.documents.tests.test_services_upload.ValidateMagicBytesTests" name="test_allowed_mime_passes_and_returns_detected_mime" time="0.012" /><testcase classname="apps.documents.tests.test_services_upload.ValidateMagicBytesTests" name="test_disallowed_mime_raises" time="0.006" /><testcase classname="apps.documents.tests.test_services_upload.ValidateMagicBytesTests" name="test_magic_error_raises" time="0.007" /><testcase classname="apps.documents.tests.test_services_upload.ValidateMagicBytesTests" name="test_magic_not_installed_dev_skip" time="0.005" /><testcase classname="apps.documents.tests.test_services_upload.ValidateMagicBytesTests" name="test_magic_not_installed_required_raises_improperly_configured" time="0.005" /><testcase classname="apps.documents.tests.test_services_upload.CheckZipBombTests" name="test_clean_zip_passes" time="0.014" /><testcase classname="apps.documents.tests.test_services_upload.CheckZipBombTests" name="test_high_compression_ratio_raises" time="0.011" /><testcase classname="apps.documents.tests.test_services_upload.CheckZipBombTests" name="test_invalid_zip_raises" time="0.005" /><testcase classname="apps.documents.tests.test_services_upload.CheckZipBombTests" name="test_too_many_entries_raises" time="0.005" /><testcase classname="apps.documents.tests.test_services_upload.CheckZipBombTests" name="test_truncated_zip_raises" time="0.006" /><testcase classname="apps.documents.tests.test_services_upload.ValidateUploadRequestTests" name="test_anonymous_user_raises_permission_denied" time="0.011" /><testcase classname="apps.documents.tests.test_services_upload.ValidateUploadRequestTests" name="test_case_insensitive_extension_accepted" time="2.478" /><testcase classname="apps.documents.tests.test_services_upload.ValidateUploadRequestTests" name="test_category_allowed_mime_types_accepts_its_type" time="0.018" /><testcase classname="apps.documents.tests.test_services_upload.ValidateUploadRequestTests" name="test_category_allowed_mime_types_overrides_global" time="0.015" /><testcase classname="apps.documents.tests.test_services_upload.ValidateUploadRequestTests" name="test_category_max_size_bytes_override" time="0.015" /><testcase classname="apps.documents.tests.test_services_upload.ValidateUploadRequestTests" name="test_category_not_found_raises_does_not_exist" time="0.010" /><testcase classname="apps.documents.tests.test_services_upload.ValidateUploadRequestTests" name="test_doc_category_set_correctly" time="0.019" /><testcase classname="apps.documents.tests.test_services_upload.ValidateUploadRequestTests" name="test_doc_created_in_pending_upload_state" time="0.018" /><testcase classname="apps.documents.tests.test_services_upload.ValidateUploadRequestTests" name="test_doc_original_filename_stored" time="0.018" /><testcase classname="apps.documents.tests.test_services_upload.ValidateUploadRequestTests" name="test_doc_uploader_set" time="0.017" /><testcase classname="apps.documents.tests.test_services_upload.ValidateUploadRequestTests" name="test_double_extension_uses_last" time="0.015" /><testcase classname="apps.documents.tests.test_services_upload.ValidateUploadRequestTests" name="test_empty_allowed_mimes_raises_improperly_configured" time="0.015" /><testcase classname="apps.documents.tests.test_services_upload.ValidateUploadRequestTests" name="test_executable_extension_rejected" time="0.014" /><testcase classname="apps.documents.tests.test_services_upload.ValidateUploadRequestTests" name="test_happy_path_returns_expected_keys" time="0.017" /><testcase classname="apps.documents.tests.test_services_upload.ValidateUploadRequestTests" name="test_invalid_extension_raises" time="0.014" /><testcase classname="apps.documents.tests.test_services_upload.ValidateUploadRequestTests" name="test_invalid_mime_type_raises" time="0.014" /><testcase classname="apps.documents.tests.test_services_upload.ValidateUploadRequestTests" name="test_missing_extension_raises" time="0.014" /><testcase classname="apps.documents.tests.test_services_upload.ValidateUploadRequestTests" name="test_no_document_created_on_empty_mime_error" time="0.016" /><testcase classname="apps.documents.tests.test_services_upload.ValidateUploadRequestTests" name="test_no_document_created_on_extension_error" time="0.015" /><testcase classname="apps.documents.tests.test_services_upload.ValidateUploadRequestTests" name="test_no_document_created_on_mime_error" time="0.015" /><testcase classname="apps.documents.tests.test_services_upload.ValidateUploadRequestTests" name="test_schedule_expiry_called" time="0.016" /><testcase classname="apps.documents.tests.test_services_upload.ValidateUploadRequestTests" name="test_security_classification_inherited_from_category" time="0.019" /><testcase classname="apps.documents.tests.test_services_upload.ValidateUploadRequestTests" name="test_signal_fired_with_correct_kwargs" time="0.017" /><testcase classname="apps.documents.tests.test_services_upload.ValidateUploadRequestTests" name="test_size_exactly_at_citizen_cap_passes" time="0.018" /><testcase classname="apps.documents.tests.test_services_upload.ValidateUploadRequestTests" name="test_size_exceeds_citizen_cap_raises" time="0.014" /><testcase classname="apps.documents.tests.test_services_upload.ValidateUploadRequestTests" name="test_size_exceeds_staff_cap_raises" time="0.017" /><testcase classname="apps.documents.tests.test_services_upload.ValidateUploadRequestTests" name="test_size_negative_raises" time="0.013" /><testcase classname="apps.documents.tests.test_services_upload.ValidateUploadRequestTests" name="test_size_one_byte_over_citizen_cap_fails" time="0.014" /><testcase classname="apps.documents.tests.test_services_upload.ValidateUploadRequestTests" name="test_size_zero_raises" time="0.013" /><testcase classname="apps.documents.tests.test_services_upload.ValidateUploadRequestTests" name="test_storage_key_never_in_response" time="0.016" /><testcase classname="apps.documents.tests.test_services_upload.ValidateUploadRequestTests" name="test_superuser_may_upload_to_any_category" time="0.016" /><testcase classname="apps.documents.tests.test_services_upload.ValidateUploadRequestTests" name="test_zip_extension_rejected" time="0.015" /><testcase classname="apps.documents.tests.test_services_upload.StaffOnlyCategoryTests" name="test_citizen_allowed_to_public_category" time="0.018" /><testcase classname="apps.documents.tests.test_services_upload.StaffOnlyCategoryTests" name="test_citizen_blocked_from_staff_only_category" time="0.014" /><testcase classname="apps.documents.tests.test_services_upload.StaffOnlyCategoryTests" name="test_staff_with_upload_staff_document_perm_allowed" time="0.019" /><testcase classname="apps.documents.tests.test_services_upload.StaffOnlyCategoryTests" name="test_superuser_allowed_to_staff_only_category" time="0.014" /><testcase classname="apps.documents.tests.test_services_upload.StaffOnlyCategoryTests" name="test_user_with_only_upload_document_perm_blocked_from_staff_only" time="0.017" /><testcase classname="apps.documents.tests.test_services_upload.CitizenCapPassedToS3Tests" name="test_category_override_takes_precedence_for_all_users" time="0.018" /><testcase classname="apps.documents.tests.test_services_upload.CitizenCapPassedToS3Tests" name="test_citizen_max_size_passed_to_presigned_post" time="0.017" /><testcase classname="apps.documents.tests.test_services_upload.CitizenCapPassedToS3Tests" name="test_staff_max_size_passed_to_presigned_post" time="0.018" /><testcase classname="apps.documents.tests.test_services_upload.LocalFilePathContainmentTests" name="test_read_full_local_file_rejects_traversal" time="0.006" /><testcase classname="apps.documents.tests.test_services_upload.LocalFilePathContainmentTests" name="test_read_local_first_bytes_rejects_traversal" time="0.005" /><testcase classname="apps.documents.tests.test_services_upload.LocalFilePathContainmentTests" name="test_verify_local_file_exists_rejects_absolute_path" time="0.005" /><testcase classname="apps.documents.tests.test_services_upload.LocalFilePathContainmentTests" name="test_verify_local_file_exists_rejects_traversal" time="0.006" /><testcase classname="apps.documents.tests.test_services_upload.AppsReadyImportErrorTests" name="test_ready_does_not_raise_if_receivers_absent" time="0.006" /><testcase classname="apps.documents.tests.test_services_upload.AppsReadyImportErrorTests" name="test_ready_raises_if_receivers_exists_but_broken" time="0.007" /><testcase classname="apps.documents.tests.test_services_versioning.SQLiteGuardTest" name="test_soft_delete_guard_fires_before_sqlite_guard" time="0.015" /><testcase classname="apps.documents.tests.test_services_versioning.SQLiteGuardTest" name="test_sqlite_guard_fires_before_permission_check" time="0.016" /><testcase classname="apps.documents.tests.test_services_versioning.SQLiteGuardTest" name="test_sqlite_raises_improperly_configured" time="0.014" /><testcase classname="apps.documents.tests.test_services_versioning.UserMayVersionTest" name="test_anonymous_user_denied" time="0.012" /><testcase classname="apps.documents.tests.test_services_versioning.UserMayVersionTest" name="test_no_permissions_no_owner_denied" time="0.016" /><testcase classname="apps.documents.tests.test_services_versioning.UserMayVersionTest" name="test_non_owner_with_upload_perm_denied" time="0.019" /><testcase classname="apps.documents.tests.test_services_versioning.UserMayVersionTest" name="test_owner_staff_only_category_denied" time="0.016" /><testcase classname="apps.documents.tests.test_services_versioning.UserMayVersionTest" name="test_owner_with_upload_perm_allowed" time="0.016" /><testcase classname="apps.documents.tests.test_services_versioning.UserMayVersionTest" name="test_owner_without_upload_perm_denied" time="0.014" /><testcase classname="apps.documents.tests.test_services_versioning.UserMayVersionTest" name="test_staff_upload_document_perm_allowed" time="0.018" /><testcase classname="apps.documents.tests.test_services_versioning.UserMayVersionTest" name="test_superuser_allowed" time="0.010" /><testcase classname="apps.documents.tests.test_services_versioning.UserMayVersionTest" name="test_superuser_allowed_for_other_owners_document" time="0.013" /><testcase classname="apps.documents.tests.test_services_versioning.CreateNewVersionValidationTest" name="test_deleted_chain_raises_validation_error" time="0.014" /><testcase classname="apps.documents.tests.test_services_versioning.CreateNewVersionValidationTest" name="test_disallowed_extension_raises_validation_error" time="0.019" /><testcase classname="apps.documents.tests.test_services_versioning.CreateNewVersionValidationTest" name="test_disallowed_mime_raises_validation_error" time="0.018" /><testcase classname="apps.documents.tests.test_services_versioning.CreateNewVersionValidationTest" name="test_negative_size_raises_validation_error" time="0.019" /><testcase classname="apps.documents.tests.test_services_versioning.CreateNewVersionValidationTest" name="test_permission_denied_for_non_owner" time="0.019" /><testcase classname="apps.documents.tests.test_services_versioning.CreateNewVersionValidationTest" name="test_size_zero_raises_validation_error" time="0.019" /><testcase classname="apps.documents.tests.test_services_versioning.CreateNewVersionReturnContractTest" name="test_audit_event_detail_excludes_original_filename_in_source" time="0.017" /><testcase classname="apps.documents.tests.test_services_versioning.CreateNewVersionReturnContractTest" name="test_function_source_excludes_storage_key_from_return" time="0.011" /><testcase classname="apps.documents.tests.test_services_versioning.CreateNewVersionReturnContractTest" name="test_return_dict_has_no_storage_key" time="0.027" /><testcase classname="apps.documents.tests.test_signals.SignalDeclarationTests" name="test_all_signals_are_django_signal_instances" time="0.006" /><testcase classname="apps.documents.tests.test_signals.SignalDeclarationTests" name="test_no_extra_signals_exported" time="0.005" /><testcase classname="apps.documents.tests.test_signals.SoftDeletedSignalTests" name="test_soft_delete_fires_signal" time="0.017" /><testcase classname="apps.documents.tests.test_signals.SoftDeletedSignalTests" name="test_soft_delete_signal_document_pk_is_str" time="0.016" /><testcase classname="apps.documents.tests.test_signals.SoftDeletedSignalTests" name="test_soft_delete_signal_has_deleted_by_id" time="0.016" /><testcase classname="apps.documents.tests.test_signals.SoftDeletedSignalTests" name="test_soft_delete_signal_no_original_filename" time="0.017" /><testcase classname="apps.documents.tests.test_signals.SoftDeletedSignalTests" name="test_soft_delete_signal_no_storage_key" time="0.016" /><testcase classname="apps.documents.tests.test_signals.SoftDeletedSignalTests" name="test_soft_delete_signal_not_fired_before_commit" time="0.015" /><testcase classname="apps.documents.tests.test_signals.SoftDeletedSignalTests" name="test_soft_delete_signal_system_deletion_deleted_by_id_none" time="0.016" /><testcase classname="apps.documents.tests.test_signals.HardDeletedSignalTests" name="test_hard_delete_fires_signal" time="0.020" /><testcase classname="apps.documents.tests.test_signals.HardDeletedSignalTests" name="test_hard_delete_signal_document_pk_is_str" time="0.019" /><testcase classname="apps.documents.tests.test_signals.HardDeletedSignalTests" name="test_hard_delete_signal_has_category_slug" time="0.019" /><testcase classname="apps.documents.tests.test_signals.HardDeletedSignalTests" name="test_hard_delete_signal_no_original_filename" time="0.019" /><testcase classname="apps.documents.tests.test_signals.HardDeletedSignalTests" name="test_hard_delete_signal_no_storage_key" time="0.020" /><testcase classname="apps.documents.tests.test_signals.LegalHoldChangedSignalTests" name="test_apply_legal_hold_fires_signal" time="0.022" /><testcase classname="apps.documents.tests.test_signals.LegalHoldChangedSignalTests" name="test_apply_legal_hold_signal_document_pk_str" time="0.022" /><testcase classname="apps.documents.tests.test_signals.LegalHoldChangedSignalTests" name="test_apply_legal_hold_signal_legal_hold_true" time="0.022" /><testcase classname="apps.documents.tests.test_signals.LegalHoldChangedSignalTests" name="test_apply_legal_hold_signal_set_by_id" time="0.022" /><testcase classname="apps.documents.tests.test_signals.LegalHoldChangedSignalTests" name="test_legal_hold_signal_no_email_in_kwargs" time="0.021" /><testcase classname="apps.documents.tests.test_signals.LegalHoldChangedSignalTests" name="test_legal_hold_signal_no_storage_key" time="0.021" /><testcase classname="apps.documents.tests.test_signals.LegalHoldChangedSignalTests" name="test_release_legal_hold_fires_signal" time="0.022" /><testcase classname="apps.documents.tests.test_signals.LegalHoldChangedSignalTests" name="test_release_legal_hold_signal_legal_hold_false" time="0.023" /><testcase classname="apps.documents.tests.test_signals.QuarantineSignalPIITests" name="test_document_quarantined_signal_exists" time="0.011" /><testcase classname="apps.documents.tests.test_signals.QuarantineSignalPIITests" name="test_quarantined_signal_kwargs_documented_correctly" time="0.010" /><testcase classname="apps.documents.tests.test_signals.QuarantineSignalPIITests" name="test_quarantined_signal_no_pii_from_real_dispatch_site" time="0.016" /><testcase classname="apps.documents.tests.test_signals.UploadInitiatedSignalContractTests" name="test_upload_initiated_kwarg_contract" time="0.017" /><testcase classname="apps.documents.tests.test_signals.UploadInitiatedSignalContractTests" name="test_upload_initiated_signal_exists" time="0.009" /><testcase classname="apps.documents.tests.test_signals.DocumentConfirmedSignalContractTests" name="test_document_confirmed_kwarg_contract" time="0.019" /><testcase classname="apps.documents.tests.test_signals.VersionCreatedSignalContractTests" name="test_version_created_kwarg_contract" time="0.012" /><testcase classname="apps.documents.tests.test_signals.ScanCleanSignalContractTests" name="test_scan_clean_kwarg_contract" time="0.014" /><testcase classname="apps.documents.tests.test_signals.SendRobustTests" name="test_faulty_signal_handler_does_not_propagate" time="0.019" /><testcase classname="apps.documents.tests.test_tasks.ScanDocumentDevBypassTests" name="test_dev_bypass_fires_document_scan_clean_signal" time="0.015" /><testcase classname="apps.documents.tests.test_tasks.ScanDocumentDevBypassTests" name="test_dev_bypass_marks_document_active" time="0.015" /><testcase classname="apps.documents.tests.test_tasks.ScanDocumentDevBypassTests" name="test_dev_bypass_raises_in_production" time="0.013" /><testcase classname="apps.documents.tests.test_tasks.ScanDocumentDevBypassTests" name="test_dev_bypass_sets_scan_completed_at" time="0.015" /><testcase classname="apps.documents.tests.test_tasks.ScanDocumentDevBypassTests" name="test_dev_bypass_sets_scan_engine_result_to_dev_bypass" time="0.015" /><testcase classname="apps.documents.tests.test_tasks.ScanDocumentDevBypassTests" name="test_dev_bypass_signal_no_uploader_pii" time="0.014" /><testcase classname="apps.documents.tests.test_tasks.ScanDocumentDevBypassTests" name="test_document_not_found_triggers_retry" time="0.012" /><testcase classname="apps.documents.tests.test_tasks.ScanDocumentDevBypassTests" name="test_idempotent_already_active" time="0.014" /><testcase classname="apps.documents.tests.test_tasks.ScanDocumentDevBypassTests" name="test_idempotent_already_deleted" time="0.014" /><testcase classname="apps.documents.tests.test_tasks.ScanDocumentDevBypassTests" name="test_idempotent_already_quarantined" time="0.014" /><testcase classname="apps.documents.tests.test_tasks.ScanDocumentDevBypassTests" name="test_idempotent_does_not_fire_signal_when_already_active" time="0.014" /><testcase classname="apps.documents.tests.test_tasks.ScanDocumentProdTests" name="test_clamav_connection_error_triggers_retry_not_active" time="0.016" /><testcase classname="apps.documents.tests.test_tasks.ScanDocumentProdTests" name="test_clamav_path_does_not_use_dev_bypass" time="0.019" /><testcase classname="apps.documents.tests.test_tasks.ScanDocumentProdTests" name="test_clean_clamav_scan_marks_document_active" time="0.019" /><testcase classname="apps.documents.tests.test_tasks.ScanDocumentProdTests" name="test_infected_clamav_scan_marks_document_quarantined" time="0.021" /><testcase classname="apps.documents.tests.test_tasks.CleanupStalePendingUploadsTests" name="test_deletes_stale_pending_upload_rows" time="0.029" /><testcase classname="apps.documents.tests.test_tasks.CleanupStalePendingUploadsTests" name="test_keeps_active_documents_regardless_of_age" time="0.014" /><testcase classname="apps.documents.tests.test_tasks.CleanupStalePendingUploadsTests" name="test_keeps_quarantined_documents" time="0.014" /><testcase classname="apps.documents.tests.test_tasks.CleanupStalePendingUploadsTests" name="test_keeps_recent_pending_upload_rows" time="0.014" /><testcase classname="apps.documents.tests.test_tasks.CleanupStalePendingUploadsTests" name="test_keeps_scanning_documents_regardless_of_age" time="0.014" /><testcase classname="apps.documents.tests.test_tasks.CleanupStalePendingUploadsTests" name="test_mixed_stale_and_recent" time="0.028" /><testcase classname="apps.documents.tests.test_tasks.CleanupStalePendingUploadsTests" name="test_respects_custom_ttl_setting" time="0.029" /><testcase classname="apps.documents.tests.test_tasks.CleanupStalePendingUploadsTests" name="test_returns_count_of_deleted_rows" time="0.031" /><testcase classname="apps.documents.tests.test_tasks.CleanupStalePendingUploadsTests" name="test_returns_zero_when_nothing_to_clean" time="0.011" /><testcase classname="apps.documents.tests.test_tasks.CleanupStalePendingUploadsStorageTests" name="test_blank_storage_key_skips_storage_delete" time="0.027" /><testcase classname="apps.documents.tests.test_tasks.CleanupStalePendingUploadsStorageTests" name="test_deletes_storage_object_for_stale_pending_upload" time="0.026" /><testcase classname="apps.documents.tests.test_tasks.CleanupStalePendingUploadsStorageTests" name="test_missing_storage_object_does_not_block_db_cleanup" time="0.026" /><testcase classname="apps.documents.tests.test_tasks.CleanupStalePendingUploadsStorageTests" name="test_recent_pending_upload_storage_object_is_untouched" time="0.015" /><testcase classname="apps.documents.tests.test_tasks.CleanupStalePendingUploadsStorageTests" name="test_s3_backend_batch_deletes_orphaned_objects" time="0.036" /><testcase classname="apps.documents.tests.test_tasks.CleanupStalePendingUploadsStorageTests" name="test_s3_client_error_does_not_block_db_cleanup" time="0.028" /><testcase classname="apps.documents.tests.test_tasks.CleanupStalePendingUploadsStorageTests" name="test_storage_error_does_not_block_db_cleanup" time="0.029" /><testcase classname="apps.documents.tests.test_tasks.TaskDecoratorPropertyTests" name="test_cleanup_stale_pending_uploads_acks_late" time="0.005" /><testcase classname="apps.documents.tests.test_tasks.TaskDecoratorPropertyTests" name="test_cleanup_stale_pending_uploads_reject_on_worker_lost" time="0.004" /><testcase classname="apps.documents.tests.test_tasks.TaskDecoratorPropertyTests" name="test_scan_document_acks_late" time="0.004" /><testcase classname="apps.documents.tests.test_tasks.TaskDecoratorPropertyTests" name="test_scan_document_reject_on_worker_lost" time="0.004" /><testcase classname="apps.documents.tests.test_tasks.QuarantineOnScanFailureTests" name="test_on_failure_empty_args_and_kwargs_does_not_call_quarantine" time="0.011" /><testcase classname="apps.documents.tests.test_tasks.QuarantineOnScanFailureTests" name="test_on_failure_extracts_doc_pk_from_kwargs" time="0.011" /><testcase classname="apps.documents.tests.test_tasks.QuarantineOnScanFailureTests" name="test_on_failure_extracts_doc_pk_from_positional_args" time="0.011" /><testcase classname="apps.documents.tests.test_tasks.QuarantineOnScanFailureTests" name="test_quarantine_doc_not_found_does_not_raise" time="0.011" /><testcase classname="apps.documents.tests.test_tasks.QuarantineOnScanFailureTests" name="test_quarantine_fires_document_quarantined_signal" time="0.015" /><testcase classname="apps.documents.tests.test_tasks.QuarantineOnScanFailureTests" name="test_quarantine_idempotent_if_not_scanning" time="0.014" /><testcase classname="apps.documents.tests.test_tasks.QuarantineOnScanFailureTests" name="test_quarantine_sets_scan_completed_at" time="0.016" /><testcase classname="apps.documents.tests.test_tasks.QuarantineOnScanFailureTests" name="test_quarantine_sets_scan_engine_result_from_exception_type" time="0.016" /><testcase classname="apps.documents.tests.test_tasks.QuarantineOnScanFailureTests" name="test_quarantine_transitions_scanning_to_quarantined" time="0.017" /><testcase classname="apps.documents.tests.test_upload_presign_template.UploadPresignTemplateFieldTests" name="test_no_unsigned_success_action_redirect_when_absent_from_upload_fields" time="0.115" /><testcase classname="apps.documents.tests.test_upload_presign_template.UploadPresignTemplateFieldTests" name="test_rendered_hidden_inputs_match_upload_fields_exactly" time="0.009" /><testcase classname="apps.documents.tests.test_upload_presign_template.UploadPresignTemplateFieldTests" name="test_signed_success_action_redirect_is_rendered_exactly_once" time="0.009" /><testcase classname="apps.documents.tests.test_services_upload.ConfirmUploadTests" name="test_already_active_returns_doc_without_error" time="0.371" /><testcase classname="apps.documents.tests.test_services_upload.ConfirmUploadTests" name="test_already_scanning_returns_doc_without_error" time="0.354" /><testcase classname="apps.documents.tests.test_services_upload.ConfirmUploadTests" name="test_audit_actor_id_is_user_pk" time="0.362" /><testcase classname="apps.documents.tests.test_services_upload.ConfirmUploadTests" name="test_audit_log_written_with_correct_fields" time="0.365" /><testcase classname="apps.documents.tests.test_services_upload.ConfirmUploadTests" name="test_confirm_does_not_change_security_classification" time="0.710" /><testcase classname="apps.documents.tests.test_services_upload.ConfirmUploadTests" name="test_document_confirmed_signal_no_storage_key_in_kwargs" time="0.399" /><testcase classname="apps.documents.tests.test_services_upload.ConfirmUploadTests" name="test_file_not_found_does_not_advance_status" time="0.379" /><testcase classname="apps.documents.tests.test_services_upload.ConfirmUploadTests" name="test_file_not_found_raises_validation_error" time="0.381" /><testcase classname="apps.documents.tests.test_services_upload.ConfirmUploadTests" name="test_happy_path_dispatches_scan_task" time="0.374" /><testcase classname="apps.documents.tests.test_services_upload.ConfirmUploadTests" name="test_happy_path_fires_document_confirmed_signal" time="0.376" /><testcase classname="apps.documents.tests.test_services_upload.ConfirmUploadTests" name="test_happy_path_sets_scanning_status" time="0.377" /><testcase classname="apps.documents.tests.test_services_upload.ConfirmUploadTests" name="test_idor_wrong_user_returns_404" time="0.368" /><testcase classname="apps.documents.tests.test_services_upload.ConfirmUploadTests" name="test_magic_byte_failure_leaves_status_pending" time="0.367" /><testcase classname="apps.documents.tests.test_services_upload.ConfirmUploadTests" name="test_magic_byte_mismatch_raises" time="0.369" /><testcase classname="apps.documents.tests.test_services_upload.ConfirmUploadTests" name="test_nonexistent_doc_returns_404" time="0.366" /><testcase classname="apps.documents.tests.test_services_upload.ConfirmUploadTests" name="test_pdf_skips_zip_bomb_check" time="0.377" /><testcase classname="apps.documents.tests.test_services_upload.ConfirmUploadTests" name="test_zip_bomb_in_docx_raises" time="0.378" /><testcase classname="apps.documents.tests.test_services_upload.ConfirmUploadTests" name="test_zip_bomb_in_xlsx_raises" time="0.375" /><testcase classname="apps.documents.tests.test_services_upload.ConfirmUploadIdempotencyHighTests" name="test_active_doc_returns_silently" time="0.363" /><testcase classname="apps.documents.tests.test_services_upload.ConfirmUploadIdempotencyHighTests" name="test_deleted_doc_raises_validation_error" time="0.359" /><testcase classname="apps.documents.tests.test_services_upload.ConfirmUploadIdempotencyHighTests" name="test_quarantined_doc_raises_validation_error" time="0.701" /><testcase classname="apps.documents.tests.test_services_upload.ConfirmUploadIdempotencyHighTests" name="test_scanning_doc_returns_silently" time="0.374" /><testcase classname="apps.documents.tests.test_services_upload.AuditWriteFailureTests" name="test_audit_failure_raises" time="0.375" /><testcase classname="apps.documents.tests.test_services_upload.AuditWriteFailureTests" name="test_audit_failure_rolls_back_to_pending_upload" time="0.378" /></testsuite></testsuites>