<?xml version="1.0" encoding="utf-8"?><testsuites><testsuite name="pytest" errors="0" failures="0" skipped="0" tests="205" time="116.867" timestamp="2026-08-23T22:14:57.756862-04:00" hostname="2752b08dd0fd"><testcase classname="apps.documents.tests.test_views_citizen.DocumentListViewEdgeCaseTests" name="test_pagination_page_2_has_remainder" time="108.202" /><testcase classname="apps.documents.tests.test_views_citizen.DocumentListViewEdgeCaseTests" name="test_pagination_shows_20_docs_per_page" time="0.092" /><testcase classname="apps.documents.tests.test_views_citizen.DocumentListViewEdgeCaseTests" name="test_pending_upload_doc_excluded_from_list" time="0.034" /><testcase classname="apps.documents.tests.test_views_citizen.DocumentListViewEdgeCaseTests" name="test_quarantined_doc_excluded_from_list" time="0.032" /><testcase classname="apps.documents.tests.test_views_citizen.DocumentListViewEdgeCaseTests" name="test_storage_key_deferred_in_list_queryset" time="0.037" /><testcase classname="apps.documents.tests.test_views_citizen.DocumentListViewEdgeCaseTests" name="test_total_count_in_context_matches_active_doc_count" time="0.049" /><testcase classname="apps.documents.tests.test_views_citizen.DocumentListViewEdgeCaseTests" name="test_total_count_zero_when_no_active_docs" time="0.031" /><testcase classname="apps.documents.tests.test_views_citizen.DocumentDetailViewEdgeCaseTests" name="test_legal_hold_active_document_is_downloadable" time="0.045" /><testcase classname="apps.documents.tests.test_views_citizen.DocumentDetailViewEdgeCaseTests" name="test_pending_upload_document_is_visible_but_not_downloadable" time="0.034" /><testcase classname="apps.documents.tests.test_views_citizen.DocumentDetailViewEdgeCaseTests" name="test_purged_document_returns_404" time="0.040" /><testcase classname="apps.documents.tests.test_views_citizen.DocumentDetailViewEdgeCaseTests" name="test_storage_key_deferred_in_detail_queryset" time="0.033" /><testcase classname="apps.documents.tests.test_views_citizen.DocumentDetailViewEdgeCaseTests" name="test_storage_key_key_absent_from_template_context" time="0.035" /><testcase classname="apps.documents.tests.test_views_citizen.DocumentUploadInitViewEdgeCaseTests" name="test_get_does_not_contain_quarantine_path_in_html" time="0.049" /><testcase classname="apps.documents.tests.test_views_citizen.DocumentUploadInitViewEdgeCaseTests" name="test_post_presign_context_contains_confirm_url" time="0.051" /><testcase classname="apps.documents.tests.test_views_citizen.DocumentUploadInitViewEdgeCaseTests" name="test_post_presign_context_does_not_contain_storage_key_key" time="0.037" /><testcase classname="apps.documents.tests.test_views_citizen.DocumentUploadInitViewEdgeCaseTests" name="test_post_presign_context_threads_description_through" time="0.036" /><testcase classname="apps.documents.tests.test_views_citizen.DocumentUploadInitViewEdgeCaseTests" name="test_post_unexpected_exception_returns_500" time="0.040" /><testcase classname="apps.documents.tests.test_views_citizen.DocumentUploadConfirmViewEdgeCaseTests" name="test_confirm_already_scanning_doc_still_redirects_to_list" time="0.025" /><testcase classname="apps.documents.tests.test_views_citizen.DocumentUploadConfirmViewEdgeCaseTests" name="test_confirm_passes_str_of_pk_to_service" time="0.025" /><testcase classname="apps.documents.tests.test_views_citizen.DocumentUploadConfirmViewEdgeCaseTests" name="test_confirm_success_adds_success_message" time="0.023" /><testcase classname="apps.documents.tests.test_views_citizen.DocumentUploadConfirmViewEdgeCaseTests" name="test_confirm_unexpected_exception_redirects_to_upload_init" time="0.024" /><testcase classname="apps.documents.tests.test_views_citizen.DocumentUploadConfirmViewEdgeCaseTests" name="test_confirm_validation_error_adds_error_message" time="0.023" /><testcase classname="apps.documents.tests.test_views_citizen.DocumentDownloadViewEdgeCaseTests" name="test_pending_upload_doc_returns_404" time="0.034" /><testcase classname="apps.documents.tests.test_views_citizen.DocumentDownloadViewEdgeCaseTests" name="test_quarantined_doc_returns_404" time="0.032" /><testcase classname="apps.documents.tests.test_views_citizen.DocumentDownloadViewEdgeCaseTests" name="test_soft_deleted_active_doc_returns_404" time="0.034" /><testcase classname="apps.documents.tests.test_views_citizen.DocumentTokenRedeemViewEdgeCaseTests" name="test_content_disposition_uses_document_pk_bin_format" time="0.026" /><testcase classname="apps.documents.tests.test_views_citizen.DocumentTokenRedeemViewEdgeCaseTests" name="test_large_file_raw_storage_key_not_in_location_header" time="0.024" /><testcase classname="apps.documents.tests.test_views_citizen.DocumentTokenRedeemViewEdgeCaseTests" name="test_large_file_uses_default_storage_url_method" time="0.024" /><testcase classname="apps.documents.tests.test_views_citizen.DocumentTokenRedeemViewEdgeCaseTests" name="test_small_file_content_type_matches_doc_mime_type" time="0.023" /><testcase classname="apps.documents.tests.test_views_citizen.DocumentTokenRedeemViewEdgeCaseTests" name="test_small_file_storage_key_not_in_any_response_header" time="0.022" /><testcase classname="apps.documents.tests.test_views_citizen.DocumentTokenRedeemViewEdgeCaseTests" name="test_storage_key_not_in_small_file_response_body" time="0.023" /><testcase classname="apps.documents.tests.test_views_citizen.DocumentTokenRedeemViewEdgeCaseTests" name="test_token_redeem_requires_login" time="0.019" /><testcase classname="apps.documents.tests.test_views_citizen.DocumentTokenRedeemViewEdgeCaseTests" name="test_unexpected_exception_in_consume_returns_404" time="0.032" /><testcase classname="apps.documents.tests.test_views_citizen.DocumentTokenRedeemPostRedemptionGateTests" name="test_deleted_at_set_but_status_still_active_is_not_served" time="0.037" /><testcase classname="apps.documents.tests.test_views_citizen.DocumentTokenRedeemPostRedemptionGateTests" name="test_document_quarantined_after_token_issue_is_not_served" time="0.038" /><testcase classname="apps.documents.tests.test_views_citizen.DocumentTokenRedeemPostRedemptionGateTests" name="test_document_soft_deleted_after_token_issue_is_not_served" time="0.035" /><testcase classname="apps.documents.tests.test_views_citizen.DocumentTokenRedeemPostRedemptionGateTests" name="test_large_file_redirect_uses_short_presigned_ttl_on_s3" time="0.031" /><testcase classname="apps.documents.tests.test_views_citizen.DocumentTokenRedeemPostRedemptionGateTests" name="test_non_s3_backend_still_uses_default_storage_url" time="0.031" /><testcase classname="apps.documents.tests.test_views_citizen.DocumentTokenRedeemPostRedemptionGateTests" name="test_presigned_ttl_matches_configured_setting" time="0.030" /><testcase classname="apps.documents.tests.test_views_citizen.DocumentTokenRedeemPostRedemptionGateTests" name="test_still_active_document_is_served" time="0.029" /><testcase classname="apps.documents.tests.test_views_http_contract.CitizenUnauthenticatedTests" name="test_confirm_unauthenticated_returns_302" time="0.012" /><testcase classname="apps.documents.tests.test_views_http_contract.CitizenUnauthenticatedTests" name="test_detail_unauthenticated_returns_302" time="0.011" /><testcase classname="apps.documents.tests.test_views_http_contract.CitizenUnauthenticatedTests" name="test_download_unauthenticated_returns_302" time="0.012" /><testcase classname="apps.documents.tests.test_views_http_contract.CitizenUnauthenticatedTests" name="test_list_unauthenticated_returns_302" time="0.011" /><testcase classname="apps.documents.tests.test_views_http_contract.CitizenUnauthenticatedTests" name="test_token_redeem_unauthenticated_returns_302" time="0.011" /><testcase classname="apps.documents.tests.test_views_http_contract.CitizenUnauthenticatedTests" name="test_upload_init_unauthenticated_returns_302" time="0.012" /><testcase classname="apps.documents.tests.test_views_http_contract.UploadInitHttpTests" name="test_get_returns_200_html" time="0.038" /><testcase classname="apps.documents.tests.test_views_http_contract.UploadInitHttpTests" name="test_post_invalid_form_returns_422" time="0.038" /><testcase classname="apps.documents.tests.test_views_http_contract.UploadInitHttpTests" name="test_post_permission_denied_returns_403" time="0.039" /><testcase classname="apps.documents.tests.test_views_http_contract.UploadInitHttpTests" name="test_post_unexpected_error_returns_500" time="0.039" /><testcase classname="apps.documents.tests.test_views_http_contract.UploadConfirmHttpTests" name="test_post_http404_from_service_returns_404" time="0.031" /><testcase classname="apps.documents.tests.test_views_http_contract.UploadConfirmHttpTests" name="test_post_success_returns_302_to_list" time="0.021" /><testcase classname="apps.documents.tests.test_views_http_contract.UploadConfirmHttpTests" name="test_post_validation_error_returns_302_to_upload_init" time="0.021" /><testcase classname="apps.documents.tests.test_views_http_contract.DownloadHttpTests" name="test_302_location_does_not_contain_storage_key" time="0.029" /><testcase classname="apps.documents.tests.test_views_http_contract.DownloadHttpTests" name="test_get_active_doc_returns_302_to_token_redeem" time="0.028" /><testcase classname="apps.documents.tests.test_views_http_contract.DownloadHttpTests" name="test_get_scanning_doc_returns_404" time="0.036" /><testcase classname="apps.documents.tests.test_views_http_contract.DownloadHttpTests" name="test_get_wrong_user_doc_returns_404" time="0.039" /><testcase classname="apps.documents.tests.test_views_http_contract.TokenRedeemHttpTests" name="test_content_disposition_uses_pk_not_original_filename" time="0.029" /><testcase classname="apps.documents.tests.test_views_http_contract.TokenRedeemHttpTests" name="test_invalid_token_returns_404" time="0.030" /><testcase classname="apps.documents.tests.test_views_http_contract.TokenRedeemHttpTests" name="test_large_file_returns_302_redirect" time="0.029" /><testcase classname="apps.documents.tests.test_views_http_contract.TokenRedeemHttpTests" name="test_small_file_returns_200_with_content_disposition" time="0.027" /><testcase classname="apps.documents.tests.test_views_http_contract.TokenRedeemHttpTests" name="test_storage_key_not_in_response_content" time="0.028" /><testcase classname="apps.documents.tests.test_views_http_contract.StaffHttpContractTests" name="test_audit_log_no_perm_returns_403" time="0.033" /><testcase classname="apps.documents.tests.test_views_http_contract.StaffHttpContractTests" name="test_legal_hold_view_no_perm_returns_403" time="0.032" /><testcase classname="apps.documents.tests.test_views_http_contract.StaffHttpContractTests" name="test_quarantine_list_no_perm_returns_403" time="0.029" /><testcase classname="apps.documents.tests.test_views_http_contract.StaffHttpContractTests" name="test_staff_detail_authenticated_no_perm_returns_403" time="0.035" /><testcase classname="apps.documents.tests.test_views_http_contract.StaffHttpContractTests" name="test_staff_list_authenticated_no_perm_returns_403" time="0.032" /><testcase classname="apps.documents.tests.test_views_http_contract.LegalHoldHttpTests" name="test_post_apply_returns_302" time="0.037" /><testcase classname="apps.documents.tests.test_views_http_contract.LegalHoldHttpTests" name="test_post_missing_action_returns_422" time="0.063" /><testcase classname="apps.documents.tests.test_views_http_contract.LegalHoldHttpTests" name="test_post_missing_reason_returns_422" time="0.044" /><testcase classname="apps.documents.tests.test_views_http_contract.LegalHoldHttpTests" name="test_post_permission_denied_returns_403" time="0.046" /><testcase classname="apps.documents.tests.test_views_staff.StaffListFilterTests" name="test_categories_in_context" time="0.060" /><testcase classname="apps.documents.tests.test_views_staff.StaffListFilterTests" name="test_filter_by_category_slug" time="0.054" /><testcase classname="apps.documents.tests.test_views_staff.StaffListFilterTests" name="test_filter_by_date_from" time="0.061" /><testcase classname="apps.documents.tests.test_views_staff.StaffListFilterTests" name="test_filter_by_date_to" time="0.053" /><testcase classname="apps.documents.tests.test_views_staff.StaffListFilterTests" name="test_filter_by_legal_hold_no" time="0.053" /><testcase classname="apps.documents.tests.test_views_staff.StaffListFilterTests" name="test_filter_by_legal_hold_yes" time="0.061" /><testcase classname="apps.documents.tests.test_views_staff.StaffListFilterTests" name="test_filter_by_scan_status_quarantined" time="0.058" /><testcase classname="apps.documents.tests.test_views_staff.StaffListFilterTests" name="test_filter_with_no_match_returns_empty_list" time="0.048" /><testcase classname="apps.documents.tests.test_views_staff.StaffListFilterTests" name="test_search_by_category_slug_fragment" time="0.062" /><testcase classname="apps.documents.tests.test_views_staff.StaffListFilterTests" name="test_total_count_in_context" time="0.058" /><testcase classname="apps.documents.tests.test_views_staff.StaffDetailViewTests" name="test_can_view_quarantine_details_false_without_perm" time="0.059" /><testcase classname="apps.documents.tests.test_views_staff.StaffDetailViewTests" name="test_can_view_quarantine_details_true_with_perm" time="0.052" /><testcase classname="apps.documents.tests.test_views_staff.StaffDetailViewTests" name="test_soft_deleted_document_accessible_to_staff" time="0.046" /><testcase classname="apps.documents.tests.test_views_staff.StaffDetailViewTests" name="test_storage_key_absent_from_queryset" time="0.045" /><testcase classname="apps.documents.tests.test_views_staff.LegalHoldViewEdgeCaseTests" name="test_get_shows_release_action_when_hold_active" time="0.043" /><testcase classname="apps.documents.tests.test_views_staff.LegalHoldViewEdgeCaseTests" name="test_post_invalid_action_returns_422" time="0.044" /><testcase classname="apps.documents.tests.test_views_staff.LegalHoldViewEdgeCaseTests" name="test_post_permission_denied_from_service_returns_403" time="0.046" /><testcase classname="apps.documents.tests.test_views_staff.LegalHoldViewEdgeCaseTests" name="test_post_release_success_redirects_to_staff_detail" time="0.036" /><testcase classname="apps.documents.tests.test_views_staff.LegalHoldViewEdgeCaseTests" name="test_post_unexpected_error_returns_500" time="0.045" /><testcase classname="apps.documents.tests.test_views_staff.LegalHoldViewEdgeCaseTests" name="test_post_validation_error_from_service_returns_422" time="0.045" /><testcase classname="apps.documents.tests.test_views_staff.QuarantineListViewTests" name="test_authenticated_without_perm_returns_403" time="0.039" /><testcase classname="apps.documents.tests.test_views_staff.QuarantineListViewTests" name="test_only_quarantined_documents_shown" time="0.053" /><testcase classname="apps.documents.tests.test_views_staff.QuarantineListViewTests" name="test_pagination_25_per_page" time="0.100" /><testcase classname="apps.documents.tests.test_views_staff.AuditLogViewTests" name="test_authenticated_without_perm_returns_403" time="0.040" /><testcase classname="apps.documents.tests.test_views_staff.AuditLogViewTests" name="test_entries_ordered_newest_first" time="0.052" /><testcase classname="apps.documents.tests.test_views_staff.AuditLogViewTests" name="test_no_entries_shows_empty_list" time="0.041" /><testcase classname="apps.documents.tests.test_views_staff.AuditLogViewTests" name="test_nonexistent_document_returns_404" time="0.040" /><testcase classname="apps.documents.tests.test_views_staff.AuditLogViewTests" name="test_pagination_50_per_page" time="0.092" /><testcase classname="apps.documents.tests.test_wave5_views.CitizenAuthTests" name="test_detail_requires_login" time="0.011" /><testcase classname="apps.documents.tests.test_wave5_views.CitizenAuthTests" name="test_download_requires_login" time="0.010" /><testcase classname="apps.documents.tests.test_wave5_views.CitizenAuthTests" name="test_list_requires_login" time="0.011" /><testcase classname="apps.documents.tests.test_wave5_views.CitizenAuthTests" name="test_upload_init_requires_login" time="0.011" /><testcase classname="apps.documents.tests.test_wave5_views.CitizenDocumentListTests" name="test_list_200_empty" time="0.034" /><testcase classname="apps.documents.tests.test_wave5_views.CitizenDocumentListTests" name="test_list_excludes_other_users_docs" time="0.033" /><testcase classname="apps.documents.tests.test_wave5_views.CitizenDocumentListTests" name="test_list_excludes_soft_deleted" time="0.034" /><testcase classname="apps.documents.tests.test_wave5_views.CitizenDocumentListTests" name="test_list_shows_latest_versions_only" time="0.038" /><testcase classname="apps.documents.tests.test_wave5_views.CitizenDocumentListTests" name="test_list_shows_own_documents" time="0.037" /><testcase classname="apps.documents.tests.test_wave5_views.CitizenDocumentDetailTests" name="test_detail_404_for_nonexistent" time="0.036" /><testcase classname="apps.documents.tests.test_wave5_views.CitizenDocumentDetailTests" name="test_detail_active_doc_can_download_true" time="0.042" /><testcase classname="apps.documents.tests.test_wave5_views.CitizenDocumentDetailTests" name="test_detail_does_not_expose_storage_key" time="0.036" /><testcase classname="apps.documents.tests.test_wave5_views.CitizenDocumentDetailTests" name="test_detail_other_user_doc_404" time="0.038" /><testcase classname="apps.documents.tests.test_wave5_views.CitizenDocumentDetailTests" name="test_detail_other_user_doc_writes_access_denied_audit_event" time="0.039" /><testcase classname="apps.documents.tests.test_wave5_views.CitizenDocumentDetailTests" name="test_detail_own_doc_200" time="0.036" /><testcase classname="apps.documents.tests.test_wave5_views.CitizenDocumentDetailTests" name="test_detail_quarantined_doc_can_download_false" time="0.041" /><testcase classname="apps.documents.tests.test_wave5_views.CitizenDocumentDetailTests" name="test_detail_scanning_doc_can_download_false" time="0.050" /><testcase classname="apps.documents.tests.test_wave5_views.CitizenDocumentDetailTests" name="test_detail_shows_filename_escaped" time="0.040" /><testcase classname="apps.documents.tests.test_wave5_views.CitizenDocumentDetailTests" name="test_detail_soft_deleted_doc_returns_404" time="0.043" /><testcase classname="apps.documents.tests.test_wave5_views.CitizenUploadInitTests" name="test_get_upload_form_200" time="0.038" /><testcase classname="apps.documents.tests.test_wave5_views.CitizenUploadInitTests" name="test_post_calls_validate_upload_request" time="0.038" /><testcase classname="apps.documents.tests.test_wave5_views.CitizenUploadInitTests" name="test_post_no_storage_key_in_response" time="0.040" /><testcase classname="apps.documents.tests.test_wave5_views.CitizenUploadInitTests" name="test_post_permission_denied_shows_error" time="0.040" /><testcase classname="apps.documents.tests.test_wave5_views.CitizenUploadInitTests" name="test_post_validation_error_shows_form" time="0.040" /><testcase classname="apps.documents.tests.test_wave5_views.CitizenUploadConfirmTests" name="test_post_calls_confirm_upload" time="0.032" /><testcase classname="apps.documents.tests.test_wave5_views.CitizenUploadConfirmTests" name="test_post_http404_from_service" time="0.032" /><testcase classname="apps.documents.tests.test_wave5_views.CitizenUploadConfirmTests" name="test_post_redirects_to_list" time="0.026" /><testcase classname="apps.documents.tests.test_wave5_views.CitizenUploadConfirmTests" name="test_post_validation_error_shows_error" time="0.025" /><testcase classname="apps.documents.tests.test_wave5_views.CitizenUploadConfirmTests" name="test_post_wrong_user_404" time="0.034" /><testcase classname="apps.documents.tests.test_wave5_views.CitizenDownloadTests" name="test_download_active_doc_redirects_to_token" time="0.034" /><testcase classname="apps.documents.tests.test_wave5_views.CitizenDownloadTests" name="test_download_non_active_doc_404" time="0.037" /><testcase classname="apps.documents.tests.test_wave5_views.CitizenDownloadTests" name="test_download_nonexistent_doc_404" time="0.035" /><testcase classname="apps.documents.tests.test_wave5_views.CitizenDownloadTests" name="test_download_other_user_doc_404" time="0.037" /><testcase classname="apps.documents.tests.test_wave5_views.CitizenDownloadTests" name="test_download_other_user_doc_writes_access_denied_audit_event" time="0.040" /><testcase classname="apps.documents.tests.test_wave5_views.CitizenTokenRedeemTests" name="test_redeem_expired_token_404" time="0.029" /><testcase classname="apps.documents.tests.test_wave5_views.CitizenTokenRedeemTests" name="test_redeem_invalid_token_404" time="0.029" /><testcase classname="apps.documents.tests.test_wave5_views.CitizenTokenRedeemTests" name="test_redeem_other_user_token_404" time="0.029" /><testcase classname="apps.documents.tests.test_wave5_views.CitizenTokenRedeemTests" name="test_redeem_storage_key_not_in_response_headers" time="0.024" /><testcase classname="apps.documents.tests.test_wave5_views.CitizenTokenRedeemTests" name="test_redeem_valid_token_large_file_redirects" time="0.027" /><testcase classname="apps.documents.tests.test_wave5_views.CitizenTokenRedeemTests" name="test_redeem_valid_token_serves_file" time="0.023" /><testcase classname="apps.documents.tests.test_wave5_views.StaffAuthTests" name="test_audit_log_requires_permission" time="0.026" /><testcase classname="apps.documents.tests.test_wave5_views.StaffAuthTests" name="test_legal_hold_requires_permission" time="0.026" /><testcase classname="apps.documents.tests.test_wave5_views.StaffAuthTests" name="test_quarantine_requires_permission" time="0.026" /><testcase classname="apps.documents.tests.test_wave5_views.StaffAuthTests" name="test_staff_detail_requires_permission" time="0.025" /><testcase classname="apps.documents.tests.test_wave5_views.StaffAuthTests" name="test_staff_list_requires_permission" time="0.026" /><testcase classname="apps.documents.tests.test_wave5_views.AnonymousStaffViewRedirectTests" name="test_anonymous_cannot_access_audit_log" time="0.012" /><testcase classname="apps.documents.tests.test_wave5_views.AnonymousStaffViewRedirectTests" name="test_anonymous_cannot_access_legal_hold" time="0.012" /><testcase classname="apps.documents.tests.test_wave5_views.AnonymousStaffViewRedirectTests" name="test_anonymous_cannot_access_quarantine_list" time="0.011" /><testcase classname="apps.documents.tests.test_wave5_views.AnonymousStaffViewRedirectTests" name="test_anonymous_cannot_access_staff_detail" time="0.011" /><testcase classname="apps.documents.tests.test_wave5_views.AnonymousStaffViewRedirectTests" name="test_anonymous_cannot_access_staff_list" time="0.012" /><testcase classname="apps.documents.tests.test_wave5_views.StaffDocumentListTests" name="test_staff_list_200" time="0.050" /><testcase classname="apps.documents.tests.test_wave5_views.StaffDocumentListTests" name="test_staff_list_filter_by_legal_hold" time="0.058" /><testcase classname="apps.documents.tests.test_wave5_views.StaffDocumentListTests" name="test_staff_list_filter_by_scan_status" time="0.055" /><testcase classname="apps.documents.tests.test_wave5_views.StaffDocumentListTests" name="test_staff_list_no_storage_key_in_context" time="0.053" /><testcase classname="apps.documents.tests.test_wave5_views.StaffDocumentListTests" name="test_staff_list_shows_all_users_docs" time="0.056" /><testcase classname="apps.documents.tests.test_wave5_views.StaffDocumentDetailTests" name="test_staff_detail_200" time="0.047" /><testcase classname="apps.documents.tests.test_wave5_views.StaffDocumentDetailTests" name="test_staff_detail_no_storage_key" time="0.046" /><testcase classname="apps.documents.tests.test_wave5_views.StaffDocumentDetailTests" name="test_staff_detail_shows_scan_engine_result_only_with_perm" time="0.076" /><testcase classname="apps.documents.tests.test_wave5_views.LegalHoldViewTests" name="test_apply_hold" time="0.037" /><testcase classname="apps.documents.tests.test_wave5_views.LegalHoldViewTests" name="test_apply_hold_missing_confirm" time="0.045" /><testcase classname="apps.documents.tests.test_wave5_views.LegalHoldViewTests" name="test_apply_hold_missing_reason" time="0.047" /><testcase classname="apps.documents.tests.test_wave5_views.LegalHoldViewTests" name="test_get_legal_hold_form_200" time="0.043" /><testcase classname="apps.documents.tests.test_wave5_views.LegalHoldViewTests" name="test_permission_denied_from_service" time="0.046" /><testcase classname="apps.documents.tests.test_wave5_views.LegalHoldViewTests" name="test_release_hold" time="0.045" /><testcase classname="apps.documents.tests.test_wave5_views.QuarantineListTests" name="test_quarantine_list_200" time="0.040" /><testcase classname="apps.documents.tests.test_wave5_views.QuarantineListTests" name="test_quarantine_list_no_scan_engine_result" time="0.043" /><testcase classname="apps.documents.tests.test_wave5_views.QuarantineListTests" name="test_quarantine_list_shows_only_quarantined" time="0.044" /><testcase classname="apps.documents.tests.test_wave5_views.AuditLogViewTests" name="test_audit_log_200" time="0.043" /><testcase classname="apps.documents.tests.test_wave5_views.AuditLogViewTests" name="test_audit_log_shows_entries" time="0.044" /><testcase classname="apps.documents.tests.test_wave5_views.PIPEDAInvariantTests" name="test_idor_404_not_403_for_citizen" time="0.044" /><testcase classname="apps.documents.tests.test_wave5_views.PIPEDAInvariantTests" name="test_scan_engine_result_never_in_citizen_response" time="0.043" /><testcase classname="apps.documents.tests.test_wave5_views.PIPEDAInvariantTests" name="test_storage_key_never_in_any_citizen_response" time="0.061" /><testcase classname="apps.documents.tests.test_wave5_views.PIPEDAInvariantTests" name="test_uploaded_by_email_never_in_staff_list" time="0.062" /><testcase classname="apps.documents.tests.test_wcag.MainLandmarkTests" name="test_document_detail_has_main" time="0.035" /><testcase classname="apps.documents.tests.test_wcag.MainLandmarkTests" name="test_document_list_has_main" time="0.035" /><testcase classname="apps.documents.tests.test_wcag.MainLandmarkTests" name="test_upload_init_has_main" time="0.037" /><testcase classname="apps.documents.tests.test_wcag.HeadingTests" name="test_document_detail_has_one_h1" time="0.036" /><testcase classname="apps.documents.tests.test_wcag.HeadingTests" name="test_document_list_has_one_h1" time="0.035" /><testcase classname="apps.documents.tests.test_wcag.HeadingTests" name="test_upload_form_has_one_h1" time="0.040" /><testcase classname="apps.documents.tests.test_wcag.FormAriaDescribedByTests" name="test_upload_form_category_error_has_role_alert" time="0.038" /><testcase classname="apps.documents.tests.test_wcag.FormAriaDescribedByTests" name="test_upload_form_file_input_has_aria_describedby" time="0.035" /><testcase classname="apps.documents.tests.test_wcag.FormAriaDescribedByTests" name="test_upload_form_inputs_have_id_attributes" time="0.036" /><testcase classname="apps.documents.tests.test_wcag.XSSEscapingTests" name="test_xss_in_description_is_escaped" time="0.037" /><testcase classname="apps.documents.tests.test_wcag.XSSEscapingTests" name="test_xss_payload_in_filename_is_escaped_in_detail" time="0.034" /><testcase classname="apps.documents.tests.test_wcag.XSSEscapingTests" name="test_xss_payload_in_filename_is_escaped_in_list" time="0.036" /><testcase classname="apps.documents.tests.test_wcag.StorageKeyNotInHTMLTests" name="test_storage_key_not_in_document_detail" time="0.034" /><testcase classname="apps.documents.tests.test_wcag.StorageKeyNotInHTMLTests" name="test_storage_key_not_in_document_list" time="0.035" /><testcase classname="apps.documents.tests.test_wcag.StorageKeyNotInHTMLTests" name="test_storage_key_not_in_upload_form" time="0.038" /><testcase classname="apps.documents.tests.test_wcag.ErrorRoleAlertTests" name="test_upload_form_non_field_error_has_role_alert" time="0.039" /><testcase classname="apps.documents.tests.test_wcag.SkipNavigationTests" name="test_document_detail_has_skip_nav" time="0.035" /><testcase classname="apps.documents.tests.test_wcag.SkipNavigationTests" name="test_document_list_has_skip_nav" time="0.036" /><testcase classname="apps.documents.tests.test_wcag.PaginationAriaTests" name="test_pagination_nav_has_aria_label" time="0.073" /><testcase classname="apps.documents.tests.test_wcag.BreadcrumbAriaTests" name="test_document_detail_breadcrumb_has_aria_label" time="0.035" /><testcase classname="apps.documents.tests.test_wcag.CSRFTokenTests" name="test_upload_form_has_csrf_token" time="0.036" /><testcase classname="apps.documents.tests.test_wcag.CSRFTokenTests" name="test_upload_form_method_is_post" time="0.037" /><testcase classname="apps.documents.tests.test_wcag.TableCaptionTests" name="test_document_list_table_has_caption" time="0.036" /><testcase classname="apps.documents.tests.test_wcag.SectionAriaLabelledByTests" name="test_document_detail_section_aria_labelledby" time="0.034" /><testcase classname="apps.documents.tests.test_wcag.SectionAriaLabelledByTests" name="test_document_list_section_aria_labelledby" time="0.036" /><testcase classname="apps.documents.tests.test_wcag.SectionAriaLabelledByTests" name="test_upload_form_section_aria_labelledby" time="0.037" /><testcase classname="apps.documents.tests.test_wcag.RequiredFieldAriaTests" name="test_required_asterisk_is_aria_hidden" time="0.036" /><testcase classname="apps.documents.tests.test_wcag.RequiredFieldAriaTests" name="test_upload_form_category_is_aria_required" time="0.036" /><testcase classname="apps.documents.tests.test_wcag.AuthRedirectTests" name="test_document_detail_redirects_anon" time="0.012" /><testcase classname="apps.documents.tests.test_wcag.AuthRedirectTests" name="test_document_list_redirects_anon" time="0.006" /><testcase classname="apps.documents.tests.test_wcag.AuthRedirectTests" name="test_upload_form_redirects_anon" time="0.006" /><testcase classname="apps.documents.tests.test_wcag.TimeElementTests" name="test_document_detail_time_has_datetime_attr" time="0.035" /><testcase classname="apps.documents.tests.test_wcag.TimeElementTests" name="test_document_list_time_has_datetime_attr" time="0.038" /></testsuite></testsuites>