<?xml version="1.0" encoding="utf-8"?><testsuites><testsuite name="pytest" errors="0" failures="0" skipped="0" tests="1159" time="135.996" timestamp="2026-08-24T02:42:33.017656-04:00" hostname="2752b08dd0fd"><testcase classname="apps.documents.tests.test_access_tokens.IssueAccessTokenTests" name="test_issue_token_creates_record" time="102.148" /><testcase classname="apps.documents.tests.test_access_tokens.IssueAccessTokenTests" name="test_issue_token_for_active_document_is_valid" time="0.013" /><testcase classname="apps.documents.tests.test_access_tokens.IssueAccessTokenTests" name="test_issue_token_linked_to_correct_document" time="0.012" /><testcase classname="apps.documents.tests.test_access_tokens.IssueAccessTokenTests" name="test_issue_token_linked_to_correct_user" time="0.012" /><testcase classname="apps.documents.tests.test_access_tokens.IssueAccessTokenTests" name="test_issue_token_non_owner_writes_access_denied_audit_event" time="0.014" /><testcase classname="apps.documents.tests.test_access_tokens.IssueAccessTokenTests" name="test_issue_token_raises_404_for_deleted_document" time="0.011" /><testcase classname="apps.documents.tests.test_access_tokens.IssueAccessTokenTests" name="test_issue_token_raises_404_for_non_owner" time="0.012" /><testcase classname="apps.documents.tests.test_access_tokens.IssueAccessTokenTests" name="test_issue_token_raises_404_for_pending_upload" time="0.011" /><testcase classname="apps.documents.tests.test_access_tokens.IssueAccessTokenTests" name="test_issue_token_raises_404_for_quarantined_document" time="0.011" /><testcase classname="apps.documents.tests.test_access_tokens.IssueAccessTokenTests" name="test_issue_token_raises_404_for_scanning_document" time="0.011" /><testcase classname="apps.documents.tests.test_access_tokens.IssueAccessTokenTests" name="test_issue_token_staff_coordinator_can_download_any" time="0.018" /><testcase classname="apps.documents.tests.test_access_tokens.IssueAccessTokenTests" name="test_issue_token_superuser_can_download_any" time="0.012" /><testcase classname="apps.documents.tests.test_access_tokens.IssueAccessTokenIPMaskingTests" name="test_ipv4_127_0_0_1_masked" time="0.013" /><testcase classname="apps.documents.tests.test_access_tokens.IssueAccessTokenIPMaskingTests" name="test_ipv4_last_octet_zeroed" time="0.012" /><testcase classname="apps.documents.tests.test_access_tokens.IssueAccessTokenIPMaskingTests" name="test_ipv6_masked_to_48_prefix" time="0.012" /><testcase classname="apps.documents.tests.test_access_tokens.IssueAccessTokenIPMaskingTests" name="test_none_ip_stored_as_none" time="0.012" /><testcase classname="apps.documents.tests.test_access_tokens.IssueAccessTokenIPMaskingTests" name="test_unparseable_ip_stored_as_none" time="0.013" /><testcase classname="apps.documents.tests.test_access_tokens.IssueAccessTokenAuditTests" name="test_issue_token_audit_actor_is_user" time="0.014" /><testcase classname="apps.documents.tests.test_access_tokens.IssueAccessTokenAuditTests" name="test_issue_token_audit_no_original_filename" time="0.013" /><testcase classname="apps.documents.tests.test_access_tokens.IssueAccessTokenAuditTests" name="test_issue_token_audit_no_storage_key" time="0.013" /><testcase classname="apps.documents.tests.test_access_tokens.IssueAccessTokenAuditTests" name="test_issue_token_writes_audit_record" time="0.014" /><testcase classname="apps.documents.tests.test_access_tokens.IssueAccessTokenTTLTests" name="test_token_default_ttl_300_seconds" time="0.013" /><testcase classname="apps.documents.tests.test_access_tokens.IssueAccessTokenTTLTests" name="test_token_ttl_from_settings" time="0.013" /><testcase classname="apps.documents.tests.test_access_tokens.ConsumeAccessTokenTests" name="test_consume_token_is_invalid_after_use" time="0.018" /><testcase classname="apps.documents.tests.test_access_tokens.ConsumeAccessTokenTests" name="test_consume_token_marks_used_at" time="0.017" /><testcase classname="apps.documents.tests.test_access_tokens.ConsumeAccessTokenTests" name="test_consume_token_raises_404_on_expired_token" time="0.015" /><testcase classname="apps.documents.tests.test_access_tokens.ConsumeAccessTokenTests" name="test_consume_token_raises_404_on_nonexistent_token" time="0.014" /><testcase classname="apps.documents.tests.test_access_tokens.ConsumeAccessTokenTests" name="test_consume_token_raises_404_on_used_token" time="0.018" /><testcase classname="apps.documents.tests.test_access_tokens.ConsumeAccessTokenTests" name="test_consume_token_raises_404_wrong_user" time="0.018" /><testcase classname="apps.documents.tests.test_access_tokens.ConsumeAccessTokenTests" name="test_consume_token_returns_document" time="0.016" /><testcase classname="apps.documents.tests.test_access_tokens.ConsumeAccessTokenTests" name="test_consume_token_used_at_is_recent" time="0.017" /><testcase classname="apps.documents.tests.test_access_tokens.ConsumeAccessTokenTests" name="test_consume_token_writes_audit_record" time="0.018" /><testcase classname="apps.documents.tests.test_access_tokens.ConsumeAccessTokenTests" name="test_consume_token_wrong_user_writes_access_denied_audit_event" time="0.020" /><testcase classname="apps.documents.tests.test_access_tokens.PurgeExpiredTokensTests" name="test_purge_deletes_expired_tokens" time="0.011" /><testcase classname="apps.documents.tests.test_access_tokens.PurgeExpiredTokensTests" name="test_purge_deletes_used_tokens" time="0.010" /><testcase classname="apps.documents.tests.test_access_tokens.PurgeExpiredTokensTests" name="test_purge_dry_run_does_not_delete" time="0.009" /><testcase classname="apps.documents.tests.test_access_tokens.PurgeExpiredTokensTests" name="test_purge_mixed_batch" time="0.013" /><testcase classname="apps.documents.tests.test_access_tokens.PurgeExpiredTokensTests" name="test_purge_preserves_valid_tokens" time="0.008" /><testcase classname="apps.documents.tests.test_access_tokens.PurgeExpiredTokensTests" name="test_purge_returns_count_of_deleted" time="0.011" /><testcase classname="apps.documents.tests.test_admin.DocumentAdminStorageKeyTests" name="test_storage_key_not_in_any_fieldset" time="0.004" /><testcase classname="apps.documents.tests.test_admin.DocumentAdminStorageKeyTests" name="test_storage_key_not_in_list_display" time="0.003" /><testcase classname="apps.documents.tests.test_admin.DocumentAdminStorageKeyTests" name="test_storage_key_not_in_list_filter" time="0.003" /><testcase classname="apps.documents.tests.test_admin.DocumentAdminStorageKeyTests" name="test_storage_key_not_in_readonly_fields" time="0.003" /><testcase classname="apps.documents.tests.test_admin.DocumentAdminStorageKeyTests" name="test_storage_key_not_in_search_fields" time="0.003" /><testcase classname="apps.documents.tests.test_admin.DocumentAdminOriginalFilenameTests" name="test_original_filename_in_readonly_fields_for_detail" time="0.003" /><testcase classname="apps.documents.tests.test_admin.DocumentAdminOriginalFilenameTests" name="test_original_filename_not_in_list_display" time="0.003" /><testcase classname="apps.documents.tests.test_admin.DocumentAdminOriginalFilenameTests" name="test_original_filename_not_in_search_fields" time="0.003" /><testcase classname="apps.documents.tests.test_admin.DocumentAdminPermissionTests" name="test_has_add_permission_false" time="0.006" /><testcase classname="apps.documents.tests.test_admin.DocumentAdminPermissionTests" name="test_has_change_permission_false_with_obj" time="0.009" /><testcase classname="apps.documents.tests.test_admin.DocumentAdminPermissionTests" name="test_has_change_permission_false_without_obj" time="0.005" /><testcase classname="apps.documents.tests.test_admin.DocumentAdminPermissionTests" name="test_has_delete_permission_false_with_obj" time="0.009" /><testcase classname="apps.documents.tests.test_admin.DocumentAdminPermissionTests" name="test_has_delete_permission_false_without_obj" time="0.005" /><testcase classname="apps.documents.tests.test_admin.DocumentAdminPermissionTests" name="test_read_only_even_for_superuser" time="0.005" /><testcase classname="apps.documents.tests.test_admin.DocumentAdminListDisplayTests" name="test_list_display_has_scan_status_badge" time="0.003" /><testcase classname="apps.documents.tests.test_admin.DocumentAdminListDisplayTests" name="test_list_display_uses_uploaded_by_id_not_email" time="0.003" /><testcase classname="apps.documents.tests.test_admin.DocumentAdminListDisplayTests" name="test_scan_engine_result_not_in_list_display" time="0.003" /><testcase classname="apps.documents.tests.test_admin.DocumentAdminFieldsetTests" name="test_legal_hold_related_fields_in_fieldset" time="0.003" /><testcase classname="apps.documents.tests.test_admin.DocumentAdminFieldsetTests" name="test_no_storage_key_in_any_fieldset" time="0.003" /><testcase classname="apps.documents.tests.test_admin.DocumentAdminFieldsetTests" name="test_scan_engine_result_in_fieldset_for_detail" time="0.003" /><testcase classname="apps.documents.tests.test_admin.DocumentCategoryAdminPermissionTests" name="test_has_delete_permission_false" time="0.006" /><testcase classname="apps.documents.tests.test_admin.DocumentCategoryAdminPermissionTests" name="test_has_delete_permission_false_with_obj" time="0.006" /><testcase classname="apps.documents.tests.test_admin.DocumentAccessTokenAdminPermissionTests" name="test_has_add_permission_false" time="0.006" /><testcase classname="apps.documents.tests.test_admin.DocumentAccessTokenAdminPermissionTests" name="test_has_change_permission_false" time="0.006" /><testcase classname="apps.documents.tests.test_admin.DocumentAccessTokenAdminPermissionTests" name="test_has_delete_permission_false" time="0.006" /><testcase classname="apps.documents.tests.test_admin.DocumentAttachmentAdminPermissionTests" name="test_has_add_permission_false" time="0.006" /><testcase classname="apps.documents.tests.test_admin.DocumentAttachmentAdminPermissionTests" name="test_has_change_permission_false" time="0.005" /><testcase classname="apps.documents.tests.test_admin.DocumentAttachmentAdminPermissionTests" name="test_has_delete_permission_false" time="0.005" /><testcase classname="apps.documents.tests.test_admin.AdminRegistrationTests" name="test_document_admin_class" time="0.003" /><testcase classname="apps.documents.tests.test_admin.AdminRegistrationTests" name="test_document_category_admin_class" time="0.003" /><testcase classname="apps.documents.tests.test_admin.AdminRegistrationTests" name="test_document_category_registered" time="0.003" /><testcase classname="apps.documents.tests.test_admin.AdminRegistrationTests" name="test_document_registered" time="0.003" /><testcase classname="apps.documents.tests.test_api.DocumentRequestUploadAPITests" name="test_201_response_contains_required_fields" time="1.673" /><testcase classname="apps.documents.tests.test_api.DocumentRequestUploadAPITests" name="test_201_success" time="0.017" /><testcase classname="apps.documents.tests.test_api.DocumentRequestUploadAPITests" name="test_400_missing_required_fields" time="0.014" /><testcase classname="apps.documents.tests.test_api.DocumentRequestUploadAPITests" name="test_400_size_bytes_too_large" time="0.015" /><testcase classname="apps.documents.tests.test_api.DocumentRequestUploadAPITests" name="test_400_unknown_category_slug" time="0.015" /><testcase classname="apps.documents.tests.test_api.DocumentRequestUploadAPITests" name="test_401_unauthenticated" time="0.008" /><testcase classname="apps.documents.tests.test_api.DocumentRequestUploadAPITests" name="test_403_service_permission_denied" time="0.015" /><testcase classname="apps.documents.tests.test_api.DocumentRequestUploadAPITests" name="test_s1_storage_key_absent_from_201_response" time="0.015" /><testcase classname="apps.documents.tests.test_api.DocumentConfirmUploadAPITests" name="test_200_success_scan_status_scanning" time="0.015" /><testcase classname="apps.documents.tests.test_api.DocumentConfirmUploadAPITests" name="test_400_service_validation_error" time="0.011" /><testcase classname="apps.documents.tests.test_api.DocumentConfirmUploadAPITests" name="test_401_unauthenticated" time="0.009" /><testcase classname="apps.documents.tests.test_api.DocumentConfirmUploadAPITests" name="test_404_idor_wrong_owner" time="0.019" /><testcase classname="apps.documents.tests.test_api.DocumentConfirmUploadAPITests" name="test_404_nonexistent_doc" time="0.016" /><testcase classname="apps.documents.tests.test_api.DocumentDetailAPITests" name="test_200_returns_all_spec_fields" time="0.026" /><testcase classname="apps.documents.tests.test_api.DocumentDetailAPITests" name="test_404_not_found" time="0.022" /><testcase classname="apps.documents.tests.test_api.DocumentDetailAPITests" name="test_404_not_found_does_not_write_access_denied_audit_event" time="0.022" /><testcase classname="apps.documents.tests.test_api.DocumentDetailAPITests" name="test_a5_401_unauthenticated" time="0.009" /><testcase classname="apps.documents.tests.test_api.DocumentDetailAPITests" name="test_s1_storage_key_absent_from_response" time="0.021" /><testcase classname="apps.documents.tests.test_api.DocumentDetailAPITests" name="test_s2_scan_engine_result_hidden_from_citizen" time="0.021" /><testcase classname="apps.documents.tests.test_api.DocumentDetailAPITests" name="test_s2_scan_engine_result_shown_to_quarantine_staff" time="0.028" /><testcase classname="apps.documents.tests.test_api.DocumentDetailAPITests" name="test_s3_uploaded_by_id_is_pk_not_email" time="0.021" /><testcase classname="apps.documents.tests.test_api.DocumentDetailAPITests" name="test_s4_404_wrong_owner_idor" time="0.026" /><testcase classname="apps.documents.tests.test_api.DocumentDetailAPITests" name="test_s4_404_wrong_owner_writes_access_denied_audit_event" time="0.027" /><testcase classname="apps.documents.tests.test_api.DocumentDownloadInitAPITests" name="test_200_returns_download_url_and_expires_at" time="0.026" /><testcase classname="apps.documents.tests.test_api.DocumentDownloadInitAPITests" name="test_404_deleted_document" time="0.019" /><testcase classname="apps.documents.tests.test_api.DocumentDownloadInitAPITests" name="test_404_scanning_document" time="0.020" /><testcase classname="apps.documents.tests.test_api.DocumentDownloadInitAPITests" name="test_404_wrong_owner" time="0.022" /><testcase classname="apps.documents.tests.test_api.DocumentDownloadInitAPITests" name="test_405_get_not_allowed" time="0.012" /><testcase classname="apps.documents.tests.test_api.DocumentDownloadInitAPITests" name="test_a5_401_unauthenticated" time="0.009" /><testcase classname="apps.documents.tests.test_api.DocumentDownloadInitAPITests" name="test_download_url_contains_dl_path" time="0.020" /><testcase classname="apps.documents.tests.test_api.DocumentDownloadInitAPITests" name="test_ip_address_ignores_spoofed_x_forwarded_for" time="0.021" /><testcase classname="apps.documents.tests.test_api.DocumentDownloadInitAPITests" name="test_no_token_url_field_in_response" time="0.020" /><testcase classname="apps.documents.tests.test_api.DocumentDownloadInitAPITests" name="test_s1_download_url_does_not_contain_storage_key" time="0.020" /><testcase classname="apps.documents.tests.test_api.DocumentTokenRedeemAPITests" name="test_a5_401_unauthenticated" time="0.011" /><testcase classname="apps.documents.tests.test_api.DocumentTokenRedeemAPITests" name="test_expired_token_returns_410" time="0.016" /><testcase classname="apps.documents.tests.test_api.DocumentTokenRedeemAPITests" name="test_invalid_token_returns_404" time="0.020" /><testcase classname="apps.documents.tests.test_api.DocumentTokenRedeemAPITests" name="test_large_file_302_location_no_storage_key" time="0.018" /><testcase classname="apps.documents.tests.test_api.DocumentTokenRedeemAPITests" name="test_large_file_returns_302_redirect" time="0.018" /><testcase classname="apps.documents.tests.test_api.DocumentTokenRedeemAPITests" name="test_s1_storage_key_absent_from_small_file_body" time="0.019" /><testcase classname="apps.documents.tests.test_api.DocumentTokenRedeemAPITests" name="test_small_file_returns_200" time="0.018" /><testcase classname="apps.documents.tests.test_api.DocumentTokenRedeemAPITests" name="test_used_token_returns_404" time="0.021" /><testcase classname="apps.documents.tests.test_api.DocumentTokenRedeemAPITests" name="test_wrong_user_returns_404" time="0.025" /><testcase classname="apps.documents.tests.test_api.DocumentTokenRedeemAPITests" name="test_wrong_user_writes_access_denied_audit_event" time="0.026" /><testcase classname="apps.documents.tests.test_api.DocumentAttachedListAPITests" name="test_200_results_contain_attachment_fields" time="0.037" /><testcase classname="apps.documents.tests.test_api.DocumentAttachedListAPITests" name="test_200_staff_gets_paginated_list" time="0.029" /><testcase classname="apps.documents.tests.test_api.DocumentAttachedListAPITests" name="test_400_malformed_attached_to" time="0.020" /><testcase classname="apps.documents.tests.test_api.DocumentAttachedListAPITests" name="test_400_unknown_content_type" time="0.020" /><testcase classname="apps.documents.tests.test_api.DocumentAttachedListAPITests" name="test_403_citizen_cannot_access" time="0.019" /><testcase classname="apps.documents.tests.test_api.DocumentAttachedListAPITests" name="test_a5_401_unauthenticated" time="0.014" /><testcase classname="apps.documents.tests.test_api.DocumentAttachAPITests" name="test_400_missing_content_type" time="0.024" /><testcase classname="apps.documents.tests.test_api.DocumentAttachAPITests" name="test_403_citizen_is_blocked" time="0.018" /><testcase classname="apps.documents.tests.test_api.DocumentAttachAPITests" name="test_403_missing_upload_staff_document_perm" time="0.021" /><testcase classname="apps.documents.tests.test_api.DocumentAttachAPITests" name="test_404_nonexistent_doc" time="0.026" /><testcase classname="apps.documents.tests.test_api.DocumentAttachAPITests" name="test_a3_201_creates_attachment" time="0.021" /><testcase classname="apps.documents.tests.test_api.DocumentAttachAPITests" name="test_a5_401_unauthenticated" time="0.014" /><testcase classname="apps.documents.tests.test_api.DocumentDeleteAPITests" name="test_400_missing_reason" time="0.018" /><testcase classname="apps.documents.tests.test_api.DocumentDeleteAPITests" name="test_400_short_reason" time="0.018" /><testcase classname="apps.documents.tests.test_api.DocumentDeleteAPITests" name="test_403_missing_delete_permission" time="0.019" /><testcase classname="apps.documents.tests.test_api.DocumentDeleteAPITests" name="test_a4_204_soft_delete_success" time="0.024" /><testcase classname="apps.documents.tests.test_api.DocumentDeleteAPITests" name="test_a5_401_unauthenticated" time="0.011" /><testcase classname="apps.documents.tests.test_api.DocumentDeleteAPITests" name="test_s4_404_wrong_owner_idor" time="0.029" /><testcase classname="apps.documents.tests.test_api.DocumentDeleteAPITests" name="test_s6_403_legal_hold_blocks_delete" time="0.021" /><testcase classname="apps.documents.tests.test_api.DocumentVersionsAPITests" name="test_200_single_version_document" time="0.029" /><testcase classname="apps.documents.tests.test_api.DocumentVersionsAPITests" name="test_200_three_version_chain" time="0.027" /><testcase classname="apps.documents.tests.test_api.DocumentVersionsAPITests" name="test_200_versions_from_any_chain_member" time="0.027" /><testcase classname="apps.documents.tests.test_api.DocumentVersionsAPITests" name="test_a5_401_unauthenticated" time="0.010" /><testcase classname="apps.documents.tests.test_api.DocumentVersionsAPITests" name="test_s4_404_wrong_owner_idor" time="0.027" /><testcase classname="apps.documents.tests.test_api.DocumentVersionsAPITests" name="test_versions_ordered_ascending" time="0.027" /><testcase classname="apps.documents.tests.test_api.DocumentListAPITests" name="test_200_category_filter" time="0.031" /><testcase classname="apps.documents.tests.test_api.DocumentListAPITests" name="test_200_citizen_count" time="0.028" /><testcase classname="apps.documents.tests.test_api.DocumentListAPITests" name="test_200_citizen_sees_own_documents" time="0.030" /><testcase classname="apps.documents.tests.test_api.DocumentListAPITests" name="test_200_coordinator_sees_all_documents" time="0.034" /><testcase classname="apps.documents.tests.test_api.DocumentListAPITests" name="test_200_excludes_deleted_documents" time="0.028" /><testcase classname="apps.documents.tests.test_api.DocumentListAPITests" name="test_200_paginated_response_structure" time="0.029" /><testcase classname="apps.documents.tests.test_api.DocumentListAPITests" name="test_200_scan_status_filter" time="0.031" /><testcase classname="apps.documents.tests.test_api.DocumentListAPITests" name="test_200_staff_without_view_all_sees_only_own_docs" time="0.031" /><testcase classname="apps.documents.tests.test_api.DocumentListAPITests" name="test_403_quarantined_filter_not_accessible_via_general_list" time="0.024" /><testcase classname="apps.documents.tests.test_api.DocumentListAPITests" name="test_a5_401_unauthenticated" time="0.013" /><testcase classname="apps.documents.tests.test_api.DocumentListAPITests" name="test_s1_storage_key_absent_from_list" time="0.031" /><testcase classname="apps.documents.tests.test_api.DocumentQuarantinedListAPITests" name="test_200_excludes_active_documents" time="0.031" /><testcase classname="apps.documents.tests.test_api.DocumentQuarantinedListAPITests" name="test_200_excludes_deleted_quarantined_documents" time="0.025" /><testcase classname="apps.documents.tests.test_api.DocumentQuarantinedListAPITests" name="test_200_paginated_response_structure" time="0.028" /><testcase classname="apps.documents.tests.test_api.DocumentQuarantinedListAPITests" name="test_200_returns_quarantined_documents" time="0.029" /><testcase classname="apps.documents.tests.test_api.DocumentQuarantinedListAPITests" name="test_200_scan_engine_result_visible" time="0.029" /><testcase classname="apps.documents.tests.test_api.DocumentQuarantinedListAPITests" name="test_403_citizen_is_blocked" time="0.019" /><testcase classname="apps.documents.tests.test_api.DocumentQuarantinedListAPITests" name="test_403_citizen_with_view_quarantined_perm_still_blocked" time="0.022" /><testcase classname="apps.documents.tests.test_api.DocumentQuarantinedListAPITests" name="test_403_staff_without_view_quarantined_perm" time="0.023" /><testcase classname="apps.documents.tests.test_api.DocumentQuarantinedListAPITests" name="test_a5_401_unauthenticated" time="0.014" /><testcase classname="apps.documents.tests.test_api.DocumentQuarantinedListAPITests" name="test_s1_storage_key_absent_from_quarantined_list" time="0.029" /><testcase classname="apps.documents.tests.test_api.DocumentTokenRedeemExpiredAPITests" name="test_already_used_token_is_404_not_410" time="0.023" /><testcase classname="apps.documents.tests.test_api.DocumentTokenRedeemExpiredAPITests" name="test_expired_and_used_token_is_404" time="0.021" /><testcase classname="apps.documents.tests.test_api.DocumentTokenRedeemExpiredAPITests" name="test_expired_token_is_410_not_404" time="0.015" /><testcase classname="apps.documents.tests.test_api.DocumentTokenRedeemExpiredAPITests" name="test_expired_token_response_has_error_code" time="0.016" /><testcase classname="apps.documents.tests.test_api.EncryptedPdfRejectionTests" name="test_clean_pdf_accepted" time="0.021" /><testcase classname="apps.documents.tests.test_api.EncryptedPdfRejectionTests" name="test_encrypted_pdf_fallback_raw_byte_check" time="0.017" /><testcase classname="apps.documents.tests.test_api.EncryptedPdfRejectionTests" name="test_encrypted_pdf_rejected_with_400" time="0.018" /><testcase classname="apps.documents.tests.test_api.EncryptedPdfRejectionTests" name="test_non_pdf_skips_encryption_check" time="0.020" /><testcase classname="apps.documents.tests.test_api.DocumentVersionsVisibilityAPITests" name="test_all_active_chain_is_unaffected" time="0.041" /><testcase classname="apps.documents.tests.test_api.DocumentVersionsVisibilityAPITests" name="test_citizen_does_not_see_quarantined_or_deleted_siblings" time="0.032" /><testcase classname="apps.documents.tests.test_api.DocumentVersionsVisibilityAPITests" name="test_coordinator_also_does_not_see_quarantined_sibling" time="0.037" /><testcase classname="apps.documents.tests.test_api.DocumentVersionsVisibilityAPITests" name="test_quarantined_sibling_metadata_not_leaked" time="0.033" /><testcase classname="apps.documents.tests.test_api.DocumentVersionsVisibilityAPITests" name="test_soft_deleted_sibling_not_listed" time="0.030" /><testcase classname="apps.documents.tests.test_api.UploadedByIdFieldTypeAPITests" name="test_doc_id_remains_a_uuid_string" time="0.029" /><testcase classname="apps.documents.tests.test_api.UploadedByIdFieldTypeAPITests" name="test_field_is_declared_as_integer" time="0.012" /><testcase classname="apps.documents.tests.test_api.UploadedByIdFieldTypeAPITests" name="test_serializes_as_json_integer" time="0.024" /><testcase classname="apps.documents.tests.test_api.DocumentNewVersionAPITests" name="test_201_response_shape" time="0.026" /><testcase classname="apps.documents.tests.test_api.DocumentNewVersionAPITests" name="test_201_without_category_slug_in_request_body" time="0.024" /><testcase classname="apps.documents.tests.test_api.DocumentNewVersionAPITests" name="test_400_citizen_between_citizen_and_staff_cap_still_rejected" time="0.019" /><testcase classname="apps.documents.tests.test_api.DocumentNewVersionAPITests" name="test_401_unauthenticated" time="0.012" /><testcase classname="apps.documents.tests.test_api.DocumentNewVersionAPITests" name="test_403_service_permission_denied" time="0.020" /><testcase classname="apps.documents.tests.test_api.DocumentNewVersionAPITests" name="test_404_non_owned_document" time="0.036" /><testcase classname="apps.documents.tests.test_api.DocumentNewVersionAPITests" name="test_description_reaches_the_service_layer" time="0.027" /><testcase classname="apps.documents.tests.test_api.DocumentNewVersionAPITests" name="test_staff_upload_between_citizen_and_staff_cap_succeeds" time="0.033" /><testcase classname="apps.documents.tests.test_audit.SoftDeleteAuditTests" name="test_soft_delete_audit_actor_id_is_user_pk" time="0.014" /><testcase classname="apps.documents.tests.test_audit.SoftDeleteAuditTests" name="test_soft_delete_audit_entry_has_timestamp" time="0.013" /><testcase classname="apps.documents.tests.test_audit.SoftDeleteAuditTests" name="test_soft_delete_audit_has_deletion_reason" time="0.011" /><testcase classname="apps.documents.tests.test_audit.SoftDeleteAuditTests" name="test_soft_delete_audit_has_no_original_filename" time="0.011" /><testcase classname="apps.documents.tests.test_audit.SoftDeleteAuditTests" name="test_soft_delete_audit_has_no_storage_key" time="0.011" /><testcase classname="apps.documents.tests.test_audit.SoftDeleteAuditTests" name="test_soft_delete_resource_id_is_doc_pk" time="0.011" /><testcase classname="apps.documents.tests.test_audit.SoftDeleteAuditTests" name="test_soft_delete_resource_type" time="0.011" /><testcase classname="apps.documents.tests.test_audit.SoftDeleteAuditTests" name="test_soft_delete_system_deletion_actor_id_none" time="0.011" /><testcase classname="apps.documents.tests.test_audit.SoftDeleteAuditTests" name="test_soft_delete_writes_record_deleted_audit" time="0.012" /><testcase classname="apps.documents.tests.test_audit.HardDeleteAuditTests" name="test_hard_delete_audit_has_cleared_at" time="0.014" /><testcase classname="apps.documents.tests.test_audit.HardDeleteAuditTests" name="test_hard_delete_audit_no_original_filename" time="0.013" /><testcase classname="apps.documents.tests.test_audit.HardDeleteAuditTests" name="test_hard_delete_audit_no_storage_key_value" time="0.013" /><testcase classname="apps.documents.tests.test_audit.HardDeleteAuditTests" name="test_hard_delete_db_row_retained" time="0.012" /><testcase classname="apps.documents.tests.test_audit.HardDeleteAuditTests" name="test_hard_delete_doc_status_set_to_purged" time="0.013" /><testcase classname="apps.documents.tests.test_audit.HardDeleteAuditTests" name="test_hard_delete_resource_type" time="0.013" /><testcase classname="apps.documents.tests.test_audit.HardDeleteAuditTests" name="test_hard_delete_storage_key_cleared" time="0.013" /><testcase classname="apps.documents.tests.test_audit.HardDeleteAuditTests" name="test_hard_delete_writes_record_purged_audit" time="0.014" /><testcase classname="apps.documents.tests.test_audit.ApplyLegalHoldAuditTests" name="test_apply_legal_hold_audit_actor_is_set_by_pk" time="0.017" /><testcase classname="apps.documents.tests.test_audit.ApplyLegalHoldAuditTests" name="test_apply_legal_hold_audit_detail_has_legal_hold_true" time="0.016" /><testcase classname="apps.documents.tests.test_audit.ApplyLegalHoldAuditTests" name="test_apply_legal_hold_audit_detail_has_reason" time="0.015" /><testcase classname="apps.documents.tests.test_audit.ApplyLegalHoldAuditTests" name="test_apply_legal_hold_audit_no_email_in_detail" time="0.015" /><testcase classname="apps.documents.tests.test_audit.ApplyLegalHoldAuditTests" name="test_apply_legal_hold_writes_audit" time="0.016" /><testcase classname="apps.documents.tests.test_audit.ReleaseLegalHoldAuditTests" name="test_release_legal_hold_audit_actor_is_released_by_pk" time="0.016" /><testcase classname="apps.documents.tests.test_audit.ReleaseLegalHoldAuditTests" name="test_release_legal_hold_audit_detail_has_legal_hold_false" time="0.015" /><testcase classname="apps.documents.tests.test_audit.ReleaseLegalHoldAuditTests" name="test_release_legal_hold_audit_no_storage_key" time="0.015" /><testcase classname="apps.documents.tests.test_audit.ReleaseLegalHoldAuditTests" name="test_release_legal_hold_writes_audit" time="0.016" /><testcase classname="apps.documents.tests.test_audit.AuditLogEntryImmutabilityTests" name="test_audit_entry_cannot_be_deleted" time="0.012" /><testcase classname="apps.documents.tests.test_audit.AuditLogEntryImmutabilityTests" name="test_audit_entry_cannot_be_updated" time="0.011" /><testcase classname="apps.documents.tests.test_audit.AuditLogEntryImmutabilityTests" name="test_audit_entry_has_entry_hash" time="0.011" /><testcase classname="apps.documents.tests.test_audit.AuditAtomicityTests" name="test_apply_legal_hold_audit_and_state_commit_together" time="0.017" /><testcase classname="apps.documents.tests.test_audit.AuditAtomicityTests" name="test_document_state_failure_rolls_back_audit_entry" time="0.009" /><testcase classname="apps.documents.tests.test_audit.AuditAtomicityTests" name="test_record_event_failure_rolls_back_document_state" time="0.011" /><testcase classname="apps.documents.tests.test_audit.AuditAtomicityTests" name="test_soft_delete_audit_and_state_commit_together" time="0.013" /><testcase classname="apps.documents.tests.test_integration.LegalHoldDisposalIntegrationTests" name="test_apply_legal_hold_requires_permission" time="0.013" /><testcase classname="apps.documents.tests.test_integration.LegalHoldDisposalIntegrationTests" name="test_apply_legal_hold_sets_hold_fields" time="0.013" /><testcase classname="apps.documents.tests.test_integration.LegalHoldDisposalIntegrationTests" name="test_apply_legal_hold_twice_raises_value_error" time="0.012" /><testcase classname="apps.documents.tests.test_integration.LegalHoldDisposalIntegrationTests" name="test_legal_hold_blocks_hard_delete" time="0.009" /><testcase classname="apps.documents.tests.test_integration.LegalHoldDisposalIntegrationTests" name="test_legal_hold_blocks_soft_delete" time="0.012" /><testcase classname="apps.documents.tests.test_integration.LegalHoldDisposalIntegrationTests" name="test_release_legal_hold_clears_legal_hold_flag" time="0.016" /><testcase classname="apps.documents.tests.test_integration.LegalHoldDisposalIntegrationTests" name="test_release_legal_hold_requires_permission" time="0.013" /><testcase classname="apps.documents.tests.test_integration.LegalHoldDisposalIntegrationTests" name="test_release_legal_hold_when_not_held_raises_value_error" time="0.009" /><testcase classname="apps.documents.tests.test_integration.LegalHoldDisposalIntegrationTests" name="test_releasing_legal_hold_allows_soft_delete" time="0.019" /><testcase classname="apps.documents.tests.test_integration.LegalHoldDisposalIntegrationTests" name="test_soft_delete_sets_scan_status_deleted" time="0.013" /><testcase classname="apps.documents.tests.test_integration.VersionChainIntegrationTests" name="test_create_version_allowed_for_owner_with_upload_perm" time="0.011" /><testcase classname="apps.documents.tests.test_integration.VersionChainIntegrationTests" name="test_create_version_allowed_for_superuser" time="0.009" /><testcase classname="apps.documents.tests.test_integration.VersionChainIntegrationTests" name="test_create_version_denied_for_non_owner_without_staff_perm" time="0.011" /><testcase classname="apps.documents.tests.test_integration.VersionChainIntegrationTests" name="test_create_version_denied_for_owner_on_staff_only_category" time="0.011" /><testcase classname="apps.documents.tests.test_integration.VersionChainIntegrationTests" name="test_exactly_one_latest_version_per_chain" time="0.009" /><testcase classname="apps.documents.tests.test_integration.VersionChainIntegrationTests" name="test_new_version_demotes_previous_latest" time="0.009" /><testcase classname="apps.documents.tests.test_integration.VersionChainIntegrationTests" name="test_new_version_is_marked_latest" time="0.008" /><testcase classname="apps.documents.tests.test_integration.VersionChainIntegrationTests" name="test_new_version_points_to_chain_root" time="0.008" /><testcase classname="apps.documents.tests.test_integration.VersionChainIntegrationTests" name="test_root_document_is_none_for_v1" time="0.006" /><testcase classname="apps.documents.tests.test_integration.VersionChainIntegrationTests" name="test_version_number_increments" time="0.008" /><testcase classname="apps.documents.tests.test_integration.TransitoryDocumentIntegrationTests" name="test_mark_purpose_fulfilled_blocked_by_legal_hold" time="0.007" /><testcase classname="apps.documents.tests.test_integration.TransitoryDocumentIntegrationTests" name="test_mark_purpose_fulfilled_on_already_deleted_raises_value_error" time="0.007" /><testcase classname="apps.documents.tests.test_integration.TransitoryDocumentIntegrationTests" name="test_mark_purpose_fulfilled_on_non_transitory_raises_value_error" time="0.007" /><testcase classname="apps.documents.tests.test_integration.TransitoryDocumentIntegrationTests" name="test_mark_purpose_fulfilled_sets_expires_at" time="0.012" /><testcase classname="apps.documents.tests.test_integration.TransitoryDocumentIntegrationTests" name="test_mark_purpose_fulfilled_soft_deletes_document" time="0.013" /><testcase classname="apps.documents.tests.test_integration.TransitoryDocumentIntegrationTests" name="test_non_transitory_document_has_expires_at_after_schedule_expiry" time="0.008" /><testcase classname="apps.documents.tests.test_integration.TransitoryDocumentIntegrationTests" name="test_non_transitory_has_retain_until_after_schedule_expiry" time="0.008" /><testcase classname="apps.documents.tests.test_integration.TransitoryDocumentIntegrationTests" name="test_transitory_document_no_expires_at_after_schedule_expiry" time="0.008" /><testcase classname="apps.documents.tests.test_integration.TransitoryDocumentIntegrationTests" name="test_transitory_document_retains_retain_until_if_min_retention_nonzero" time="0.008" /><testcase classname="apps.documents.tests.test_integration.ScanStatusGateIntegrationTests" name="test_active_document_can_issue_token" time="0.012" /><testcase classname="apps.documents.tests.test_integration.ScanStatusGateIntegrationTests" name="test_deleted_document_cannot_issue_token" time="0.010" /><testcase classname="apps.documents.tests.test_integration.ScanStatusGateIntegrationTests" name="test_multiple_tokens_can_be_issued_for_same_active_document" time="0.015" /><testcase classname="apps.documents.tests.test_integration.ScanStatusGateIntegrationTests" name="test_non_owner_cannot_issue_token_for_others_document" time="0.012" /><testcase classname="apps.documents.tests.test_integration.ScanStatusGateIntegrationTests" name="test_pending_upload_cannot_issue_token" time="0.010" /><testcase classname="apps.documents.tests.test_integration.ScanStatusGateIntegrationTests" name="test_purged_document_cannot_issue_token" time="0.010" /><testcase classname="apps.documents.tests.test_integration.ScanStatusGateIntegrationTests" name="test_quarantined_document_cannot_issue_token" time="0.010" /><testcase classname="apps.documents.tests.test_integration.ScanStatusGateIntegrationTests" name="test_scanning_document_cannot_issue_token" time="0.010" /><testcase classname="apps.documents.tests.test_integration.ScanStatusGateIntegrationTests" name="test_token_ip_address_is_masked" time="0.012" /><testcase classname="apps.documents.tests.test_models.DocumentCategoryStrTests" name="test_str_not_name_en" time="0.004" /><testcase classname="apps.documents.tests.test_models.DocumentCategoryStrTests" name="test_str_returns_slug" time="0.004" /><testcase classname="apps.documents.tests.test_models.DocumentCategoryCleanTests" name="test_clean_error_message_contains_values" time="0.004" /><testcase classname="apps.documents.tests.test_models.DocumentCategoryCleanTests" name="test_clean_ok_when_equal" time="0.003" /><testcase classname="apps.documents.tests.test_models.DocumentCategoryCleanTests" name="test_clean_ok_when_min_less_than_max" time="0.003" /><testcase classname="apps.documents.tests.test_models.DocumentCategoryCleanTests" name="test_clean_raises_when_min_exceeds_max" time="0.004" /><testcase classname="apps.documents.tests.test_models.DocumentCategoryDefaultsTests" name="test_default_security_classification_is_protected_b" time="0.004" /><testcase classname="apps.documents.tests.test_models.DocumentCategoryDefaultsTests" name="test_is_transitory_defaults_false" time="0.003" /><testcase classname="apps.documents.tests.test_models.DocumentCategoryDefaultsTests" name="test_max_size_bytes_default_zero" time="0.003" /><testcase classname="apps.documents.tests.test_models.DocumentCategoryDefaultsTests" name="test_min_retention_days_default" time="0.003" /><testcase classname="apps.documents.tests.test_models.DocumentCategoryDefaultsTests" name="test_staff_only_defaults_false" time="0.004" /><testcase classname="apps.documents.tests.test_models.DocumentStrTests" name="test_str_contains_pk" time="0.007" /><testcase classname="apps.documents.tests.test_models.DocumentStrTests" name="test_str_contains_scan_status" time="0.006" /><testcase classname="apps.documents.tests.test_models.DocumentStrTests" name="test_str_contains_version_number" time="0.006" /><testcase classname="apps.documents.tests.test_models.DocumentStrTests" name="test_str_does_not_contain_original_filename" time="0.006" /><testcase classname="apps.documents.tests.test_models.DocumentStrTests" name="test_str_format" time="0.007" /><testcase classname="apps.documents.tests.test_models.DocumentCleanTests" name="test_clean_no_root_version2_raises" time="0.007" /><testcase classname="apps.documents.tests.test_models.DocumentCleanTests" name="test_clean_self_root_raises" time="0.007" /><testcase classname="apps.documents.tests.test_models.DocumentCleanTests" name="test_clean_version1_no_root_ok" time="0.006" /><testcase classname="apps.documents.tests.test_models.DocumentCleanTests" name="test_clean_version1_with_root_raises" time="0.007" /><testcase classname="apps.documents.tests.test_models.DocumentCleanTests" name="test_clean_version2_with_root_ok" time="0.007" /><testcase classname="apps.documents.tests.test_models.DocumentCleanTests" name="test_clean_version_number_negative_raises" time="0.007" /><testcase classname="apps.documents.tests.test_models.DocumentCleanTests" name="test_clean_version_number_zero_raises" time="0.007" /><testcase classname="apps.documents.tests.test_models.DocumentQuerySetActiveTests" name="test_active_excludes_deleted_status" time="0.009" /><testcase classname="apps.documents.tests.test_models.DocumentQuerySetActiveTests" name="test_active_excludes_pending_upload" time="0.008" /><testcase classname="apps.documents.tests.test_models.DocumentQuerySetActiveTests" name="test_active_excludes_purged" time="0.008" /><testcase classname="apps.documents.tests.test_models.DocumentQuerySetActiveTests" name="test_active_excludes_quarantined" time="0.008" /><testcase classname="apps.documents.tests.test_models.DocumentQuerySetActiveTests" name="test_active_excludes_scanning" time="0.008" /><testcase classname="apps.documents.tests.test_models.DocumentQuerySetActiveTests" name="test_active_excludes_soft_deleted" time="0.008" /><testcase classname="apps.documents.tests.test_models.DocumentQuerySetActiveTests" name="test_active_returns_active_non_deleted" time="0.008" /><testcase classname="apps.documents.tests.test_models.DocumentQuerySetLatestVersionsTests" name="test_latest_versions_combined_with_active" time="0.009" /><testcase classname="apps.documents.tests.test_models.DocumentQuerySetLatestVersionsTests" name="test_latest_versions_excludes_non_latest" time="0.008" /><testcase classname="apps.documents.tests.test_models.DocumentQuerySetLatestVersionsTests" name="test_latest_versions_returns_is_latest_true" time="0.008" /><testcase classname="apps.documents.tests.test_models.DocumentQuerySetPendingDisposalTests" name="test_pending_disposal_eligible" time="0.009" /><testcase classname="apps.documents.tests.test_models.DocumentQuerySetPendingDisposalTests" name="test_pending_disposal_excludes_already_deleted" time="0.009" /><testcase classname="apps.documents.tests.test_models.DocumentQuerySetPendingDisposalTests" name="test_pending_disposal_excludes_future_expires_at" time="0.009" /><testcase classname="apps.documents.tests.test_models.DocumentQuerySetPendingDisposalTests" name="test_pending_disposal_excludes_future_retain_until" time="0.009" /><testcase classname="apps.documents.tests.test_models.DocumentQuerySetPendingDisposalTests" name="test_pending_disposal_excludes_legal_hold" time="0.009" /><testcase classname="apps.documents.tests.test_models.DocumentQuerySetPendingDisposalTests" name="test_pending_disposal_excludes_null_expires_at" time="0.009" /><testcase classname="apps.documents.tests.test_models.DocumentQuerySetPendingDisposalTests" name="test_pending_disposal_excludes_null_retain_until" time="0.009" /><testcase classname="apps.documents.tests.test_models.DocumentQuerySetPendingHardDeleteTests" name="test_pending_hard_delete_custom_grace_days" time="0.011" /><testcase classname="apps.documents.tests.test_models.DocumentQuerySetPendingHardDeleteTests" name="test_pending_hard_delete_eligible" time="0.009" /><testcase classname="apps.documents.tests.test_models.DocumentQuerySetPendingHardDeleteTests" name="test_pending_hard_delete_excludes_active_status" time="0.009" /><testcase classname="apps.documents.tests.test_models.DocumentQuerySetPendingHardDeleteTests" name="test_pending_hard_delete_excludes_legal_hold" time="0.009" /><testcase classname="apps.documents.tests.test_models.DocumentQuerySetPendingHardDeleteTests" name="test_pending_hard_delete_excludes_null_deleted_at" time="0.009" /><testcase classname="apps.documents.tests.test_models.DocumentQuerySetPendingHardDeleteTests" name="test_pending_hard_delete_excludes_purged" time="0.009" /><testcase classname="apps.documents.tests.test_models.DocumentQuerySetPendingHardDeleteTests" name="test_pending_hard_delete_excludes_within_grace" time="0.009" /><testcase classname="apps.documents.tests.test_models.DocumentPropertyTests" name="test_is_deleted_false_when_no_deleted_at" time="0.007" /><testcase classname="apps.documents.tests.test_models.DocumentPropertyTests" name="test_is_deleted_true_when_deleted_at_set" time="0.007" /><testcase classname="apps.documents.tests.test_models.DocumentPropertyTests" name="test_storage_key_format" time="0.006" /><testcase classname="apps.documents.tests.test_models.DocumentPropertyTests" name="test_storage_key_is_not_empty" time="0.006" /><testcase classname="apps.documents.tests.test_models.DocumentPropertyTests" name="test_storage_key_property_returns_storage_key_field" time="0.007" /><testcase classname="apps.documents.tests.test_models.DocumentAccessTokenTests" name="test_generate_token_is_hex_string" time="0.007" /><testcase classname="apps.documents.tests.test_models.DocumentAccessTokenTests" name="test_generate_token_returns_64_chars" time="0.006" /><testcase classname="apps.documents.tests.test_models.DocumentAccessTokenTests" name="test_generate_token_unique" time="0.007" /><testcase classname="apps.documents.tests.test_models.DocumentAccessTokenTests" name="test_is_valid_false_when_expired" time="0.007" /><testcase classname="apps.documents.tests.test_models.DocumentAccessTokenTests" name="test_is_valid_false_when_used" time="0.007" /><testcase classname="apps.documents.tests.test_models.DocumentAccessTokenTests" name="test_is_valid_false_when_used_and_expired" time="0.007" /><testcase classname="apps.documents.tests.test_models.DocumentAccessTokenTests" name="test_is_valid_true_when_unused_not_expired" time="0.007" /><testcase classname="apps.documents.tests.test_models.DocumentAccessTokenTests" name="test_str_contains_doc_id" time="0.007" /><testcase classname="apps.documents.tests.test_models.DocumentAccessTokenTests" name="test_str_contains_pk" time="0.007" /><testcase classname="apps.documents.tests.test_models.DocumentAccessTokenTests" name="test_token_uniqueness_db_constraint" time="0.007" /><testcase classname="apps.documents.tests.test_models.DocumentAttachmentStrTests" name="test_str_contains_document_pk" time="0.008" /><testcase classname="apps.documents.tests.test_models.DocumentAttachmentStrTests" name="test_str_contains_object_id" time="0.007" /><testcase classname="apps.documents.tests.test_models.DocumentAttachmentStrTests" name="test_str_format" time="0.008" /><testcase classname="apps.documents.tests.test_models.ScanStatusChoicesTests" name="test_all_statuses_exist" time="0.003" /><testcase classname="apps.documents.tests.test_models.ScanStatusChoicesTests" name="test_purged_is_terminal" time="0.009" /><testcase classname="apps.documents.tests.test_models.SecurityClassificationTests" name="test_document_inherits_category_classification" time="0.007" /><testcase classname="apps.documents.tests.test_models.SecurityClassificationTests" name="test_three_levels_exist" time="0.003" /><testcase classname="apps.documents.tests.test_pipeda.IDORPreventionTests" name="test_anon_user_gets_404" time="0.011" /><testcase classname="apps.documents.tests.test_pipeda.IDORPreventionTests" name="test_citizen_gets_404_for_non_owned_document" time="0.013" /><testcase classname="apps.documents.tests.test_pipeda.IDORPreventionTests" name="test_idor_returns_404_not_403_via_api" time="0.028" /><testcase classname="apps.documents.tests.test_pipeda.IDORPreventionTests" name="test_not_403_for_non_owned_document" time="0.012" /><testcase classname="apps.documents.tests.test_pipeda.IDORPreventionTests" name="test_owner_can_get_token" time="0.014" /><testcase classname="apps.documents.tests.test_pipeda.IDORPreventionTests" name="test_wrong_token_issuer_gets_404" time="0.018" /><testcase classname="apps.documents.tests.test_pipeda.ScanGateTests" name="test_active_is_downloadable" time="0.012" /><testcase classname="apps.documents.tests.test_pipeda.ScanGateTests" name="test_deleted_not_downloadable" time="0.010" /><testcase classname="apps.documents.tests.test_pipeda.ScanGateTests" name="test_pending_upload_not_downloadable" time="0.010" /><testcase classname="apps.documents.tests.test_pipeda.ScanGateTests" name="test_purged_not_downloadable" time="0.010" /><testcase classname="apps.documents.tests.test_pipeda.ScanGateTests" name="test_quarantined_not_downloadable" time="0.010" /><testcase classname="apps.documents.tests.test_pipeda.ScanGateTests" name="test_scan_pending_blocks_download_via_api" time="0.019" /><testcase classname="apps.documents.tests.test_pipeda.ScanGateTests" name="test_scanning_not_downloadable" time="0.010" /><testcase classname="apps.documents.tests.test_pipeda.ScanGateTests" name="test_soft_deleted_not_downloadable" time="0.015" /><testcase classname="apps.documents.tests.test_pipeda.StorageKeyLeakageTests" name="test_access_token_object_no_storage_key_field" time="0.012" /><testcase classname="apps.documents.tests.test_pipeda.StorageKeyLeakageTests" name="test_hard_delete_audit_no_storage_key_value" time="0.014" /><testcase classname="apps.documents.tests.test_pipeda.StorageKeyLeakageTests" name="test_issue_access_token_audit_no_storage_key" time="0.013" /><testcase classname="apps.documents.tests.test_pipeda.StorageKeyLeakageTests" name="test_soft_delete_audit_no_storage_key" time="0.011" /><testcase classname="apps.documents.tests.test_pipeda.StorageKeyLeakageTests" name="test_storage_key_never_in_api_response" time="0.023" /><testcase classname="apps.documents.tests.test_pipeda.LegalHoldAbsoluteBlockTests" name="test_legal_hold_blocks_hard_delete" time="0.010" /><testcase classname="apps.documents.tests.test_pipeda.LegalHoldAbsoluteBlockTests" name="test_legal_hold_blocks_hard_delete_even_after_grace_period" time="0.009" /><testcase classname="apps.documents.tests.test_pipeda.LegalHoldAbsoluteBlockTests" name="test_legal_hold_prevents_soft_delete_automated" time="0.009" /><testcase classname="apps.documents.tests.test_pipeda.LegalHoldAbsoluteBlockTests" name="test_release_hold_then_hard_delete_succeeds" time="0.026" /><testcase classname="apps.documents.tests.test_pipeda.QuarantineSignalPIITests" name="test_quarantine_signal_excludes_original_filename" time="0.012" /><testcase classname="apps.documents.tests.test_pipeda.QuarantineSignalPIITests" name="test_quarantine_signal_kwargs_contain_no_uploader_pii" time="0.011" /><testcase classname="apps.documents.tests.test_pipeda.OriginalFilenameAuditTests" name="test_issue_token_no_filename_in_audit" time="0.014" /><testcase classname="apps.documents.tests.test_pipeda.OriginalFilenameAuditTests" name="test_soft_delete_no_filename_in_audit" time="0.011" /><testcase classname="apps.documents.tests.test_pipeda.IPMaskingTests" name="test_empty_string_returns_none" time="0.003" /><testcase classname="apps.documents.tests.test_pipeda.IPMaskingTests" name="test_ipv4_all_octets" time="0.003" /><testcase classname="apps.documents.tests.test_pipeda.IPMaskingTests" name="test_ipv4_last_octet_255" time="0.003" /><testcase classname="apps.documents.tests.test_pipeda.IPMaskingTests" name="test_ipv4_last_octet_zeroed" time="0.003" /><testcase classname="apps.documents.tests.test_pipeda.IPMaskingTests" name="test_ipv6_full_mask" time="0.003" /><testcase classname="apps.documents.tests.test_pipeda.IPMaskingTests" name="test_ipv6_prefix_retained" time="0.003" /><testcase classname="apps.documents.tests.test_pipeda.IPMaskingTests" name="test_masked_ip_stored_in_token" time="0.013" /><testcase classname="apps.documents.tests.test_pipeda.IPMaskingTests" name="test_none_ip_returns_none" time="0.003" /><testcase classname="apps.documents.tests.test_pipeda.IPMaskingTests" name="test_raw_ip_not_stored_in_token" time="0.012" /><testcase classname="apps.documents.tests.test_pipeda.IPMaskingTests" name="test_unparseable_ip_returns_none" time="0.003" /><testcase classname="apps.documents.tests.test_pipeda.StaffIDORBypassTests" name="test_coordinator_can_download_non_owned_document" time="0.017" /><testcase classname="apps.documents.tests.test_pipeda.StaffIDORBypassTests" name="test_staff_without_permission_gets_404" time="0.023" /><testcase classname="apps.documents.tests.test_pipeda.StaffIDORBypassTests" name="test_superuser_can_download_any_document" time="0.023" /><testcase classname="apps.documents.tests.test_pipeda.AccessTokenSecurityTests" name="test_expired_token_raises_token_expired_error" time="0.011" /><testcase classname="apps.documents.tests.test_pipeda.AccessTokenSecurityTests" name="test_nonexistent_token_raises_404" time="0.009" /><testcase classname="apps.documents.tests.test_pipeda.AccessTokenSecurityTests" name="test_token_64_chars" time="0.012" /><testcase classname="apps.documents.tests.test_pipeda.AccessTokenSecurityTests" name="test_token_bound_to_issuer" time="0.017" /><testcase classname="apps.documents.tests.test_pipeda.AccessTokenSecurityTests" name="test_token_is_single_use" time="0.018" /><testcase classname="apps.documents.tests.test_pipeda.RecordEventAtomicityTests" name="test_audit_entry_actor_id_is_user_pk_string" time="0.014" /><testcase classname="apps.documents.tests.test_pipeda.RecordEventAtomicityTests" name="test_audit_entry_event_detail_no_user_email" time="0.013" /><testcase classname="apps.documents.tests.test_pipeda.RecordEventAtomicityTests" name="test_audit_entry_written_for_every_token_issuance" time="0.013" /><testcase classname="apps.documents.tests.test_pipeda.RecordEventAtomicityTests" name="test_audit_entry_written_on_token_consumption" time="0.018" /><testcase classname="apps.documents.tests.test_presign_kms_and_clamav_settings.PresignedPostKmsResolutionTests" name="test_kms_fields_and_conditions_stay_in_sync" time="0.007" /><testcase classname="apps.documents.tests.test_presign_kms_and_clamav_settings.PresignedPostKmsResolutionTests" name="test_kms_key_is_read_from_top_level_aws_s3_object_parameters" time="0.007" /><testcase classname="apps.documents.tests.test_presign_kms_and_clamav_settings.PresignedPostKmsResolutionTests" name="test_kms_key_is_still_read_from_storages_options" time="0.005" /><testcase classname="apps.documents.tests.test_presign_kms_and_clamav_settings.PresignedPostKmsResolutionTests" name="test_no_kms_fields_when_no_key_is_configured" time="0.006" /><testcase classname="apps.documents.tests.test_presign_kms_and_clamav_settings.ClamavTimeoutSettingTests" name="test_clamav_timeout_is_defined_in_base_settings" time="0.004" /><testcase classname="apps.documents.tests.test_presign_kms_and_clamav_settings.ClamavTimeoutSettingTests" name="test_configured_timeout_is_passed_to_the_clamd_socket" time="0.006" /><testcase classname="apps.documents.tests.test_presign_kms_and_clamav_settings.ClamavUploadCapCoherenceTests" name="test_compose_files_configure_stream_max_length" time="0.004" /><testcase classname="apps.documents.tests.test_presign_kms_and_clamav_settings.ClamavUploadCapCoherenceTests" name="test_staff_upload_cap_is_below_clamav_stream_max_length" time="0.003" /><testcase classname="apps.documents.tests.test_scan_audit_and_promotion.ScanOutcomeAuditTests" name="test_audit_chain_remains_verifiable_after_scan_outcomes" time="0.021" /><testcase classname="apps.documents.tests.test_scan_audit_and_promotion.ScanOutcomeAuditTests" name="test_clean_scan_audit_entry_shape_and_privacy" time="0.013" /><testcase classname="apps.documents.tests.test_scan_audit_and_promotion.ScanOutcomeAuditTests" name="test_clean_scan_does_not_write_a_threat_detected_entry" time="0.012" /><testcase classname="apps.documents.tests.test_scan_audit_and_promotion.ScanOutcomeAuditTests" name="test_clean_scan_writes_status_changed_audit_entry" time="0.012" /><testcase classname="apps.documents.tests.test_scan_audit_and_promotion.ScanOutcomeAuditTests" name="test_idempotent_rerun_does_not_duplicate_the_audit_entry" time="0.014" /><testcase classname="apps.documents.tests.test_scan_audit_and_promotion.ScanOutcomeAuditTests" name="test_retry_exhaustion_quarantine_writes_threat_detected_entry" time="0.012" /><testcase classname="apps.documents.tests.test_scan_audit_and_promotion.ScanOutcomeAuditTests" name="test_storage_read_failure_also_writes_threat_detected_entry" time="0.013" /><testcase classname="apps.documents.tests.test_scan_audit_and_promotion.ScanOutcomeAuditTests" name="test_threat_detected_entry_carries_no_pii" time="0.012" /><testcase classname="apps.documents.tests.test_scan_audit_and_promotion.ScanOutcomeAuditTests" name="test_threat_detected_entry_has_minimal_event_detail_shape" time="0.013" /><testcase classname="apps.documents.tests.test_scan_audit_and_promotion.ScanOutcomeAuditTests" name="test_threat_detected_entry_records_failure_outcome" time="0.012" /><testcase classname="apps.documents.tests.test_scan_audit_and_promotion.ScanOutcomeAuditTests" name="test_threat_detection_writes_threat_detected_audit_entry" time="0.013" /><testcase classname="apps.documents.tests.test_scan_audit_and_promotion.QuarantinePromotionTests" name="test_clean_scan_promotes_storage_key_to_active_prefix" time="0.014" /><testcase classname="apps.documents.tests.test_scan_audit_and_promotion.QuarantinePromotionTests" name="test_dev_bypass_does_not_promote" time="0.010" /><testcase classname="apps.documents.tests.test_scan_audit_and_promotion.QuarantinePromotionTests" name="test_object_is_gone_from_the_old_quarantine_location" time="0.012" /><testcase classname="apps.documents.tests.test_scan_audit_and_promotion.QuarantinePromotionTests" name="test_object_is_reachable_at_the_new_location" time="0.015" /><testcase classname="apps.documents.tests.test_scan_audit_and_promotion.QuarantinePromotionTests" name="test_promoted_key_preserves_the_document_and_file_uuids" time="0.015" /><testcase classname="apps.documents.tests.test_scan_audit_and_promotion.QuarantinePromotionTests" name="test_promotion_is_skipped_when_no_object_exists" time="0.013" /><testcase classname="apps.documents.tests.test_scan_audit_and_promotion.QuarantinePromotionTests" name="test_quarantine_copy_survives_until_the_transaction_commits" time="0.013" /><testcase classname="apps.documents.tests.test_scan_audit_and_promotion.QuarantinePromotionTests" name="test_quarantined_document_is_not_promoted" time="0.014" /><testcase classname="apps.documents.tests.test_scan_audit_and_promotion.PromotionFailureTests" name="test_failed_promotion_leaves_document_in_scanning" time="0.012" /><testcase classname="apps.documents.tests.test_scan_audit_and_promotion.PromotionFailureTests" name="test_failed_promotion_leaves_storage_key_untouched" time="0.012" /><testcase classname="apps.documents.tests.test_scan_audit_and_promotion.PromotionFailureTests" name="test_failed_promotion_retries_the_task" time="0.010" /><testcase classname="apps.documents.tests.test_scan_audit_and_promotion.PromotionFailureTests" name="test_failed_promotion_writes_no_clean_scan_audit_entry" time="0.012" /><testcase classname="apps.documents.tests.test_scan_audit_and_promotion.PromotionHelperUnitTests" name="test_copies_the_object_and_returns_the_new_key" time="0.004" /><testcase classname="apps.documents.tests.test_scan_audit_and_promotion.PromotionHelperUnitTests" name="test_returns_none_for_a_key_already_under_the_active_prefix" time="0.003" /><testcase classname="apps.documents.tests.test_scan_audit_and_promotion.PromotionHelperUnitTests" name="test_returns_none_for_an_empty_key" time="0.003" /><testcase classname="apps.documents.tests.test_scan_audit_and_promotion.PromotionHelperUnitTests" name="test_returns_none_when_the_source_object_is_missing" time="0.003" /><testcase classname="apps.documents.tests.test_scan_audit_and_promotion.PromotionHelperUnitTests" name="test_wraps_unexpected_storage_errors_in_storage_promotion_error" time="0.004" /><testcase classname="apps.documents.tests.test_services_retention.ScheduleExpiryNonTransitoryTests" name="test_equal_min_max_retention" time="0.009" /><testcase classname="apps.documents.tests.test_services_retention.ScheduleExpiryNonTransitoryTests" name="test_expires_at_is_after_retain_until" time="0.008" /><testcase classname="apps.documents.tests.test_services_retention.ScheduleExpiryNonTransitoryTests" name="test_expires_at_set_to_created_at_plus_max_retention" time="0.008" /><testcase classname="apps.documents.tests.test_services_retention.ScheduleExpiryNonTransitoryTests" name="test_privacy_act_minimum_730_days" time="0.008" /><testcase classname="apps.documents.tests.test_services_retention.ScheduleExpiryNonTransitoryTests" name="test_retain_until_set_to_created_at_plus_min_retention_as_date" time="0.008" /><testcase classname="apps.documents.tests.test_services_retention.ScheduleExpiryNonTransitoryTests" name="test_seven_year_category" time="0.008" /><testcase classname="apps.documents.tests.test_services_retention.ScheduleExpiryNonTransitoryTests" name="test_short_max_retention" time="0.008" /><testcase classname="apps.documents.tests.test_services_retention.ScheduleExpiryTransitoryTests" name="test_transitory_doc_not_in_pending_disposal_immediately" time="0.009" /><testcase classname="apps.documents.tests.test_services_retention.ScheduleExpiryTransitoryTests" name="test_transitory_expires_at_is_none" time="0.008" /><testcase classname="apps.documents.tests.test_services_retention.ScheduleExpiryTransitoryTests" name="test_transitory_retain_until_set_if_min_positive" time="0.008" /><testcase classname="apps.documents.tests.test_services_retention.ScheduleExpiryTransitoryTests" name="test_transitory_zero_min_retention_both_none" time="0.008" /><testcase classname="apps.documents.tests.test_services_retention.ScheduleExpiryZeroRetentionTests" name="test_zero_max_retention_non_transitory_expires_at_none" time="0.009" /><testcase classname="apps.documents.tests.test_services_retention.ScheduleExpiryZeroRetentionTests" name="test_zero_min_retention_retain_until_is_none" time="0.009" /><testcase classname="apps.documents.tests.test_services_retention.ScheduleExpiryPersistenceTests" name="test_expires_at_saved_to_db" time="0.009" /><testcase classname="apps.documents.tests.test_services_retention.ScheduleExpiryPersistenceTests" name="test_idempotent_second_call" time="0.011" /><testcase classname="apps.documents.tests.test_services_retention.ScheduleExpiryPersistenceTests" name="test_retain_until_saved_to_db" time="0.009" /><testcase classname="apps.documents.tests.test_services_retention.ScheduleExpiryPersistenceTests" name="test_save_uses_update_fields" time="0.009" /><testcase classname="apps.documents.tests.test_services_retention.ScheduleExpiryPersistenceTests" name="test_schedule_expiry_only_touches_retention_fields" time="0.009" /><testcase classname="apps.documents.tests.test_services_retention.ScheduleExpiryPendingDisposalIntegrationTests" name="test_backdate_expires_at_and_retain_until_appears_in_pending" time="0.010" /><testcase classname="apps.documents.tests.test_services_retention.ScheduleExpiryPendingDisposalIntegrationTests" name="test_fresh_document_not_in_pending_disposal" time="0.009" /><testcase classname="apps.documents.tests.test_services_retention.ScheduleExpiryPendingDisposalIntegrationTests" name="test_legal_hold_blocks_pending_disposal" time="0.009" /><testcase classname="apps.documents.tests.test_services_retention.ScheduleExpiryPendingDisposalIntegrationTests" name="test_only_expires_at_past_not_in_pending_disposal" time="0.009" /><testcase classname="apps.documents.tests.test_services_upload.MakeStorageKeyTests" name="test_default_prefix_is_quarantine" time="0.003" /><testcase classname="apps.documents.tests.test_services_upload.MakeStorageKeyTests" name="test_invalid_prefix_raises" time="0.003" /><testcase classname="apps.documents.tests.test_services_upload.MakeStorageKeyTests" name="test_invalid_prefix_tmp_raises" time="0.003" /><testcase classname="apps.documents.tests.test_services_upload.MakeStorageKeyTests" name="test_keys_are_unique" time="0.003" /><testcase classname="apps.documents.tests.test_services_upload.MakeStorageKeyTests" name="test_no_original_filename_in_key" time="0.003" /><testcase classname="apps.documents.tests.test_services_upload.MakeStorageKeyTests" name="test_valid_prefix_active" time="0.003" /><testcase classname="apps.documents.tests.test_services_upload.MakeStorageKeyTests" name="test_valid_prefix_deleted" time="0.003" /><testcase classname="apps.documents.tests.test_services_upload.MakeStorageKeyTests" name="test_valid_prefix_quarantine" time="0.003" /><testcase classname="apps.documents.tests.test_services_upload.ValidateMagicBytesTests" name="test_allowed_mime_passes_and_returns_detected_mime" time="0.005" /><testcase classname="apps.documents.tests.test_services_upload.ValidateMagicBytesTests" name="test_disallowed_mime_raises" time="0.004" /><testcase classname="apps.documents.tests.test_services_upload.ValidateMagicBytesTests" name="test_magic_error_raises" time="0.004" /><testcase classname="apps.documents.tests.test_services_upload.ValidateMagicBytesTests" name="test_magic_not_installed_dev_skip" time="0.003" /><testcase classname="apps.documents.tests.test_services_upload.ValidateMagicBytesTests" name="test_magic_not_installed_required_raises_improperly_configured" time="0.003" /><testcase classname="apps.documents.tests.test_services_upload.CheckZipBombTests" name="test_clean_zip_passes" time="0.011" /><testcase classname="apps.documents.tests.test_services_upload.CheckZipBombTests" name="test_high_compression_ratio_raises" time="0.009" /><testcase classname="apps.documents.tests.test_services_upload.CheckZipBombTests" name="test_invalid_zip_raises" time="0.003" /><testcase classname="apps.documents.tests.test_services_upload.CheckZipBombTests" name="test_too_many_entries_raises" time="0.003" /><testcase classname="apps.documents.tests.test_services_upload.CheckZipBombTests" name="test_truncated_zip_raises" time="0.003" /><testcase classname="apps.documents.tests.test_services_upload.ValidateUploadRequestTests" name="test_anonymous_user_raises_permission_denied" time="0.008" /><testcase classname="apps.documents.tests.test_services_upload.ValidateUploadRequestTests" name="test_case_insensitive_extension_accepted" time="0.017" /><testcase classname="apps.documents.tests.test_services_upload.ValidateUploadRequestTests" name="test_category_allowed_mime_types_accepts_its_type" time="0.012" /><testcase classname="apps.documents.tests.test_services_upload.ValidateUploadRequestTests" name="test_category_allowed_mime_types_overrides_global" time="0.010" /><testcase classname="apps.documents.tests.test_services_upload.ValidateUploadRequestTests" name="test_category_max_size_bytes_override" time="0.010" /><testcase classname="apps.documents.tests.test_services_upload.ValidateUploadRequestTests" name="test_category_not_found_raises_does_not_exist" time="0.006" /><testcase classname="apps.documents.tests.test_services_upload.ValidateUploadRequestTests" name="test_doc_category_set_correctly" time="0.012" /><testcase classname="apps.documents.tests.test_services_upload.ValidateUploadRequestTests" name="test_doc_created_in_pending_upload_state" time="0.012" /><testcase classname="apps.documents.tests.test_services_upload.ValidateUploadRequestTests" name="test_doc_original_filename_stored" time="0.012" /><testcase classname="apps.documents.tests.test_services_upload.ValidateUploadRequestTests" name="test_doc_uploader_set" time="0.012" /><testcase classname="apps.documents.tests.test_services_upload.ValidateUploadRequestTests" name="test_double_extension_uses_last" time="0.009" /><testcase classname="apps.documents.tests.test_services_upload.ValidateUploadRequestTests" name="test_empty_allowed_mimes_raises_improperly_configured" time="0.010" /><testcase classname="apps.documents.tests.test_services_upload.ValidateUploadRequestTests" name="test_executable_extension_rejected" time="0.009" /><testcase classname="apps.documents.tests.test_services_upload.ValidateUploadRequestTests" name="test_happy_path_returns_expected_keys" time="0.011" /><testcase classname="apps.documents.tests.test_services_upload.ValidateUploadRequestTests" name="test_invalid_extension_raises" time="0.009" /><testcase classname="apps.documents.tests.test_services_upload.ValidateUploadRequestTests" name="test_invalid_mime_type_raises" time="0.009" /><testcase classname="apps.documents.tests.test_services_upload.ValidateUploadRequestTests" name="test_missing_extension_raises" time="0.009" /><testcase classname="apps.documents.tests.test_services_upload.ValidateUploadRequestTests" name="test_no_document_created_on_empty_mime_error" time="0.011" /><testcase classname="apps.documents.tests.test_services_upload.ValidateUploadRequestTests" name="test_no_document_created_on_extension_error" time="0.010" /><testcase classname="apps.documents.tests.test_services_upload.ValidateUploadRequestTests" name="test_no_document_created_on_mime_error" time="0.010" /><testcase classname="apps.documents.tests.test_services_upload.ValidateUploadRequestTests" name="test_schedule_expiry_called" time="0.011" /><testcase classname="apps.documents.tests.test_services_upload.ValidateUploadRequestTests" name="test_security_classification_inherited_from_category" time="0.012" /><testcase classname="apps.documents.tests.test_services_upload.ValidateUploadRequestTests" name="test_signal_fired_with_correct_kwargs" time="0.011" /><testcase classname="apps.documents.tests.test_services_upload.ValidateUploadRequestTests" name="test_size_exactly_at_citizen_cap_passes" time="0.011" /><testcase classname="apps.documents.tests.test_services_upload.ValidateUploadRequestTests" name="test_size_exceeds_citizen_cap_raises" time="0.009" /><testcase classname="apps.documents.tests.test_services_upload.ValidateUploadRequestTests" name="test_size_exceeds_staff_cap_raises" time="0.012" /><testcase classname="apps.documents.tests.test_services_upload.ValidateUploadRequestTests" name="test_size_negative_raises" time="0.009" /><testcase classname="apps.documents.tests.test_services_upload.ValidateUploadRequestTests" name="test_size_one_byte_over_citizen_cap_fails" time="0.009" /><testcase classname="apps.documents.tests.test_services_upload.ValidateUploadRequestTests" name="test_size_zero_raises" time="0.009" /><testcase classname="apps.documents.tests.test_services_upload.ValidateUploadRequestTests" name="test_storage_key_never_in_response" time="0.011" /><testcase classname="apps.documents.tests.test_services_upload.ValidateUploadRequestTests" name="test_superuser_may_upload_to_any_category" time="0.011" /><testcase classname="apps.documents.tests.test_services_upload.ValidateUploadRequestTests" name="test_zip_extension_rejected" time="0.010" /><testcase classname="apps.documents.tests.test_services_upload.StaffOnlyCategoryTests" name="test_citizen_allowed_to_public_category" time="0.013" /><testcase classname="apps.documents.tests.test_services_upload.StaffOnlyCategoryTests" name="test_citizen_blocked_from_staff_only_category" time="0.010" /><testcase classname="apps.documents.tests.test_services_upload.StaffOnlyCategoryTests" name="test_staff_with_upload_staff_document_perm_allowed" time="0.014" /><testcase classname="apps.documents.tests.test_services_upload.StaffOnlyCategoryTests" name="test_superuser_allowed_to_staff_only_category" time="0.009" /><testcase classname="apps.documents.tests.test_services_upload.StaffOnlyCategoryTests" name="test_user_with_only_upload_document_perm_blocked_from_staff_only" time="0.012" /><testcase classname="apps.documents.tests.test_services_upload.CitizenCapPassedToS3Tests" name="test_category_override_takes_precedence_for_all_users" time="0.014" /><testcase classname="apps.documents.tests.test_services_upload.CitizenCapPassedToS3Tests" name="test_citizen_max_size_passed_to_presigned_post" time="0.011" /><testcase classname="apps.documents.tests.test_services_upload.CitizenCapPassedToS3Tests" name="test_staff_max_size_passed_to_presigned_post" time="0.011" /><testcase classname="apps.documents.tests.test_services_upload.LocalFilePathContainmentTests" name="test_read_full_local_file_rejects_traversal" time="0.004" /><testcase classname="apps.documents.tests.test_services_upload.LocalFilePathContainmentTests" name="test_read_local_first_bytes_rejects_traversal" time="0.003" /><testcase classname="apps.documents.tests.test_services_upload.LocalFilePathContainmentTests" name="test_verify_local_file_exists_rejects_absolute_path" time="0.003" /><testcase classname="apps.documents.tests.test_services_upload.LocalFilePathContainmentTests" name="test_verify_local_file_exists_rejects_traversal" time="0.004" /><testcase classname="apps.documents.tests.test_services_upload.AppsReadyImportErrorTests" name="test_ready_does_not_raise_if_receivers_absent" time="0.004" /><testcase classname="apps.documents.tests.test_services_upload.AppsReadyImportErrorTests" name="test_ready_raises_if_receivers_exists_but_broken" time="0.004" /><testcase classname="apps.documents.tests.test_services_versioning.SQLiteGuardTest" name="test_soft_delete_guard_fires_before_sqlite_guard" time="0.010" /><testcase classname="apps.documents.tests.test_services_versioning.SQLiteGuardTest" name="test_sqlite_guard_fires_before_permission_check" time="0.011" /><testcase classname="apps.documents.tests.test_services_versioning.SQLiteGuardTest" name="test_sqlite_raises_improperly_configured" time="0.009" /><testcase classname="apps.documents.tests.test_services_versioning.UserMayVersionTest" name="test_anonymous_user_denied" time="0.007" /><testcase classname="apps.documents.tests.test_services_versioning.UserMayVersionTest" name="test_no_permissions_no_owner_denied" time="0.011" /><testcase classname="apps.documents.tests.test_services_versioning.UserMayVersionTest" name="test_non_owner_with_upload_perm_denied" time="0.013" /><testcase classname="apps.documents.tests.test_services_versioning.UserMayVersionTest" name="test_owner_staff_only_category_denied" time="0.011" /><testcase classname="apps.documents.tests.test_services_versioning.UserMayVersionTest" name="test_owner_with_upload_perm_allowed" time="0.011" /><testcase classname="apps.documents.tests.test_services_versioning.UserMayVersionTest" name="test_owner_without_upload_perm_denied" time="0.009" /><testcase classname="apps.documents.tests.test_services_versioning.UserMayVersionTest" name="test_staff_upload_document_perm_allowed" time="0.013" /><testcase classname="apps.documents.tests.test_services_versioning.UserMayVersionTest" name="test_superuser_allowed" time="0.006" /><testcase classname="apps.documents.tests.test_services_versioning.UserMayVersionTest" name="test_superuser_allowed_for_other_owners_document" time="0.009" /><testcase classname="apps.documents.tests.test_services_versioning.CreateNewVersionValidationTest" name="test_deleted_chain_raises_validation_error" time="0.009" /><testcase classname="apps.documents.tests.test_services_versioning.CreateNewVersionValidationTest" name="test_disallowed_extension_raises_validation_error" time="0.013" /><testcase classname="apps.documents.tests.test_services_versioning.CreateNewVersionValidationTest" name="test_disallowed_mime_raises_validation_error" time="0.013" /><testcase classname="apps.documents.tests.test_services_versioning.CreateNewVersionValidationTest" name="test_negative_size_raises_validation_error" time="0.013" /><testcase classname="apps.documents.tests.test_services_versioning.CreateNewVersionValidationTest" name="test_permission_denied_for_non_owner" time="0.013" /><testcase classname="apps.documents.tests.test_services_versioning.CreateNewVersionValidationTest" name="test_size_zero_raises_validation_error" time="0.013" /><testcase classname="apps.documents.tests.test_services_versioning.CreateNewVersionReturnContractTest" name="test_audit_event_detail_excludes_original_filename_in_source" time="0.014" /><testcase classname="apps.documents.tests.test_services_versioning.CreateNewVersionReturnContractTest" name="test_function_source_excludes_storage_key_from_return" time="0.008" /><testcase classname="apps.documents.tests.test_services_versioning.CreateNewVersionReturnContractTest" name="test_return_dict_has_no_storage_key" time="0.019" /><testcase classname="apps.documents.tests.test_signals.SignalDeclarationTests" name="test_all_signals_are_django_signal_instances" time="0.003" /><testcase classname="apps.documents.tests.test_signals.SignalDeclarationTests" name="test_no_extra_signals_exported" time="0.003" /><testcase classname="apps.documents.tests.test_signals.SoftDeletedSignalTests" name="test_soft_delete_fires_signal" time="0.011" /><testcase classname="apps.documents.tests.test_signals.SoftDeletedSignalTests" name="test_soft_delete_signal_document_pk_is_str" time="0.011" /><testcase classname="apps.documents.tests.test_signals.SoftDeletedSignalTests" name="test_soft_delete_signal_has_deleted_by_id" time="0.010" /><testcase classname="apps.documents.tests.test_signals.SoftDeletedSignalTests" name="test_soft_delete_signal_no_original_filename" time="0.011" /><testcase classname="apps.documents.tests.test_signals.SoftDeletedSignalTests" name="test_soft_delete_signal_no_storage_key" time="0.010" /><testcase classname="apps.documents.tests.test_signals.SoftDeletedSignalTests" name="test_soft_delete_signal_not_fired_before_commit" time="0.010" /><testcase classname="apps.documents.tests.test_signals.SoftDeletedSignalTests" name="test_soft_delete_signal_system_deletion_deleted_by_id_none" time="0.011" /><testcase classname="apps.documents.tests.test_signals.HardDeletedSignalTests" name="test_hard_delete_fires_signal" time="0.013" /><testcase classname="apps.documents.tests.test_signals.HardDeletedSignalTests" name="test_hard_delete_signal_document_pk_is_str" time="0.013" /><testcase classname="apps.documents.tests.test_signals.HardDeletedSignalTests" name="test_hard_delete_signal_has_category_slug" time="0.013" /><testcase classname="apps.documents.tests.test_signals.HardDeletedSignalTests" name="test_hard_delete_signal_no_original_filename" time="0.013" /><testcase classname="apps.documents.tests.test_signals.HardDeletedSignalTests" name="test_hard_delete_signal_no_storage_key" time="0.014" /><testcase classname="apps.documents.tests.test_signals.LegalHoldChangedSignalTests" name="test_apply_legal_hold_fires_signal" time="0.016" /><testcase classname="apps.documents.tests.test_signals.LegalHoldChangedSignalTests" name="test_apply_legal_hold_signal_document_pk_str" time="0.183" /><testcase classname="apps.documents.tests.test_signals.LegalHoldChangedSignalTests" name="test_apply_legal_hold_signal_legal_hold_true" time="0.016" /><testcase classname="apps.documents.tests.test_signals.LegalHoldChangedSignalTests" name="test_apply_legal_hold_signal_set_by_id" time="0.015" /><testcase classname="apps.documents.tests.test_signals.LegalHoldChangedSignalTests" name="test_legal_hold_signal_no_email_in_kwargs" time="0.015" /><testcase classname="apps.documents.tests.test_signals.LegalHoldChangedSignalTests" name="test_legal_hold_signal_no_storage_key" time="0.016" /><testcase classname="apps.documents.tests.test_signals.LegalHoldChangedSignalTests" name="test_release_legal_hold_fires_signal" time="0.017" /><testcase classname="apps.documents.tests.test_signals.LegalHoldChangedSignalTests" name="test_release_legal_hold_signal_legal_hold_false" time="0.016" /><testcase classname="apps.documents.tests.test_signals.QuarantineSignalPIITests" name="test_document_quarantined_signal_exists" time="0.007" /><testcase classname="apps.documents.tests.test_signals.QuarantineSignalPIITests" name="test_quarantined_signal_kwargs_documented_correctly" time="0.007" /><testcase classname="apps.documents.tests.test_signals.QuarantineSignalPIITests" name="test_quarantined_signal_no_pii_from_real_dispatch_site" time="0.011" /><testcase classname="apps.documents.tests.test_signals.UploadInitiatedSignalContractTests" name="test_upload_initiated_kwarg_contract" time="0.012" /><testcase classname="apps.documents.tests.test_signals.UploadInitiatedSignalContractTests" name="test_upload_initiated_signal_exists" time="0.006" /><testcase classname="apps.documents.tests.test_signals.DocumentConfirmedSignalContractTests" name="test_document_confirmed_kwarg_contract" time="0.013" /><testcase classname="apps.documents.tests.test_signals.VersionCreatedSig
[...]
CategorySeed" name="test_seed_is_idempotent" time="0.022" /><testcase classname="apps.documents.tests.test_wave6_integration.TestDocumentCategorySeed" name="test_staff_decision_memo_is_staff_only" time="0.013" /><testcase classname="apps.documents.tests.test_wave6_integration.TestDocumentCategorySeed" name="test_system_generated_report_is_staff_only" time="0.013" /><testcase classname="apps.documents.tests.test_wave6_integration.TestCertificationDocumentIntegration" name="test_certification_document_v2_can_be_set" time="0.015" /><testcase classname="apps.documents.tests.test_wave6_integration.TestCertificationDocumentIntegration" name="test_certification_document_v2_field_exists" time="0.008" /><testcase classname="apps.documents.tests.test_wave6_integration.TestCertificationDocumentIntegration" name="test_certification_document_v2_nullable" time="0.008" /><testcase classname="apps.documents.tests.test_wave6_integration.TestCertificationDocumentIntegration" name="test_certification_document_v2_protect" time="0.019" /><testcase classname="apps.documents.tests.test_wave6_integration.TestHonorariumT4ADocumentIntegration" name="test_honorarium_t4a_document_can_link_document" time="0.022" /><testcase classname="apps.documents.tests.test_wave6_integration.TestHonorariumT4ADocumentIntegration" name="test_honorarium_t4a_document_field_exists" time="0.012" /><testcase classname="apps.documents.tests.test_wave6_integration.TestHonorariumT4ADocumentIntegration" name="test_honorarium_t4a_document_nullable" time="0.012" /><testcase classname="apps.documents.tests.test_wave6_integration.TestHonorariumT4ADocumentIntegration" name="test_honorarium_t4a_document_one_to_one" time="0.031" /><testcase classname="apps.documents.tests.test_wave6_integration.TestScreeningRecordDocumentIntegration" name="test_vsc_confirmation_doc_can_be_set" time="0.012" /><testcase classname="apps.documents.tests.test_wave6_integration.TestScreeningRecordDocumentIntegration" name="test_vsc_confirmation_doc_field_exists" time="0.007" /><testcase classname="apps.documents.tests.test_wave6_integration.TestScreeningRecordDocumentIntegration" name="test_vsc_confirmation_doc_nullable" time="0.006" /><testcase classname="apps.documents.tests.test_wave6_integration.TestScreeningRecordDocumentIntegration" name="test_vsc_confirmation_doc_pipeda_help_text" time="0.003" /><testcase classname="apps.documents.tests.test_wave6_integration.TestOfficialDonationReceiptDocumentIntegration" name="test_document_field_exists" time="0.011" /><testcase classname="apps.documents.tests.test_wave6_integration.TestOfficialDonationReceiptDocumentIntegration" name="test_document_nullable" time="0.009" /><testcase classname="apps.documents.tests.test_wave6_integration.TestOfficialDonationReceiptDocumentIntegration" name="test_has_pdf_false_when_no_document" time="0.009" /><testcase classname="apps.documents.tests.test_wave6_integration.TestOfficialDonationReceiptDocumentIntegration" name="test_has_pdf_true_when_document_set" time="0.013" /><testcase classname="apps.documents.tests.test_wave6_integration.TestOfficialDonationReceiptDocumentIntegration" name="test_pdf_path_field_absent_after_phase3" time="0.003" /><testcase classname="apps.documents.tests.test_wave6_integration.TestDataExportRequestDocumentIntegration" name="test_document_can_be_set" time="0.010" /><testcase classname="apps.documents.tests.test_wave6_integration.TestDataExportRequestDocumentIntegration" name="test_document_field_exists" time="0.006" /><testcase classname="apps.documents.tests.test_wave6_integration.TestDataExportRequestDocumentIntegration" name="test_document_nullable" time="0.005" /><testcase classname="apps.documents.tests.test_wave6_integration.TestDataExportRequestDocumentIntegration" name="test_document_protect" time="0.016" /><testcase classname="apps.documents.tests.test_wave6_integration.TestDataExportRequestDocumentIntegration" name="test_storage_path_field_removed" time="0.003" /><testcase classname="apps.documents.tests.test_wave6_integration.TestServiceRequestGenericRelation" name="test_can_attach_document_to_service_request" time="0.014" /><testcase classname="apps.documents.tests.test_wave6_integration.TestServiceRequestGenericRelation" name="test_document_attachment_references_correct_document" time="0.012" /><testcase classname="apps.documents.tests.test_wave6_integration.TestServiceRequestGenericRelation" name="test_service_request_has_document_attachments_attribute" time="0.007" /><testcase classname="apps.documents.tests.test_wave6_integration.TestWorkItemGenericRelation" name="test_can_attach_document_to_work_item" time="0.012" /><testcase classname="apps.documents.tests.test_wave6_integration.TestWorkItemGenericRelation" name="test_can_attach_document_to_work_item_comment" time="0.012" /><testcase classname="apps.documents.tests.test_wave6_integration.TestWorkItemGenericRelation" name="test_document_attachment_cascade_delete_on_workitem_delete" time="0.014" /><testcase classname="apps.documents.tests.test_wave6_integration.TestWorkItemGenericRelation" name="test_work_item_comment_has_document_attachments" time="0.007" /><testcase classname="apps.documents.tests.test_wave6_integration.TestWorkItemGenericRelation" name="test_work_item_has_document_attachments" time="0.007" /><testcase classname="apps.documents.tests.test_wave6_integration.TestMigrateExistingFilesCommand" name="test_certification_migration_detects_phase3" time="0.013" /><testcase classname="apps.documents.tests.test_wave6_integration.TestMigrateExistingFilesCommand" name="test_dry_run_does_not_write_to_db" time="0.006" /><testcase classname="apps.documents.tests.test_wave6_integration.TestMigrateExistingFilesCommand" name="test_idempotency" time="0.006" /><testcase classname="apps.documents.tests.test_wave6_integration.TestMigrateExistingFilesCommand" name="test_no_pii_in_logs" time="0.006" /><testcase classname="apps.documents.tests.test_wave6_integration.TestTransitoryDocumentDisposal" name="test_mark_purpose_fulfilled_already_deleted_raises" time="0.009" /><testcase classname="apps.documents.tests.test_wave6_integration.TestTransitoryDocumentDisposal" name="test_mark_purpose_fulfilled_legal_hold_raises" time="0.008" /><testcase classname="apps.documents.tests.test_wave6_integration.TestTransitoryDocumentDisposal" name="test_mark_purpose_fulfilled_non_transitory_raises" time="0.007" /><testcase classname="apps.documents.tests.test_wave6_integration.TestTransitoryDocumentDisposal" name="test_mark_purpose_fulfilled_on_transitory_category" time="0.013" /><testcase classname="apps.documents.tests.test_wave6_integration.TestTransitoryDocumentDisposal" name="test_mark_purpose_fulfilled_sets_expires_at" time="0.013" /><testcase classname="apps.documents.tests.test_wave6_integration.TestDataExportTaskDocumentBBIntegration" name="test_legacy_export_file_deleted_after_successful_document_bb_creation" time="0.029" /><testcase classname="apps.documents.tests.test_wave6_integration.TestDataExportTaskDocumentBBIntegration" name="test_pii_not_in_export_task_logs" time="0.019" /><testcase classname="apps.documents.tests.test_wave6_integration.TestDataExportTaskDocumentBBIntegration" name="test_process_data_export_creates_document_when_category_exists" time="0.023" /><testcase classname="apps.documents.tests.test_wave6_integration.TestDataExportTaskDocumentBBIntegration" name="test_process_data_export_falls_back_when_category_missing" time="0.020" /><testcase classname="apps.documents.tests.test_wave6_integration.TestDataExportTaskDocumentBBIntegration" name="test_storage_key_not_in_logs" time="0.021" /><testcase classname="apps.documents.tests.test_wave6_integration.TestCorrectiveMigration0008" name="test_corrective_migration_is_idempotent" time="0.008" /><testcase classname="apps.documents.tests.test_wave6_integration.TestCorrectiveMigration0008" name="test_cra_t4a_slip_final_state_is_correct" time="0.004" /><testcase classname="apps.documents.tests.test_wave6_integration.TestCorrectiveMigration0008" name="test_cra_t4a_slip_staff_only_after_corrective_migration" time="0.006" /><testcase classname="apps.documents.tests.test_wave6_integration.TestCorrectiveMigration0008" name="test_noop_reverse_does_not_raise" time="0.003" /><testcase classname="apps.documents.tests.test_wave6_integration.TestCorrectiveMigration0008" name="test_volunteer_certification_final_state_is_correct" time="0.004" /><testcase classname="apps.documents.tests.test_wave6_integration.TestCorrectiveMigration0008" name="test_volunteer_certification_min_retention_is_730_days" time="0.006" /><testcase classname="apps.documents.tests.test_wave6_integration.TestCorrectiveMigration0008" name="test_volunteer_certification_staff_only_after_corrective_migration" time="0.006" /><testcase classname="apps.documents.tests.test_wave6_integration.TestServiceFeePaymentGenericRelation" name="test_document_can_be_attached_to_service_fee_payment" time="0.017" /><testcase classname="apps.documents.tests.test_wave6_integration.TestServiceFeePaymentGenericRelation" name="test_service_fee_payment_attachment_cascade_on_delete" time="0.014" /><testcase classname="apps.documents.tests.test_wave6_integration.TestServiceFeePaymentGenericRelation" name="test_service_fee_payment_has_document_attachments_relation" time="0.003" /><testcase classname="apps.documents.tests.test_wave6_integration.TestVolunteerApplicationGenericRelation" name="test_document_can_be_attached_to_volunteer_application" time="0.016" /><testcase classname="apps.documents.tests.test_wave6_integration.TestVolunteerApplicationGenericRelation" name="test_volunteer_application_attachment_cascade_on_delete" time="0.013" /><testcase classname="apps.documents.tests.test_wave6_integration.TestVolunteerApplicationGenericRelation" name="test_volunteer_application_has_document_attachments_relation" time="0.003" /><testcase classname="apps.documents.tests.test_wave6_integration.TestCleanupExportFilesActorFix" name="test_cleanup_does_not_crash_with_transitory_document" time="0.022" /><testcase classname="apps.documents.tests.test_wave6_integration.TestCleanupExportFilesActorFix" name="test_cleanup_marks_transitory_document_soft_deleted" time="0.021" /><testcase classname="apps.documents.tests.test_wcag.MainLandmarkTests" name="test_document_detail_has_main" time="0.032" /><testcase classname="apps.documents.tests.test_wcag.MainLandmarkTests" name="test_document_list_has_main" time="0.032" /><testcase classname="apps.documents.tests.test_wcag.MainLandmarkTests" name="test_upload_init_has_main" time="0.035" /><testcase classname="apps.documents.tests.test_wcag.HeadingTests" name="test_document_detail_has_one_h1" time="0.032" /><testcase classname="apps.documents.tests.test_wcag.HeadingTests" name="test_document_list_has_one_h1" time="0.031" /><testcase classname="apps.documents.tests.test_wcag.HeadingTests" name="test_upload_form_has_one_h1" time="0.034" /><testcase classname="apps.documents.tests.test_wcag.FormAriaDescribedByTests" name="test_upload_form_category_error_has_role_alert" time="0.035" /><testcase classname="apps.documents.tests.test_wcag.FormAriaDescribedByTests" name="test_upload_form_file_input_has_aria_describedby" time="0.033" /><testcase classname="apps.documents.tests.test_wcag.FormAriaDescribedByTests" name="test_upload_form_inputs_have_id_attributes" time="0.034" /><testcase classname="apps.documents.tests.test_wcag.XSSEscapingTests" name="test_xss_in_description_is_escaped" time="0.034" /><testcase classname="apps.documents.tests.test_wcag.XSSEscapingTests" name="test_xss_payload_in_filename_is_escaped_in_detail" time="0.031" /><testcase classname="apps.documents.tests.test_wcag.XSSEscapingTests" name="test_xss_payload_in_filename_is_escaped_in_list" time="0.032" /><testcase classname="apps.documents.tests.test_wcag.StorageKeyNotInHTMLTests" name="test_storage_key_not_in_document_detail" time="0.031" /><testcase classname="apps.documents.tests.test_wcag.StorageKeyNotInHTMLTests" name="test_storage_key_not_in_document_list" time="0.032" /><testcase classname="apps.documents.tests.test_wcag.StorageKeyNotInHTMLTests" name="test_storage_key_not_in_upload_form" time="0.034" /><testcase classname="apps.documents.tests.test_wcag.ErrorRoleAlertTests" name="test_upload_form_non_field_error_has_role_alert" time="0.035" /><testcase classname="apps.documents.tests.test_wcag.SkipNavigationTests" name="test_document_detail_has_skip_nav" time="0.032" /><testcase classname="apps.documents.tests.test_wcag.SkipNavigationTests" name="test_document_list_has_skip_nav" time="0.033" /><testcase classname="apps.documents.tests.test_wcag.PaginationAriaTests" name="test_pagination_nav_has_aria_label" time="0.070" /><testcase classname="apps.documents.tests.test_wcag.BreadcrumbAriaTests" name="test_document_detail_breadcrumb_has_aria_label" time="0.033" /><testcase classname="apps.documents.tests.test_wcag.CSRFTokenTests" name="test_upload_form_has_csrf_token" time="0.033" /><testcase classname="apps.documents.tests.test_wcag.CSRFTokenTests" name="test_upload_form_method_is_post" time="0.032" /><testcase classname="apps.documents.tests.test_wcag.TableCaptionTests" name="test_document_list_table_has_caption" time="0.033" /><testcase classname="apps.documents.tests.test_wcag.SectionAriaLabelledByTests" name="test_document_detail_section_aria_labelledby" time="0.031" /><testcase classname="apps.documents.tests.test_wcag.SectionAriaLabelledByTests" name="test_document_list_section_aria_labelledby" time="0.031" /><testcase classname="apps.documents.tests.test_wcag.SectionAriaLabelledByTests" name="test_upload_form_section_aria_labelledby" time="0.033" /><testcase classname="apps.documents.tests.test_wcag.RequiredFieldAriaTests" name="test_required_asterisk_is_aria_hidden" time="0.032" /><testcase classname="apps.documents.tests.test_wcag.RequiredFieldAriaTests" name="test_upload_form_category_is_aria_required" time="0.032" /><testcase classname="apps.documents.tests.test_wcag.AuthRedirectTests" name="test_document_detail_redirects_anon" time="0.010" /><testcase classname="apps.documents.tests.test_wcag.AuthRedirectTests" name="test_document_list_redirects_anon" time="0.005" /><testcase classname="apps.documents.tests.test_wcag.AuthRedirectTests" name="test_upload_form_redirects_anon" time="0.006" /><testcase classname="apps.documents.tests.test_wcag.TimeElementTests" name="test_document_detail_time_has_datetime_attr" time="0.032" /><testcase classname="apps.documents.tests.test_wcag.TimeElementTests" name="test_document_list_time_has_datetime_attr" time="0.032" /><testcase classname="apps.documents.tests.test_integration.FullUploadScanDownloadPipelineTests" name="test_access_token_issued_for_active_document" time="0.353" /><testcase classname="apps.documents.tests.test_integration.FullUploadScanDownloadPipelineTests" name="test_confirm_upload_advances_to_scanning_status" time="0.524" /><testcase classname="apps.documents.tests.test_integration.FullUploadScanDownloadPipelineTests" name="test_confirm_upload_dispatches_scan_on_commit" time="0.309" /><testcase classname="apps.documents.tests.test_integration.FullUploadScanDownloadPipelineTests" name="test_confirm_upload_idor_returns_404_for_wrong_user" time="0.307" /><testcase classname="apps.documents.tests.test_integration.FullUploadScanDownloadPipelineTests" name="test_consume_access_token_returns_document_and_marks_used" time="0.322" /><testcase classname="apps.documents.tests.test_integration.FullUploadScanDownloadPipelineTests" name="test_consumed_token_cannot_be_reused" time="0.323" /><testcase classname="apps.documents.tests.test_integration.FullUploadScanDownloadPipelineTests" name="test_dev_bypass_scan_produces_active_document" time="0.312" /><testcase classname="apps.documents.tests.test_integration.FullUploadScanDownloadPipelineTests" name="test_expired_token_cannot_be_consumed" time="0.319" /><testcase classname="apps.documents.tests.test_integration.FullUploadScanDownloadPipelineTests" name="test_other_user_cannot_consume_foreign_token" time="0.318" /><testcase classname="apps.documents.tests.test_integration.FullUploadScanDownloadPipelineTests" name="test_validate_upload_request_creates_pending_upload_document" time="0.299" /><testcase classname="apps.documents.tests.test_integration.FullUploadScanDownloadPipelineTests" name="test_validate_upload_request_never_returns_storage_key" time="0.300" /><testcase classname="apps.documents.tests.test_services_upload.ConfirmUploadTests" name="test_already_active_returns_doc_without_error" time="0.295" /><testcase classname="apps.documents.tests.test_services_upload.ConfirmUploadTests" name="test_already_scanning_returns_doc_without_error" time="0.296" /><testcase classname="apps.documents.tests.test_services_upload.ConfirmUploadTests" name="test_audit_actor_id_is_user_pk" time="0.301" /><testcase classname="apps.documents.tests.test_services_upload.ConfirmUploadTests" name="test_audit_log_written_with_correct_fields" time="0.300" /><testcase classname="apps.documents.tests.test_services_upload.ConfirmUploadTests" name="test_confirm_does_not_change_security_classification" time="0.303" /><testcase classname="apps.documents.tests.test_services_upload.ConfirmUploadTests" name="test_document_confirmed_signal_no_storage_key_in_kwargs" time="0.301" /><testcase classname="apps.documents.tests.test_services_upload.ConfirmUploadTests" name="test_file_not_found_does_not_advance_status" time="0.295" /><testcase classname="apps.documents.tests.test_services_upload.ConfirmUploadTests" name="test_file_not_found_raises_validation_error" time="0.515" /><testcase classname="apps.documents.tests.test_services_upload.ConfirmUploadTests" name="test_happy_path_dispatches_scan_task" time="0.300" /><testcase classname="apps.documents.tests.test_services_upload.ConfirmUploadTests" name="test_happy_path_fires_document_confirmed_signal" time="0.300" /><testcase classname="apps.documents.tests.test_services_upload.ConfirmUploadTests" name="test_happy_path_sets_scanning_status" time="0.300" /><testcase classname="apps.documents.tests.test_services_upload.ConfirmUploadTests" name="test_idor_wrong_user_returns_404" time="0.295" /><testcase classname="apps.documents.tests.test_services_upload.ConfirmUploadTests" name="test_magic_byte_failure_leaves_status_pending" time="0.300" /><testcase classname="apps.documents.tests.test_services_upload.ConfirmUploadTests" name="test_magic_byte_mismatch_raises" time="0.296" /><testcase classname="apps.documents.tests.test_services_upload.ConfirmUploadTests" name="test_nonexistent_doc_returns_404" time="0.290" /><testcase classname="apps.documents.tests.test_services_upload.ConfirmUploadTests" name="test_pdf_skips_zip_bomb_check" time="0.292" /><testcase classname="apps.documents.tests.test_services_upload.ConfirmUploadTests" name="test_zip_bomb_in_docx_raises" time="0.295" /><testcase classname="apps.documents.tests.test_services_upload.ConfirmUploadTests" name="test_zip_bomb_in_xlsx_raises" time="0.298" /><testcase classname="apps.documents.tests.test_services_upload.ConfirmUploadIdempotencyHighTests" name="test_active_doc_returns_silently" time="0.292" /><testcase classname="apps.documents.tests.test_services_upload.ConfirmUploadIdempotencyHighTests" name="test_deleted_doc_raises_validation_error" time="0.290" /><testcase classname="apps.documents.tests.test_services_upload.ConfirmUploadIdempotencyHighTests" name="test_quarantined_doc_raises_validation_error" time="0.292" /><testcase classname="apps.documents.tests.test_services_upload.ConfirmUploadIdempotencyHighTests" name="test_scanning_doc_returns_silently" time="0.294" /><testcase classname="apps.documents.tests.test_services_upload.AuditWriteFailureTests" name="test_audit_failure_raises" time="0.293" /><testcase classname="apps.documents.tests.test_services_upload.AuditWriteFailureTests" name="test_audit_failure_rolls_back_to_pending_upload" time="0.304" /></testsuite></testsuites>